TpTrace Verbose: 0 : 17168, 1, 2021/11/15, 00:18:39.137, 74430255840, vstest.console.dll, Version: 16.11.0
TpTrace Information: 0 : 17168, 1, 2021/11/15, 00:18:39.168, 74430453595, vstest.console.dll, FilePatternParser: The given file D:\Escritorio\Scheduler\Project\Scheduler\Scheduler.Test\bin\Debug\net5.0\fine-code-coverage\build-output\Scheduler.Test.dll is a full path.
TpTrace Verbose: 0 : 17168, 1, 2021/11/15, 00:18:39.184, 74430620819, vstest.console.dll, TestPluginCache.DiscoverTestExtensions: finding test extensions in assemblies ends with: RuntimeProvider.dll TPluginInfo: Microsoft.VisualStudio.TestPlatform.Common.ExtensionFramework.Utilities.TestRuntimePluginInformation TExtension: Microsoft.VisualStudio.TestPlatform.ObjectModel.Host.ITestRuntimeProvider
TpTrace Verbose: 0 : 17168, 1, 2021/11/15, 00:18:39.186, 74430634587, vstest.console.dll, TestPluginCache.GetExtensionPaths: Filtered extension paths: 
TpTrace Verbose: 0 : 17168, 1, 2021/11/15, 00:18:39.186, 74430636427, vstest.console.dll, TestPluginCache.GetExtensionPaths: Added default extension paths: C:\Program Files\dotnet\sdk\5.0.402\Extensions\Microsoft.Diagnostics.NETCore.Client.dll
C:\Program Files\dotnet\sdk\5.0.402\Extensions\Microsoft.TestPlatform.Extensions.BlameDataCollector.dll
C:\Program Files\dotnet\sdk\5.0.402\Extensions\Microsoft.TestPlatform.Extensions.EventLogCollector.dll
C:\Program Files\dotnet\sdk\5.0.402\Extensions\Microsoft.TestPlatform.TestHostRuntimeProvider.dll
C:\Program Files\dotnet\sdk\5.0.402\Extensions\Microsoft.VisualStudio.TestPlatform.Extensions.Html.TestLogger.dll
C:\Program Files\dotnet\sdk\5.0.402\Extensions\Microsoft.VisualStudio.TestPlatform.Extensions.Trx.TestLogger.dll
TpTrace Verbose: 0 : 17168, 1, 2021/11/15, 00:18:39.186, 74430637294, vstest.console.dll, TestPluginCache.GetExtensionPaths: Added unfilterableExtensionPaths: 
TpTrace Information: 0 : 17168, 1, 2021/11/15, 00:18:39.188, 74430652834, vstest.console.dll, AssemblyResolver.ctor: Creating AssemblyResolver with searchDirectories C:\Program Files\dotnet\sdk\5.0.402\Extensions,C:\Program Files\dotnet\sdk\5.0.402
TpTrace Verbose: 0 : 17168, 1, 2021/11/15, 00:18:39.189, 74430669060, vstest.console.dll, TestPluginCache.DiscoverTestExtensions: Discovering the extensions using extension path.
TpTrace Verbose: 0 : 17168, 1, 2021/11/15, 00:18:39.189, 74430671280, vstest.console.dll, TestPluginCache.GetExtensionPaths: Filtered extension paths: 
TpTrace Verbose: 0 : 17168, 1, 2021/11/15, 00:18:39.190, 74430672162, vstest.console.dll, TestPluginCache.GetExtensionPaths: Added default extension paths: C:\Program Files\dotnet\sdk\5.0.402\Extensions\Microsoft.Diagnostics.NETCore.Client.dll
C:\Program Files\dotnet\sdk\5.0.402\Extensions\Microsoft.TestPlatform.Extensions.BlameDataCollector.dll
C:\Program Files\dotnet\sdk\5.0.402\Extensions\Microsoft.TestPlatform.Extensions.EventLogCollector.dll
C:\Program Files\dotnet\sdk\5.0.402\Extensions\Microsoft.TestPlatform.TestHostRuntimeProvider.dll
C:\Program Files\dotnet\sdk\5.0.402\Extensions\Microsoft.VisualStudio.TestPlatform.Extensions.Html.TestLogger.dll
C:\Program Files\dotnet\sdk\5.0.402\Extensions\Microsoft.VisualStudio.TestPlatform.Extensions.Trx.TestLogger.dll
TpTrace Verbose: 0 : 17168, 1, 2021/11/15, 00:18:39.190, 74430672923, vstest.console.dll, TestPluginCache.GetExtensionPaths: Added unfilterableExtensionPaths: 
TpTrace Verbose: 0 : 17168, 1, 2021/11/15, 00:18:39.190, 74430674711, vstest.console.dll, TestPluginCache.DiscoverTestExtensions: Discovering the extensions using allExtensionPaths: C:\Program Files\dotnet\sdk\5.0.402\Extensions\Microsoft.Diagnostics.NETCore.Client.dll
C:\Program Files\dotnet\sdk\5.0.402\Extensions\Microsoft.TestPlatform.Extensions.BlameDataCollector.dll
C:\Program Files\dotnet\sdk\5.0.402\Extensions\Microsoft.TestPlatform.Extensions.EventLogCollector.dll
C:\Program Files\dotnet\sdk\5.0.402\Extensions\Microsoft.TestPlatform.TestHostRuntimeProvider.dll
C:\Program Files\dotnet\sdk\5.0.402\Extensions\Microsoft.VisualStudio.TestPlatform.Extensions.Html.TestLogger.dll
C:\Program Files\dotnet\sdk\5.0.402\Extensions\Microsoft.VisualStudio.TestPlatform.Extensions.Trx.TestLogger.dll
TpTrace Information: 0 : 17168, 1, 2021/11/15, 00:18:39.191, 74430683419, vstest.console.dll, AssemblyResolver.AddSearchDirectories: Adding more searchDirectories C:\Program Files\dotnet\sdk\5.0.402\Extensions,C:\Program Files\dotnet\sdk\5.0.402
TpTrace Information: 0 : 17168, 1, 2021/11/15, 00:18:39.191, 74430685145, vstest.console.dll, AssemblyResolver.AddSearchDirectories: Adding more searchDirectories C:\Program Files\dotnet\sdk\5.0.402\Extensions,C:\Program Files\dotnet\sdk\5.0.402
TpTrace Information: 0 : 17168, 1, 2021/11/15, 00:18:39.191, 74430686357, vstest.console.dll, AssemblyResolver.AddSearchDirectories: Adding more searchDirectories C:\Program Files\dotnet\sdk\5.0.402\Extensions,C:\Program Files\dotnet\sdk\5.0.402
TpTrace Information: 0 : 17168, 1, 2021/11/15, 00:18:39.191, 74430687520, vstest.console.dll, AssemblyResolver.AddSearchDirectories: Adding more searchDirectories C:\Program Files\dotnet\sdk\5.0.402\Extensions,C:\Program Files\dotnet\sdk\5.0.402
TpTrace Information: 0 : 17168, 1, 2021/11/15, 00:18:39.191, 74430688670, vstest.console.dll, AssemblyResolver.AddSearchDirectories: Adding more searchDirectories C:\Program Files\dotnet\sdk\5.0.402\Extensions,C:\Program Files\dotnet\sdk\5.0.402
TpTrace Information: 0 : 17168, 1, 2021/11/15, 00:18:39.191, 74430689731, vstest.console.dll, AssemblyResolver.AddSearchDirectories: Adding more searchDirectories C:\Program Files\dotnet\sdk\5.0.402\Extensions,C:\Program Files\dotnet\sdk\5.0.402
TpTrace Information: 0 : 17168, 1, 2021/11/15, 00:18:39.193, 74430707503, vstest.console.dll, AssemblyResolver.OnResolve: Microsoft.Diagnostics.NETCore.Client: Resolving assembly.
TpTrace Information: 0 : 17168, 1, 2021/11/15, 00:18:39.193, 74430709377, vstest.console.dll, AssemblyResolver.OnResolve: Microsoft.Diagnostics.NETCore.Client: Searching in: 'C:\Program Files\dotnet\sdk\5.0.402\Extensions'.
TpTrace Information: 0 : 17168, 1, 2021/11/15, 00:18:39.194, 74430716648, vstest.console.dll, AssemblyResolver.OnResolve: Microsoft.Diagnostics.NETCore.Client: Loading assembly 'C:\Program Files\dotnet\sdk\5.0.402\Extensions\Microsoft.Diagnostics.NETCore.Client.dll'.
TpTrace Information: 0 : 17168, 1, 2021/11/15, 00:18:39.196, 74430733386, vstest.console.dll, AssemblyResolver.OnResolve: Resolved assembly: Microsoft.Diagnostics.NETCore.Client, from path: C:\Program Files\dotnet\sdk\5.0.402\Extensions\Microsoft.Diagnostics.NETCore.Client.dll
TpTrace Information: 0 : 17168, 1, 2021/11/15, 00:18:39.203, 74430811735, vstest.console.dll, AssemblyResolver.OnResolve: Microsoft.Bcl.AsyncInterfaces: Resolving assembly.
TpTrace Information: 0 : 17168, 1, 2021/11/15, 00:18:39.204, 74430813535, vstest.console.dll, AssemblyResolver.OnResolve: Microsoft.Bcl.AsyncInterfaces: Searching in: 'C:\Program Files\dotnet\sdk\5.0.402\Extensions'.
TpTrace Information: 0 : 17168, 1, 2021/11/15, 00:18:39.204, 74430815332, vstest.console.dll, AssemblyResolver.OnResolve: Microsoft.Bcl.AsyncInterfaces: Assembly path does not exist: 'C:\Program Files\dotnet\sdk\5.0.402\Extensions\Microsoft.Bcl.AsyncInterfaces.dll', returning.
TpTrace Information: 0 : 17168, 1, 2021/11/15, 00:18:39.204, 74430817680, vstest.console.dll, AssemblyResolver.OnResolve: Microsoft.Bcl.AsyncInterfaces: Assembly path does not exist: 'C:\Program Files\dotnet\sdk\5.0.402\Extensions\Microsoft.Bcl.AsyncInterfaces.exe', returning.
TpTrace Information: 0 : 17168, 1, 2021/11/15, 00:18:39.204, 74430819419, vstest.console.dll, AssemblyResolver.OnResolve: Microsoft.Bcl.AsyncInterfaces: Searching in: 'C:\Program Files\dotnet\sdk\5.0.402'.
TpTrace Information: 0 : 17168, 1, 2021/11/15, 00:18:39.204, 74430820886, vstest.console.dll, AssemblyResolver.OnResolve: Microsoft.Bcl.AsyncInterfaces: Assembly path does not exist: 'C:\Program Files\dotnet\sdk\5.0.402\Microsoft.Bcl.AsyncInterfaces.dll', returning.
TpTrace Information: 0 : 17168, 1, 2021/11/15, 00:18:39.205, 74430822478, vstest.console.dll, AssemblyResolver.OnResolve: Microsoft.Bcl.AsyncInterfaces: Assembly path does not exist: 'C:\Program Files\dotnet\sdk\5.0.402\Microsoft.Bcl.AsyncInterfaces.exe', returning.
TpTrace Information: 0 : 17168, 1, 2021/11/15, 00:18:39.205, 74430824160, vstest.console.dll, AssemblyResolver.OnResolve: Microsoft.Bcl.AsyncInterfaces: Failed to load assembly.
TpTrace Verbose: 0 : 17168, 1, 2021/11/15, 00:18:39.205, 74430825426, vstest.console.dll, CurrentDomainAssemblyResolve: Resolving assembly 'Microsoft.Bcl.AsyncInterfaces'.
TpTrace Information: 0 : 17168, 1, 2021/11/15, 00:18:39.205, 74430827018, vstest.console.dll, AssemblyResolver.OnResolve: Microsoft.Bcl.AsyncInterfaces: Resolving assembly.
TpTrace Information: 0 : 17168, 1, 2021/11/15, 00:18:39.205, 74430827976, vstest.console.dll, AssemblyResolver.OnResolve: Microsoft.Bcl.AsyncInterfaces: Resolved from cache.
TpTrace Verbose: 0 : 17168, 1, 2021/11/15, 00:18:39.205, 74430828820, vstest.console.dll, CurrentDomainAssemblyResolve: Resolving assembly 'Microsoft.Bcl.AsyncInterfaces'.
TpTrace Verbose: 0 : 17168, 1, 2021/11/15, 00:18:39.205, 74430829607, vstest.console.dll, CurrentDomainAssemblyResolve: Failed to resolve assembly 'Microsoft.Bcl.AsyncInterfaces'.
TpTrace Verbose: 0 : 17168, 1, 2021/11/15, 00:18:39.206, 74430839685, vstest.console.dll, CurrentDomainAssemblyResolve: Failed to resolve assembly 'Microsoft.Bcl.AsyncInterfaces'.
TpTrace Warning: 0 : 17168, 1, 2021/11/15, 00:18:39.242, 74431201299, vstest.console.dll, TestPluginDiscoverer: Failed to get types from assembly 'Microsoft.Diagnostics.NETCore.Client, Version=0.2.2.41902, Culture=neutral, PublicKeyToken=31bf3856ad364e35'.  Skipping test extension scan for this assembly.  Error: System.Reflection.ReflectionTypeLoadException: Unable to load one or more of the requested types.
Could not load file or assembly 'Microsoft.Bcl.AsyncInterfaces, Version=1.0.0.0, Culture=neutral, PublicKeyToken=cc7b13ffcd2ddd51'. El sistema no puede encontrar el archivo especificado.
   at System.Reflection.RuntimeModule.GetTypes(RuntimeModule module)
   at System.Reflection.RuntimeModule.GetTypes()
   at System.Reflection.Assembly.GetTypes()
   at Microsoft.VisualStudio.TestPlatform.Common.ExtensionFramework.TestPluginDiscoverer.GetTestExtensionsFromAssembly[TPluginInfo,TExtension](Assembly assembly, Dictionary`2 pluginInfos)
System.IO.FileNotFoundException: Could not load file or assembly 'Microsoft.Bcl.AsyncInterfaces, Version=1.0.0.0, Culture=neutral, PublicKeyToken=cc7b13ffcd2ddd51'. El sistema no puede encontrar el archivo especificado.
File name: 'Microsoft.Bcl.AsyncInterfaces, Version=1.0.0.0, Culture=neutral, PublicKeyToken=cc7b13ffcd2ddd51'
TpTrace Warning: 0 : 17168, 1, 2021/11/15, 00:18:39.243, 74431203128, vstest.console.dll, LoaderExceptions: System.IO.FileNotFoundException: Could not load file or assembly 'Microsoft.Bcl.AsyncInterfaces, Version=1.0.0.0, Culture=neutral, PublicKeyToken=cc7b13ffcd2ddd51'. El sistema no puede encontrar el archivo especificado.
File name: 'Microsoft.Bcl.AsyncInterfaces, Version=1.0.0.0, Culture=neutral, PublicKeyToken=cc7b13ffcd2ddd51'
TpTrace Information: 0 : 17168, 1, 2021/11/15, 00:18:39.243, 74431204927, vstest.console.dll, AssemblyResolver.OnResolve: Microsoft.TestPlatform.Extensions.BlameDataCollector: Resolving assembly.
TpTrace Information: 0 : 17168, 1, 2021/11/15, 00:18:39.243, 74431205754, vstest.console.dll, AssemblyResolver.OnResolve: Microsoft.TestPlatform.Extensions.BlameDataCollector: Searching in: 'C:\Program Files\dotnet\sdk\5.0.402\Extensions'.
TpTrace Information: 0 : 17168, 1, 2021/11/15, 00:18:39.244, 74431212180, vstest.console.dll, AssemblyResolver.OnResolve: Microsoft.TestPlatform.Extensions.BlameDataCollector: Loading assembly 'C:\Program Files\dotnet\sdk\5.0.402\Extensions\Microsoft.TestPlatform.Extensions.BlameDataCollector.dll'.
TpTrace Information: 0 : 17168, 1, 2021/11/15, 00:18:39.245, 74431226148, vstest.console.dll, AssemblyResolver.OnResolve: Resolved assembly: Microsoft.TestPlatform.Extensions.BlameDataCollector, from path: C:\Program Files\dotnet\sdk\5.0.402\Extensions\Microsoft.TestPlatform.Extensions.BlameDataCollector.dll
TpTrace Information: 0 : 17168, 1, 2021/11/15, 00:18:39.247, 74431242101, vstest.console.dll, AssemblyResolver.OnResolve: Microsoft.TestPlatform.Extensions.EventLogCollector: Resolving assembly.
TpTrace Information: 0 : 17168, 1, 2021/11/15, 00:18:39.247, 74431243732, vstest.console.dll, AssemblyResolver.OnResolve: Microsoft.TestPlatform.Extensions.EventLogCollector: Searching in: 'C:\Program Files\dotnet\sdk\5.0.402\Extensions'.
TpTrace Information: 0 : 17168, 1, 2021/11/15, 00:18:39.248, 74431252997, vstest.console.dll, AssemblyResolver.OnResolve: Microsoft.TestPlatform.Extensions.EventLogCollector: Loading assembly 'C:\Program Files\dotnet\sdk\5.0.402\Extensions\Microsoft.TestPlatform.Extensions.EventLogCollector.dll'.
TpTrace Information: 0 : 17168, 1, 2021/11/15, 00:18:39.249, 74431262818, vstest.console.dll, AssemblyResolver.OnResolve: Resolved assembly: Microsoft.TestPlatform.Extensions.EventLogCollector, from path: C:\Program Files\dotnet\sdk\5.0.402\Extensions\Microsoft.TestPlatform.Extensions.EventLogCollector.dll
TpTrace Information: 0 : 17168, 1, 2021/11/15, 00:18:39.252, 74431295101, vstest.console.dll, AssemblyResolver.OnResolve: Microsoft.TestPlatform.TestHostRuntimeProvider: Resolving assembly.
TpTrace Information: 0 : 17168, 1, 2021/11/15, 00:18:39.252, 74431297922, vstest.console.dll, AssemblyResolver.OnResolve: Microsoft.TestPlatform.TestHostRuntimeProvider: Searching in: 'C:\Program Files\dotnet\sdk\5.0.402\Extensions'.
TpTrace Information: 0 : 17168, 1, 2021/11/15, 00:18:39.253, 74431302800, vstest.console.dll, AssemblyResolver.OnResolve: Microsoft.TestPlatform.TestHostRuntimeProvider: Loading assembly 'C:\Program Files\dotnet\sdk\5.0.402\Extensions\Microsoft.TestPlatform.TestHostRuntimeProvider.dll'.
TpTrace Information: 0 : 17168, 1, 2021/11/15, 00:18:39.254, 74431312887, vstest.console.dll, AssemblyResolver.OnResolve: Resolved assembly: Microsoft.TestPlatform.TestHostRuntimeProvider, from path: C:\Program Files\dotnet\sdk\5.0.402\Extensions\Microsoft.TestPlatform.TestHostRuntimeProvider.dll
TpTrace Information: 0 : 17168, 1, 2021/11/15, 00:18:39.258, 74431358333, vstest.console.dll, AssemblyResolver.OnResolve: Microsoft.VisualStudio.TestPlatform.Extensions.Html.TestLogger: Resolving assembly.
TpTrace Information: 0 : 17168, 1, 2021/11/15, 00:18:39.258, 74431360897, vstest.console.dll, AssemblyResolver.OnResolve: Microsoft.VisualStudio.TestPlatform.Extensions.Html.TestLogger: Searching in: 'C:\Program Files\dotnet\sdk\5.0.402\Extensions'.
TpTrace Information: 0 : 17168, 1, 2021/11/15, 00:18:39.259, 74431371096, vstest.console.dll, AssemblyResolver.OnResolve: Microsoft.VisualStudio.TestPlatform.Extensions.Html.TestLogger: Loading assembly 'C:\Program Files\dotnet\sdk\5.0.402\Extensions\Microsoft.VisualStudio.TestPlatform.Extensions.Html.TestLogger.dll'.
TpTrace Information: 0 : 17168, 1, 2021/11/15, 00:18:39.260, 74431379545, vstest.console.dll, AssemblyResolver.OnResolve: Resolved assembly: Microsoft.VisualStudio.TestPlatform.Extensions.Html.TestLogger, from path: C:\Program Files\dotnet\sdk\5.0.402\Extensions\Microsoft.VisualStudio.TestPlatform.Extensions.Html.TestLogger.dll
TpTrace Information: 0 : 17168, 1, 2021/11/15, 00:18:39.261, 74431385875, vstest.console.dll, AssemblyResolver.OnResolve: Microsoft.VisualStudio.TestPlatform.Extensions.Trx.TestLogger: Resolving assembly.
TpTrace Information: 0 : 17168, 1, 2021/11/15, 00:18:39.261, 74431387138, vstest.console.dll, AssemblyResolver.OnResolve: Microsoft.VisualStudio.TestPlatform.Extensions.Trx.TestLogger: Searching in: 'C:\Program Files\dotnet\sdk\5.0.402\Extensions'.
TpTrace Information: 0 : 17168, 1, 2021/11/15, 00:18:39.262, 74431391978, vstest.console.dll, AssemblyResolver.OnResolve: Microsoft.VisualStudio.TestPlatform.Extensions.Trx.TestLogger: Loading assembly 'C:\Program Files\dotnet\sdk\5.0.402\Extensions\Microsoft.VisualStudio.TestPlatform.Extensions.Trx.TestLogger.dll'.
TpTrace Information: 0 : 17168, 1, 2021/11/15, 00:18:39.263, 74431402511, vstest.console.dll, AssemblyResolver.OnResolve: Resolved assembly: Microsoft.VisualStudio.TestPlatform.Extensions.Trx.TestLogger, from path: C:\Program Files\dotnet\sdk\5.0.402\Extensions\Microsoft.VisualStudio.TestPlatform.Extensions.Trx.TestLogger.dll
TpTrace Verbose: 0 : 17168, 1, 2021/11/15, 00:18:39.264, 74431416297, vstest.console.dll, TestPluginCache: Discovered the extensions using extension path ''.
TpTrace Verbose: 0 : 17168, 1, 2021/11/15, 00:18:39.264, 74431417925, vstest.console.dll, TestPluginCache: Discoverers are ''.
TpTrace Verbose: 0 : 17168, 1, 2021/11/15, 00:18:39.264, 74431418738, vstest.console.dll, TestPluginCache: Executors are ''.
TpTrace Verbose: 0 : 17168, 1, 2021/11/15, 00:18:39.264, 74431419389, vstest.console.dll, TestPluginCache: Executors2 are ''.
TpTrace Verbose: 0 : 17168, 1, 2021/11/15, 00:18:39.264, 74431420022, vstest.console.dll, TestPluginCache: Setting providers are ''.
TpTrace Verbose: 0 : 17168, 1, 2021/11/15, 00:18:39.264, 74431420761, vstest.console.dll, TestPluginCache: Loggers are ''.
TpTrace Information: 0 : 17168, 1, 2021/11/15, 00:18:39.280, 74431578721, vstest.console.dll, RunTestsArgumentProcessor:Execute: Test run is starting.
TpTrace Verbose: 0 : 17168, 1, 2021/11/15, 00:18:39.280, 74431581476, vstest.console.dll, RunTestsArgumentProcessor:Execute: Queuing Test run.
TpTrace Information: 0 : 17168, 1, 2021/11/15, 00:18:39.281, 74431586750, vstest.console.dll, TestRequestManager.RunTests: run tests started.
TpTrace Information: 0 : 17168, 1, 2021/11/15, 00:18:39.318, 74431954417, vstest.console.dll, AssemblyMetadataProvider.GetFrameWork: Determined framework:'.NETCoreApp,Version=v5.0' for source: 'D:\Escritorio\Scheduler\Project\Scheduler\Scheduler.Test\bin\Debug\net5.0\fine-code-coverage\build-output\Scheduler.Test.dll'
TpTrace Information: 0 : 17168, 1, 2021/11/15, 00:18:39.318, 74431960688, vstest.console.dll, Determined framework for all sources: .NETCoreApp,Version=v5.0
TpTrace Information: 0 : 17168, 1, 2021/11/15, 00:18:39.319, 74431971632, vstest.console.dll, AssemblyMetadataProvider.GetArchitecture: Determined architecture:AnyCPU info for assembly: D:\Escritorio\Scheduler\Project\Scheduler\Scheduler.Test\bin\Debug\net5.0\fine-code-coverage\build-output\Scheduler.Test.dll
TpTrace Information: 0 : 17168, 1, 2021/11/15, 00:18:39.324, 74432017580, vstest.console.dll, Determined platform for all sources: X64
TpTrace Information: 0 : 17168, 1, 2021/11/15, 00:18:39.332, 74432097675, vstest.console.dll, Compatible sources list : 
TpTrace Information: 0 : 17168, 1, 2021/11/15, 00:18:39.332, 74432101119, vstest.console.dll, D:\Escritorio\Scheduler\Project\Scheduler\Scheduler.Test\bin\Debug\net5.0\fine-code-coverage\build-output\Scheduler.Test.dll
TpTrace Information: 0 : 17168, 1, 2021/11/15, 00:18:39.340, 74432176109, vstest.console.dll, InferRunSettingsHelper.IsTestSettingsEnabled: Unable to navigate to RunSettings/MSTest. Current node: RunSettings
TpTrace Information: 0 : 17168, 1, 2021/11/15, 00:18:39.342, 74432198365, vstest.console.dll, AssemblyResolver.OnResolve: Microsoft.VisualStudio.TestPlatform.Fakes: Resolving assembly.
TpTrace Information: 0 : 17168, 1, 2021/11/15, 00:18:39.342, 74432201163, vstest.console.dll, AssemblyResolver.OnResolve: Microsoft.VisualStudio.TestPlatform.Fakes: Searching in: 'C:\Program Files\dotnet\sdk\5.0.402\Extensions'.
TpTrace Information: 0 : 17168, 1, 2021/11/15, 00:18:39.343, 74432203857, vstest.console.dll, AssemblyResolver.OnResolve: Microsoft.VisualStudio.TestPlatform.Fakes: Assembly path does not exist: 'C:\Program Files\dotnet\sdk\5.0.402\Extensions\Microsoft.VisualStudio.TestPlatform.Fakes.dll', returning.
TpTrace Information: 0 : 17168, 1, 2021/11/15, 00:18:39.343, 74432206455, vstest.console.dll, AssemblyResolver.OnResolve: Microsoft.VisualStudio.TestPlatform.Fakes: Assembly path does not exist: 'C:\Program Files\dotnet\sdk\5.0.402\Extensions\Microsoft.VisualStudio.TestPlatform.Fakes.exe', returning.
TpTrace Information: 0 : 17168, 1, 2021/11/15, 00:18:39.343, 74432208196, vstest.console.dll, AssemblyResolver.OnResolve: Microsoft.VisualStudio.TestPlatform.Fakes: Searching in: 'C:\Program Files\dotnet\sdk\5.0.402'.
TpTrace Information: 0 : 17168, 1, 2021/11/15, 00:18:39.344, 74432212600, vstest.console.dll, AssemblyResolver.OnResolve: Microsoft.VisualStudio.TestPlatform.Fakes: Assembly path does not exist: 'C:\Program Files\dotnet\sdk\5.0.402\Microsoft.VisualStudio.TestPlatform.Fakes.dll', returning.
TpTrace Information: 0 : 17168, 1, 2021/11/15, 00:18:39.344, 74432214236, vstest.console.dll, AssemblyResolver.OnResolve: Microsoft.VisualStudio.TestPlatform.Fakes: Assembly path does not exist: 'C:\Program Files\dotnet\sdk\5.0.402\Microsoft.VisualStudio.TestPlatform.Fakes.exe', returning.
TpTrace Information: 0 : 17168, 1, 2021/11/15, 00:18:39.344, 74432214979, vstest.console.dll, AssemblyResolver.OnResolve: Microsoft.VisualStudio.TestPlatform.Fakes: Failed to load assembly.
TpTrace Information: 0 : 17168, 1, 2021/11/15, 00:18:39.345, 74432226113, vstest.console.dll, Failed to create newly implemented Fakes Configurator. Reason:System.IO.FileNotFoundException: Could not load file or assembly 'Microsoft.VisualStudio.TestPlatform.Fakes, Version=16.0.0.0, Culture=neutral, PublicKeyToken=null'. El sistema no puede encontrar el archivo especificado.
File name: 'Microsoft.VisualStudio.TestPlatform.Fakes, Version=16.0.0.0, Culture=neutral, PublicKeyToken=null'
   at System.Reflection.RuntimeAssembly.InternalLoad(ObjectHandleOnStack assemblyName, ObjectHandleOnStack requestingAssembly, StackCrawlMarkHandle stackMark, Boolean throwOnFileNotFound, ObjectHandleOnStack assemblyLoadContext, ObjectHandleOnStack retAssembly)
   at System.Reflection.RuntimeAssembly.InternalLoad(AssemblyName assemblyName, RuntimeAssembly requestingAssembly, StackCrawlMark& stackMark, Boolean throwOnFileNotFound, AssemblyLoadContext assemblyLoadContext)
   at System.Reflection.Assembly.Load(AssemblyName assemblyRef)
   at Microsoft.VisualStudio.TestPlatform.Common.Utilities.FakesUtilities.TryGetFakesCrossPlatformDataCollectorConfigurator() 
TpTrace Verbose: 0 : 17168, 1, 2021/11/15, 00:18:39.359, 74432369744, vstest.console.dll, TestPluginCache.DiscoverTestExtensions: finding test extensions in assemblies ends with: TestLogger.dll TPluginInfo: Microsoft.VisualStudio.TestPlatform.Common.ExtensionFramework.Utilities.TestLoggerPluginInformation TExtension: Microsoft.VisualStudio.TestPlatform.ObjectModel.Client.ITestLogger
TpTrace Verbose: 0 : 17168, 1, 2021/11/15, 00:18:39.359, 74432371708, vstest.console.dll, TestPluginCache.GetExtensionPaths: Filtered extension paths: 
TpTrace Verbose: 0 : 17168, 1, 2021/11/15, 00:18:39.360, 74432372821, vstest.console.dll, TestPluginCache.GetExtensionPaths: Added default extension paths: C:\Program Files\dotnet\sdk\5.0.402\Extensions\Microsoft.Diagnostics.NETCore.Client.dll
C:\Program Files\dotnet\sdk\5.0.402\Extensions\Microsoft.TestPlatform.Extensions.BlameDataCollector.dll
C:\Program Files\dotnet\sdk\5.0.402\Extensions\Microsoft.TestPlatform.Extensions.EventLogCollector.dll
C:\Program Files\dotnet\sdk\5.0.402\Extensions\Microsoft.TestPlatform.TestHostRuntimeProvider.dll
C:\Program Files\dotnet\sdk\5.0.402\Extensions\Microsoft.VisualStudio.TestPlatform.Extensions.Html.TestLogger.dll
C:\Program Files\dotnet\sdk\5.0.402\Extensions\Microsoft.VisualStudio.TestPlatform.Extensions.Trx.TestLogger.dll
TpTrace Verbose: 0 : 17168, 1, 2021/11/15, 00:18:39.360, 74432373852, vstest.console.dll, TestPluginCache.GetExtensionPaths: Added unfilterableExtensionPaths: 
TpTrace Information: 0 : 17168, 1, 2021/11/15, 00:18:39.360, 74432376755, vstest.console.dll, AssemblyResolver.AddSearchDirectories: Adding more searchDirectories C:\Program Files\dotnet\sdk\5.0.402\Extensions,C:\Program Files\dotnet\sdk\5.0.402
TpTrace Verbose: 0 : 17168, 1, 2021/11/15, 00:18:39.360, 74432377924, vstest.console.dll, TestPluginCache.DiscoverTestExtensions: Discovering the extensions using extension path.
TpTrace Verbose: 0 : 17168, 1, 2021/11/15, 00:18:39.360, 74432378707, vstest.console.dll, TestPluginCache.GetExtensionPaths: Filtered extension paths: 
TpTrace Verbose: 0 : 17168, 1, 2021/11/15, 00:18:39.360, 74432379696, vstest.console.dll, TestPluginCache.GetExtensionPaths: Added default extension paths: C:\Program Files\dotnet\sdk\5.0.402\Extensions\Microsoft.Diagnostics.NETCore.Client.dll
C:\Program Files\dotnet\sdk\5.0.402\Extensions\Microsoft.TestPlatform.Extensions.BlameDataCollector.dll
C:\Program Files\dotnet\sdk\5.0.402\Extensions\Microsoft.TestPlatform.Extensions.EventLogCollector.dll
C:\Program Files\dotnet\sdk\5.0.402\Extensions\Microsoft.TestPlatform.TestHostRuntimeProvider.dll
C:\Program Files\dotnet\sdk\5.0.402\Extensions\Microsoft.VisualStudio.TestPlatform.Extensions.Html.TestLogger.dll
C:\Program Files\dotnet\sdk\5.0.402\Extensions\Microsoft.VisualStudio.TestPlatform.Extensions.Trx.TestLogger.dll
TpTrace Verbose: 0 : 17168, 1, 2021/11/15, 00:18:39.360, 74432380962, vstest.console.dll, TestPluginCache.GetExtensionPaths: Added unfilterableExtensionPaths: 
TpTrace Verbose: 0 : 17168, 1, 2021/11/15, 00:18:39.361, 74432382119, vstest.console.dll, TestPluginCache.DiscoverTestExtensions: Discovering the extensions using allExtensionPaths: C:\Program Files\dotnet\sdk\5.0.402\Extensions\Microsoft.Diagnostics.NETCore.Client.dll
C:\Program Files\dotnet\sdk\5.0.402\Extensions\Microsoft.TestPlatform.Extensions.BlameDataCollector.dll
C:\Program Files\dotnet\sdk\5.0.402\Extensions\Microsoft.TestPlatform.Extensions.EventLogCollector.dll
C:\Program Files\dotnet\sdk\5.0.402\Extensions\Microsoft.TestPlatform.TestHostRuntimeProvider.dll
C:\Program Files\dotnet\sdk\5.0.402\Extensions\Microsoft.VisualStudio.TestPlatform.Extensions.Html.TestLogger.dll
C:\Program Files\dotnet\sdk\5.0.402\Extensions\Microsoft.VisualStudio.TestPlatform.Extensions.Trx.TestLogger.dll
TpTrace Information: 0 : 17168, 1, 2021/11/15, 00:18:39.361, 74432383645, vstest.console.dll, AssemblyResolver.AddSearchDirectories: Adding more searchDirectories C:\Program Files\dotnet\sdk\5.0.402\Extensions,C:\Program Files\dotnet\sdk\5.0.402
TpTrace Information: 0 : 17168, 1, 2021/11/15, 00:18:39.361, 74432384518, vstest.console.dll, AssemblyResolver.AddSearchDirectories: Adding more searchDirectories C:\Program Files\dotnet\sdk\5.0.402\Extensions,C:\Program Files\dotnet\sdk\5.0.402
TpTrace Information: 0 : 17168, 1, 2021/11/15, 00:18:39.361, 74432385214, vstest.console.dll, AssemblyResolver.AddSearchDirectories: Adding more searchDirectories C:\Program Files\dotnet\sdk\5.0.402\Extensions,C:\Program Files\dotnet\sdk\5.0.402
TpTrace Information: 0 : 17168, 1, 2021/11/15, 00:18:39.361, 74432386058, vstest.console.dll, AssemblyResolver.AddSearchDirectories: Adding more searchDirectories C:\Program Files\dotnet\sdk\5.0.402\Extensions,C:\Program Files\dotnet\sdk\5.0.402
TpTrace Information: 0 : 17168, 1, 2021/11/15, 00:18:39.361, 74432386953, vstest.console.dll, AssemblyResolver.AddSearchDirectories: Adding more searchDirectories C:\Program Files\dotnet\sdk\5.0.402\Extensions,C:\Program Files\dotnet\sdk\5.0.402
TpTrace Information: 0 : 17168, 1, 2021/11/15, 00:18:39.361, 74432387757, vstest.console.dll, AssemblyResolver.AddSearchDirectories: Adding more searchDirectories C:\Program Files\dotnet\sdk\5.0.402\Extensions,C:\Program Files\dotnet\sdk\5.0.402
TpTrace Information: 0 : 17168, 1, 2021/11/15, 00:18:39.362, 74432392828, vstest.console.dll, AssemblyResolver.OnResolve: Microsoft.Bcl.AsyncInterfaces: Resolving assembly.
TpTrace Information: 0 : 17168, 1, 2021/11/15, 00:18:39.362, 74432394110, vstest.console.dll, AssemblyResolver.OnResolve: Microsoft.Bcl.AsyncInterfaces: Resolved from cache.
TpTrace Verbose: 0 : 17168, 1, 2021/11/15, 00:18:39.362, 74432395165, vstest.console.dll, CurrentDomainAssemblyResolve: Resolving assembly 'Microsoft.Bcl.AsyncInterfaces'.
TpTrace Information: 0 : 17168, 1, 2021/11/15, 00:18:39.362, 74432396858, vstest.console.dll, AssemblyResolver.OnResolve: Microsoft.Bcl.AsyncInterfaces: Resolving assembly.
TpTrace Information: 0 : 17168, 1, 2021/11/15, 00:18:39.362, 74432398329, vstest.console.dll, AssemblyResolver.OnResolve: Microsoft.Bcl.AsyncInterfaces: Resolved from cache.
TpTrace Verbose: 0 : 17168, 1, 2021/11/15, 00:18:39.362, 74432399340, vstest.console.dll, CurrentDomainAssemblyResolve: Resolving assembly 'Microsoft.Bcl.AsyncInterfaces'.
TpTrace Verbose: 0 : 17168, 1, 2021/11/15, 00:18:39.362, 74432400125, vstest.console.dll, CurrentDomainAssemblyResolve: Failed to resolve assembly 'Microsoft.Bcl.AsyncInterfaces'.
TpTrace Verbose: 0 : 17168, 1, 2021/11/15, 00:18:39.363, 74432403875, vstest.console.dll, CurrentDomainAssemblyResolve: Failed to resolve assembly 'Microsoft.Bcl.AsyncInterfaces'.
TpTrace Warning: 0 : 17168, 1, 2021/11/15, 00:18:39.363, 74432411497, vstest.console.dll, TestPluginDiscoverer: Failed to get types from assembly 'Microsoft.Diagnostics.NETCore.Client, Version=0.2.2.41902, Culture=neutral, PublicKeyToken=31bf3856ad364e35'.  Skipping test extension scan for this assembly.  Error: System.Reflection.ReflectionTypeLoadException: Unable to load one or more of the requested types.
Could not load file or assembly 'Microsoft.Bcl.AsyncInterfaces, Version=1.0.0.0, Culture=neutral, PublicKeyToken=cc7b13ffcd2ddd51'. El sistema no puede encontrar el archivo especificado.
   at System.Reflection.RuntimeModule.GetTypes(RuntimeModule module)
   at System.Reflection.RuntimeModule.GetTypes()
   at System.Reflection.Assembly.GetTypes()
   at Microsoft.VisualStudio.TestPlatform.Common.ExtensionFramework.TestPluginDiscoverer.GetTestExtensionsFromAssembly[TPluginInfo,TExtension](Assembly assembly, Dictionary`2 pluginInfos)
System.IO.FileNotFoundException: Could not load file or assembly 'Microsoft.Bcl.AsyncInterfaces, Version=1.0.0.0, Culture=neutral, PublicKeyToken=cc7b13ffcd2ddd51'. El sistema no puede encontrar el archivo especificado.
File name: 'Microsoft.Bcl.AsyncInterfaces, Version=1.0.0.0, Culture=neutral, PublicKeyToken=cc7b13ffcd2ddd51'
TpTrace Warning: 0 : 17168, 1, 2021/11/15, 00:18:39.364, 74432413025, vstest.console.dll, LoaderExceptions: System.IO.FileNotFoundException: Could not load file or assembly 'Microsoft.Bcl.AsyncInterfaces, Version=1.0.0.0, Culture=neutral, PublicKeyToken=cc7b13ffcd2ddd51'. El sistema no puede encontrar el archivo especificado.
File name: 'Microsoft.Bcl.AsyncInterfaces, Version=1.0.0.0, Culture=neutral, PublicKeyToken=cc7b13ffcd2ddd51'
TpTrace Verbose: 0 : 17168, 1, 2021/11/15, 00:18:39.364, 74432420831, vstest.console.dll, TestPluginCache: Discovered the extensions using extension path ''.
TpTrace Verbose: 0 : 17168, 1, 2021/11/15, 00:18:39.365, 74432422035, vstest.console.dll, TestPluginCache: Discoverers are ''.
TpTrace Verbose: 0 : 17168, 1, 2021/11/15, 00:18:39.365, 74432422892, vstest.console.dll, TestPluginCache: Executors are ''.
TpTrace Verbose: 0 : 17168, 1, 2021/11/15, 00:18:39.365, 74432423807, vstest.console.dll, TestPluginCache: Executors2 are ''.
TpTrace Verbose: 0 : 17168, 1, 2021/11/15, 00:18:39.365, 74432424646, vstest.console.dll, TestPluginCache: Setting providers are ''.
TpTrace Verbose: 0 : 17168, 1, 2021/11/15, 00:18:39.365, 74432426709, vstest.console.dll, TestPluginCache: Loggers are 'logger://Microsoft/TestPlatform/Extensions/Blame/v1,logger://Microsoft/TestPlatform/HtmlLogger/v1,logger://Microsoft/TestPlatform/TrxLogger/v1'.
TpTrace Information: 0 : 17168, 1, 2021/11/15, 00:18:39.367, 74432442748, vstest.console.dll, TestPluginManager.CreateTestExtension: Attempting to load test extension: Microsoft.TestPlatform.Extensions.BlameDataCollector.BlameLogger
TpTrace Information: 0 : 17168, 1, 2021/11/15, 00:18:39.387, 74432646600, vstest.console.dll, TestPluginManager.CreateTestExtension: Attempting to load test extension: Microsoft.VisualStudio.TestPlatform.CrossPlatEngine.Hosting.DefaultTestHostManager
TpTrace Information: 0 : 17168, 1, 2021/11/15, 00:18:39.387, 74432651242, vstest.console.dll, TestPluginManager.CreateTestExtension: Attempting to load test extension: Microsoft.VisualStudio.TestPlatform.CrossPlatEngine.Hosting.DotnetTestHostManager
TpTrace Verbose: 0 : 17168, 1, 2021/11/15, 00:18:39.389, 74432662806, vstest.console.dll, TestEngine: Initializing Parallel Execution as MaxCpuCount is set to: 1
TpTrace Information: 0 : 17168, 1, 2021/11/15, 00:18:39.390, 74432673022, vstest.console.dll, InferRunSettingsHelper.IsTestSettingsEnabled: Unable to navigate to RunSettings/MSTest. Current node: RunSettings
TpTrace Verbose: 0 : 17168, 1, 2021/11/15, 00:18:39.437, 74433149419, vstest.console.dll, TestRequestSender is acting as server
TpTrace Verbose: 0 : 17168, 4, 2021/11/15, 00:18:39.448, 74433254766, vstest.console.dll, DataCollectionRequestSender.InitializeCommunication : Initialize communication. 
TpTrace Information: 0 : 17168, 4, 2021/11/15, 00:18:39.478, 74433558888, vstest.console.dll, Listening on Endpoint : 127.0.0.1:51212
TpTrace Verbose: 0 : 17168, 4, 2021/11/15, 00:18:39.512, 74433892740, vstest.console.dll, DotnetDataCollectionLauncher: Full path of dotnet.exe is C:\Program Files\dotnet\dotnet.exe
TpTrace Verbose: 0 : 17168, 4, 2021/11/15, 00:18:39.512, 74433895466, vstest.console.dll, DotnetDataCollectionLauncher: Adding  --runtimeconfig "C:\Program Files\dotnet\sdk\5.0.402\datacollector.runtimeconfig.json" in args
TpTrace Verbose: 0 : 17168, 4, 2021/11/15, 00:18:39.512, 74433897133, vstest.console.dll, DotnetDataCollectionLauncher: Adding  --depsfile "C:\Program Files\dotnet\sdk\5.0.402\datacollector.deps.json" in args
TpTrace Information: 0 : 17168, 4, 2021/11/15, 00:18:39.546, 74434241145, vstest.console.dll, ProxyDataCollectionManager.Initialize: Launched datacollector processId: 9924 port: 51212
TpTrace Information: 0 : 17168, 4, 2021/11/15, 00:18:39.547, 74434243558, vstest.console.dll, ProxyDataCollectionManager.Initialize: waiting for connection with timeout: 90 seconds
TpTrace Verbose: 0 : 17168, 4, 2021/11/15, 00:18:39.547, 74434244682, vstest.console.dll, DataCollectionRequestSender.WaitForRequestHandlerConnection : Waiting for connection with timeout: 90000
TpTrace Information: 0 : 17168, 7, 2021/11/15, 00:18:39.903, 74437809422, vstest.console.dll, Using the buffer size of 16384 bytes
TpTrace Verbose: 0 : 17168, 4, 2021/11/15, 00:18:39.903, 74437810089, vstest.console.dll, ProxyDataCollectionManager.InvokeDataCollectionServiceAction: Starting.
TpTrace Information: 0 : 17168, 7, 2021/11/15, 00:18:39.903, 74437811873, vstest.console.dll, Accepted Client request and set the flag
TpTrace Information: 0 : 17168, 4, 2021/11/15, 00:18:39.904, 74437812391, vstest.console.dll, ProxyDataCollectionManager.BeforeTestRunStart: Get environment variable and port for datacollector processId: 9924 port: 51212
TpTrace Verbose: 0 : 17168, 4, 2021/11/15, 00:18:39.904, 74437815079, vstest.console.dll, DataCollectionRequestSender.SendBeforeTestRunStartAndGetResult : Send BeforeTestRunStart message with settingsXml <RunSettings><RunConfiguration><ResultsDirectory>D:\Escritorio\Scheduler\Project\Scheduler\Scheduler.Test\bin\Debug\net5.0\fine-code-coverage\coverage-tool-output</ResultsDirectory><TargetPlatform>X64</TargetPlatform><TargetFrameworkVersion>.NETCoreApp,Version=v5.0</TargetFrameworkVersion><DesignMode>False</DesignMode><CollectSourceInformation>False</CollectSourceInformation><TestAdaptersPaths>C:\Program Files\dotnet\sdk\5.0.402\Extensions</TestAdaptersPaths></RunConfiguration><LoggerRunSettings><Loggers><Logger friendlyName="blame" enabled="True" /><Logger friendlyName="Console" uri="logger://microsoft/TestPlatform/ConsoleLogger/v1" assemblyQualifiedName="Microsoft.VisualStudio.TestPlatform.CommandLine.Internal.ConsoleLogger, vstest.console, Version=15.0.0.0, Culture=neutral, PublicKeyToken=b03f5f7f11d50a3a" codeBase="C:\Program Files\dotnet\sdk\5.0.402\vstest.console.dll" enabled="True" /></Loggers></LoggerRunSettings><DataCollectionRunSettings><DataCollectors><DataCollector friendlyName="blame" enabled="True"><Configuration><ResultsDirectory>D:\Escritorio\Scheduler\Project\Scheduler\Scheduler.Test\bin\Debug\net5.0\fine-code-coverage\coverage-tool-output</ResultsDirectory></Configuration></DataCollector></DataCollectors></DataCollectionRunSettings></RunSettings> and sources System.Linq.Enumerable+Concat2Iterator`1[System.String]: 
TpTrace Verbose: 0 : 17168, 4, 2021/11/15, 00:18:40.092, 74439700862, vstest.console.dll, DataCollectionRequestSender.SendBeforeTestRunStartAndGetResult : Received message: (DataCollection.SendMessage) -> {
  "FriendlyName": null,
  "Uri": null,
  "TestCaseId": "00000000-0000-0000-0000-000000000000",
  "Message": "Logging DataCollector Diagnostics in file: D:\\Escritorio\\Scheduler\\Project\\Scheduler\\Scheduler.Test\\bin\\Debug\\net5.0\\fine-code-coverage\\coverage-tool-output\\diagnostics.datacollector.21-11-15_00-18-39_49817_4.log",
  "Level": 0
}
TpTrace Information: 0 : 17168, 4, 2021/11/15, 00:18:40.104, 74439819088, vstest.console.dll, AssemblyResolver.OnResolve: Microsoft.VisualStudio.TestPlatform.Common.resources: Resolving assembly.
TpTrace Information: 0 : 17168, 4, 2021/11/15, 00:18:40.104, 74439820735, vstest.console.dll, AssemblyResolver.OnResolve: Microsoft.VisualStudio.TestPlatform.Common.resources: Searching in: 'C:\Program Files\dotnet\sdk\5.0.402\Extensions'.
TpTrace Information: 0 : 17168, 4, 2021/11/15, 00:18:40.105, 74439822600, vstest.console.dll, AssemblyResolver.OnResolve: Microsoft.VisualStudio.TestPlatform.Common.resources: Assembly path does not exist: 'C:\Program Files\dotnet\sdk\5.0.402\Extensions\Microsoft.VisualStudio.TestPlatform.Common.resources.dll', returning.
TpTrace Information: 0 : 17168, 4, 2021/11/15, 00:18:40.105, 74439824306, vstest.console.dll, AssemblyResolver.OnResolve: Microsoft.VisualStudio.TestPlatform.Common.resources: Assembly path does not exist: 'C:\Program Files\dotnet\sdk\5.0.402\Extensions\Microsoft.VisualStudio.TestPlatform.Common.resources.exe', returning.
TpTrace Information: 0 : 17168, 4, 2021/11/15, 00:18:40.105, 74439825201, vstest.console.dll, AssemblyResolver.OnResolve: Microsoft.VisualStudio.TestPlatform.Common.resources: Searching in: 'C:\Program Files\dotnet\sdk\5.0.402'.
TpTrace Information: 0 : 17168, 4, 2021/11/15, 00:18:40.105, 74439826759, vstest.console.dll, AssemblyResolver.OnResolve: Microsoft.VisualStudio.TestPlatform.Common.resources: Assembly path does not exist: 'C:\Program Files\dotnet\sdk\5.0.402\Microsoft.VisualStudio.TestPlatform.Common.resources.dll', returning.
TpTrace Information: 0 : 17168, 4, 2021/11/15, 00:18:40.105, 74439828318, vstest.console.dll, AssemblyResolver.OnResolve: Microsoft.VisualStudio.TestPlatform.Common.resources: Assembly path does not exist: 'C:\Program Files\dotnet\sdk\5.0.402\Microsoft.VisualStudio.TestPlatform.Common.resources.exe', returning.
TpTrace Information: 0 : 17168, 4, 2021/11/15, 00:18:40.105, 74439829180, vstest.console.dll, AssemblyResolver.OnResolve: Microsoft.VisualStudio.TestPlatform.Common.resources: Failed to load assembly.
TpTrace Verbose: 0 : 17168, 4, 2021/11/15, 00:18:40.277, 74441546320, vstest.console.dll, DataCollectionRequestSender.SendBeforeTestRunStartAndGetResult : Received message: (DataCollection.BeforeTestRunStartResult) -> {
  "EnvironmentVariables": {},
  "DataCollectionEventsPort": 51214
}
TpTrace Information: 0 : 17168, 4, 2021/11/15, 00:18:40.284, 74441620626, vstest.console.dll, ProxyDataCollectionManager.BeforeTestRunStart: SendBeforeTestRunStartAndGetResult successful, env variable from datacollector:   and testhost port: 51214
TpTrace Information: 0 : 17168, 4, 2021/11/15, 00:18:40.285, 74441622416, vstest.console.dll, ProxyDataCollectionManager.InvokeDataCollectionServiceAction: Completed.
TpTrace Verbose: 0 : 17168, 1, 2021/11/15, 00:18:40.285, 74441624598, vstest.console.dll, TestRunRequest.ExecuteAsync: Creating test run request.
TpTrace Verbose: 0 : 17168, 1, 2021/11/15, 00:18:40.285, 74441629134, vstest.console.dll, TestRunRequest.ExecuteAsync: Starting.
TpTrace Information: 0 : 17168, 1, 2021/11/15, 00:18:40.286, 74441633922, vstest.console.dll, TestRunRequest.ExecuteAsync: Starting run with settings:TestRunCriteria:
   KeepAlive=False,FrequencyOfRunStatsChangeEvent=10,RunStatsChangeEventTimeout=00:00:01.5000000,TestCaseFilter=,TestExecutorLauncher=
   Settingsxml=<RunSettings>
  <RunConfiguration>
    <ResultsDirectory>D:\Escritorio\Scheduler\Project\Scheduler\Scheduler.Test\bin\Debug\net5.0\fine-code-coverage\coverage-tool-output</ResultsDirectory>
    <TargetPlatform>X64</TargetPlatform>
    <TargetFrameworkVersion>.NETCoreApp,Version=v5.0</TargetFrameworkVersion>
    <DesignMode>False</DesignMode>
    <CollectSourceInformation>False</CollectSourceInformation>
  </RunConfiguration>
  <LoggerRunSettings>
    <Loggers>
      <Logger friendlyName="blame" enabled="True" />
      <Logger friendlyName="Console" uri="logger://microsoft/TestPlatform/ConsoleLogger/v1" assemblyQualifiedName="Microsoft.VisualStudio.TestPlatform.CommandLine.Internal.ConsoleLogger, vstest.console, Version=15.0.0.0, Culture=neutral, PublicKeyToken=b03f5f7f11d50a3a" codeBase="C:\Program Files\dotnet\sdk\5.0.402\vstest.console.dll" enabled="True" />
    </Loggers>
  </LoggerRunSettings>
  <DataCollectionRunSettings>
    <DataCollectors>
      <DataCollector friendlyName="blame" enabled="True">
        <Configuration>
          <ResultsDirectory>D:\Escritorio\Scheduler\Project\Scheduler\Scheduler.Test\bin\Debug\net5.0\fine-code-coverage\coverage-tool-output</ResultsDirectory>
        </Configuration>
      </DataCollector>
    </DataCollectors>
  </DataCollectionRunSettings>
</RunSettings>

TpTrace Verbose: 0 : 17168, 1, 2021/11/15, 00:18:40.286, 74441636094, vstest.console.dll, TestRunRequest.ExecuteAsync: Wait for the first run request is over.
TpTrace Verbose: 0 : 17168, 1, 2021/11/15, 00:18:40.287, 74441644516, vstest.console.dll, ParallelProxyExecutionManager: Start execution. Total sources: 1
TpTrace Information: 0 : 17168, 1, 2021/11/15, 00:18:40.289, 74441663463, vstest.console.dll, ProxyParallelExecutionManager: Triggering test run for next source: D:\Escritorio\Scheduler\Project\Scheduler\Scheduler.Test\bin\Debug\net5.0\fine-code-coverage\build-output\Scheduler.Test.dll
TpTrace Verbose: 0 : 17168, 1, 2021/11/15, 00:18:40.289, 74441667354, vstest.console.dll, ProxyParallelExecutionManager: No sources available for execution.
TpTrace Information: 0 : 17168, 1, 2021/11/15, 00:18:40.289, 74441668483, vstest.console.dll, TestRunRequest.ExecuteAsync: Started.
TpTrace Verbose: 0 : 17168, 1, 2021/11/15, 00:18:40.289, 74441669753, vstest.console.dll, TestRunRequest.WaitForCompletion: Waiting with timeout -1.
TpTrace Verbose: 0 : 17168, 4, 2021/11/15, 00:18:40.290, 74441675396, vstest.console.dll, ParallelProxyExecutionManager: Execution started. Started clients: 1
TpTrace Verbose: 0 : 17168, 4, 2021/11/15, 00:18:40.290, 74441681526, vstest.console.dll, TestRunRequest:SendTestRunMessage: Starting.
TpTrace Information: 0 : 17168, 4, 2021/11/15, 00:18:40.291, 74441683737, vstest.console.dll, TestRunRequest:SendTestRunMessage: Completed.
TpTrace Verbose: 0 : 17168, 4, 2021/11/15, 00:18:40.291, 74441689129, vstest.console.dll, ProxyExecutionManager: Test host is always Lazy initialize.
TpTrace Verbose: 0 : 17168, 4, 2021/11/15, 00:18:40.292, 74441695230, vstest.console.dll, TestRequestSender.InitializeCommunication: initialize communication. 
TpTrace Information: 0 : 17168, 4, 2021/11/15, 00:18:40.293, 74441705507, vstest.console.dll, SocketServer.Start: Listening on endpoint : 127.0.0.1:51215
TpTrace Verbose: 0 : 17168, 4, 2021/11/15, 00:18:40.294, 74441720629, vstest.console.dll, DotnetTestHostmanager: Adding  --runtimeconfig "D:\Escritorio\Scheduler\Project\Scheduler\Scheduler.Test\bin\Debug\net5.0\fine-code-coverage\build-output\Scheduler.Test.runtimeconfig.json" in args
TpTrace Verbose: 0 : 17168, 4, 2021/11/15, 00:18:40.295, 74441722521, vstest.console.dll, DotnetTestHostmanager: Adding  --depsfile "D:\Escritorio\Scheduler\Project\Scheduler\Scheduler.Test\bin\Debug\net5.0\fine-code-coverage\build-output\Scheduler.Test.deps.json" in args
TpTrace Verbose: 0 : 17168, 4, 2021/11/15, 00:18:40.295, 74441727125, vstest.console.dll, DotnetTestHostManager: Testhost.exe/testhost.x86.exe found at path: D:\Escritorio\Scheduler\Project\Scheduler\Scheduler.Test\bin\Debug\net5.0\fine-code-coverage\build-output\testhost.exe
TpTrace Verbose: 0 : 17168, 4, 2021/11/15, 00:18:40.295, 74441729205, vstest.console.dll, DotnetTestHostmanager: Full path of host exe is D:\Escritorio\Scheduler\Project\Scheduler\Scheduler.Test\bin\Debug\net5.0\fine-code-coverage\build-output\testhost.exe
TpTrace Verbose: 0 : 17168, 10, 2021/11/15, 00:18:40.297, 74441751261, vstest.console.dll, DotnetTestHostManager: Starting process 'D:\Escritorio\Scheduler\Project\Scheduler\Scheduler.Test\bin\Debug\net5.0\fine-code-coverage\build-output\testhost.exe' with command line ' --runtimeconfig "D:\Escritorio\Scheduler\Project\Scheduler\Scheduler.Test\bin\Debug\net5.0\fine-code-coverage\build-output\Scheduler.Test.runtimeconfig.json" --depsfile "D:\Escritorio\Scheduler\Project\Scheduler\Scheduler.Test\bin\Debug\net5.0\fine-code-coverage\build-output\Scheduler.Test.deps.json" --port 51215 --endpoint 127.0.0.1:051215 --role client --parentprocessid 17168 --diag "D:\Escritorio\Scheduler\Project\Scheduler\Scheduler.Test\bin\Debug\net5.0\fine-code-coverage\coverage-tool-output\diagnostics.host.21-11-15_00-18-40_29401_4.log" --tracelevel 4 --datacollectionport 51214 --telemetryoptedin false'
TpTrace Verbose: 0 : 17168, 10, 2021/11/15, 00:18:40.321, 74441988106, vstest.console.dll, Test Runtime launched
TpTrace Verbose: 0 : 17168, 4, 2021/11/15, 00:18:40.323, 74442007957, vstest.console.dll, TestRequestSender.WaitForRequestHandlerConnection: waiting for connection with timeout: 90000
TpTrace Verbose: 0 : 17168, 9, 2021/11/15, 00:18:40.830, 74447073734, vstest.console.dll, SocketServer.OnClientConnected: Client connected for endPoint: 127.0.0.1:51215, starting MessageLoopAsync:
TpTrace Verbose: 0 : 17168, 9, 2021/11/15, 00:18:40.830, 74447076886, vstest.console.dll, TcpClientExtensions.MessageLoopAsync: Polling on remoteEndPoint: 127.0.0.1:51217 localEndPoint: 127.0.0.1:51215
TpTrace Verbose: 0 : 17168, 9, 2021/11/15, 00:18:41.034, 74449117887, vstest.console.dll, TcpClientExtensions.MessageLoopAsync: NotifyDataAvailable remoteEndPoint: 127.0.0.1:51217 localEndPoint: 127.0.0.1:51215
TpTrace Verbose: 0 : 17168, 9, 2021/11/15, 00:18:41.034, 74449120588, vstest.console.dll, TestRequestSender.CheckVersionWithTestHost: onMessageReceived received message: (ProtocolVersion) -> 5
TpTrace Verbose: 0 : 17168, 9, 2021/11/15, 00:18:41.035, 74449124039, vstest.console.dll, TcpClientExtensions.MessageLoopAsync: Polling on remoteEndPoint: 127.0.0.1:51217 localEndPoint: 127.0.0.1:51215
TpTrace Verbose: 0 : 17168, 4, 2021/11/15, 00:18:41.035, 74449125397, vstest.console.dll, TestPluginCache.GetExtensionPaths: Filtered extension paths: 
TpTrace Verbose: 0 : 17168, 4, 2021/11/15, 00:18:41.035, 74449126098, vstest.console.dll, TestPluginCache.GetExtensionPaths: Added default extension paths: C:\Program Files\dotnet\sdk\5.0.402\Extensions\Microsoft.Diagnostics.NETCore.Client.dll
C:\Program Files\dotnet\sdk\5.0.402\Extensions\Microsoft.TestPlatform.Extensions.BlameDataCollector.dll
C:\Program Files\dotnet\sdk\5.0.402\Extensions\Microsoft.TestPlatform.Extensions.EventLogCollector.dll
C:\Program Files\dotnet\sdk\5.0.402\Extensions\Microsoft.TestPlatform.TestHostRuntimeProvider.dll
C:\Program Files\dotnet\sdk\5.0.402\Extensions\Microsoft.VisualStudio.TestPlatform.Extensions.Html.TestLogger.dll
C:\Program Files\dotnet\sdk\5.0.402\Extensions\Microsoft.VisualStudio.TestPlatform.Extensions.Trx.TestLogger.dll
TpTrace Verbose: 0 : 17168, 4, 2021/11/15, 00:18:41.035, 74449126527, vstest.console.dll, TestPluginCache.GetExtensionPaths: Added unfilterableExtensionPaths: 
TpTrace Verbose: 0 : 17168, 4, 2021/11/15, 00:18:41.039, 74449165805, vstest.console.dll, TestRequestSender.InitializeExecution: Sending initializing execution with message: {"Version":5,"MessageType":"TestExecution.Initialize","Payload":["D:\\Escritorio\\Scheduler\\Project\\Scheduler\\Scheduler.Test\\bin\\Debug\\net5.0\\fine-code-coverage\\build-output\\xunit.runner.visualstudio.dotnetcore.testadapter.dll"]}
TpTrace Verbose: 0 : 17168, 4, 2021/11/15, 00:18:41.050, 74449277158, vstest.console.dll, TestRequestSender.StartTestRun: Sending test run with message: {"Version":5,"MessageType":"TestExecution.StartWithSources","Payload":{"AdapterSourceMap":{"_none_":["D:\\Escritorio\\Scheduler\\Project\\Scheduler\\Scheduler.Test\\bin\\Debug\\net5.0\\fine-code-coverage\\build-output\\Scheduler.Test.dll"]},"RunSettings":"<RunSettings>\r\n  <RunConfiguration>\r\n    <ResultsDirectory>D:\\Escritorio\\Scheduler\\Project\\Scheduler\\Scheduler.Test\\bin\\Debug\\net5.0\\fine-code-coverage\\coverage-tool-output</ResultsDirectory>\r\n    <TargetPlatform>X64</TargetPlatform>\r\n    <TargetFrameworkVersion>.NETCoreApp,Version=v5.0</TargetFrameworkVersion>\r\n    <DesignMode>False</DesignMode>\r\n    <CollectSourceInformation>False</CollectSourceInformation>\r\n  </RunConfiguration>\r\n  <LoggerRunSettings>\r\n    <Loggers>\r\n      <Logger friendlyName=\"blame\" enabled=\"True\" />\r\n      <Logger friendlyName=\"Console\" uri=\"logger://microsoft/TestPlatform/ConsoleLogger/v1\" assemblyQualifiedName=\"Microsoft.VisualStudio.TestPlatform.CommandLine.Internal.ConsoleLogger, vstest.console, Version=15.0.0.0, Culture=neutral, PublicKeyToken=b03f5f7f11d50a3a\" codeBase=\"C:\\Program Files\\dotnet\\sdk\\5.0.402\\vstest.console.dll\" enabled=\"True\" />\r\n    </Loggers>\r\n  </LoggerRunSettings>\r\n  <DataCollectionRunSettings>\r\n    <DataCollectors>\r\n      <DataCollector friendlyName=\"blame\" enabled=\"True\">\r\n        <Configuration>\r\n          <ResultsDirectory>D:\\Escritorio\\Scheduler\\Project\\Scheduler\\Scheduler.Test\\bin\\Debug\\net5.0\\fine-code-coverage\\coverage-tool-output</ResultsDirectory>\r\n        </Configuration>\r\n      </DataCollector>\r\n    </DataCollectors>\r\n  </DataCollectionRunSettings>\r\n</RunSettings>","TestExecutionContext":{"FrequencyOfRunStatsChangeEvent":10,"RunStatsChangeEventTimeout":"00:00:01.5000000","InIsolation":false,"KeepAlive":false,"AreTestCaseLevelEventsRequired":false,"IsDebug":false,"TestCaseFilter":null,"FilterOptions":null},"Package":null}}
TpTrace Verbose: 0 : 17168, 9, 2021/11/15, 00:18:41.052, 74449301217, vstest.console.dll, TcpClientExtensions.MessageLoopAsync: NotifyDataAvailable remoteEndPoint: 127.0.0.1:51217 localEndPoint: 127.0.0.1:51215
TpTrace Verbose: 0 : 17168, 9, 2021/11/15, 00:18:41.053, 74449302926, vstest.console.dll, TestRequestSender.OnExecutionMessageReceived: Received message: {"Version":5,"MessageType":"TestSession.Message","Payload":{"MessageLevel":0,"Message":"Registrando diagnstico de TestHost en el archivo: D:\\Escritorio\\Scheduler\\Project\\Scheduler\\Scheduler.Test\\bin\\Debug\\net5.0\\fine-code-coverage\\coverage-tool-output\\diagnostics.host.21-11-15_00-18-40_29401_4.log"}}
TpTrace Verbose: 0 : 17168, 9, 2021/11/15, 00:18:41.059, 74449371924, vstest.console.dll, TestRunRequest:SendTestRunMessage: Starting.
TpTrace Information: 0 : 17168, 9, 2021/11/15, 00:18:41.060, 74449373410, vstest.console.dll, TestRunRequest:SendTestRunMessage: Completed.
TpTrace Verbose: 0 : 17168, 9, 2021/11/15, 00:18:41.060, 74449373983, vstest.console.dll, TcpClientExtensions.MessageLoopAsync: Polling on remoteEndPoint: 127.0.0.1:51217 localEndPoint: 127.0.0.1:51215
TpTrace Verbose: 0 : 17168, 9, 2021/11/15, 00:18:41.241, 74451186280, vstest.console.dll, TcpClientExtensions.MessageLoopAsync: NotifyDataAvailable remoteEndPoint: 127.0.0.1:51217 localEndPoint: 127.0.0.1:51215
TpTrace Verbose: 0 : 17168, 9, 2021/11/15, 00:18:41.241, 74451188015, vstest.console.dll, TestRequestSender.OnExecutionMessageReceived: Received message: {"Version":5,"MessageType":"TestSession.Message","Payload":{"MessageLevel":0,"Message":"[xUnit.net 00:00:00.00] xUnit.net VSTest Adapter v2.4.3+1b45f5407b (64-bit .NET 5.0.11)"}}
TpTrace Verbose: 0 : 17168, 9, 2021/11/15, 00:18:41.242, 74451193424, vstest.console.dll, TestRunRequest:SendTestRunMessage: Starting.
TpTrace Information: 0 : 17168, 9, 2021/11/15, 00:18:41.242, 74451194698, vstest.console.dll, TestRunRequest:SendTestRunMessage: Completed.
TpTrace Verbose: 0 : 17168, 9, 2021/11/15, 00:18:41.242, 74451195434, vstest.console.dll, TcpClientExtensions.MessageLoopAsync: Polling on remoteEndPoint: 127.0.0.1:51217 localEndPoint: 127.0.0.1:51215
TpTrace Verbose: 0 : 17168, 9, 2021/11/15, 00:18:41.772, 74456501543, vstest.console.dll, TcpClientExtensions.MessageLoopAsync: NotifyDataAvailable remoteEndPoint: 127.0.0.1:51217 localEndPoint: 127.0.0.1:51215
TpTrace Verbose: 0 : 17168, 9, 2021/11/15, 00:18:41.773, 74456503474, vstest.console.dll, TestRequestSender.OnExecutionMessageReceived: Received message: {"Version":5,"MessageType":"TestSession.Message","Payload":{"MessageLevel":0,"Message":"[xUnit.net 00:00:00.54]   Discovering: Scheduler.Test"}}
TpTrace Verbose: 0 : 17168, 9, 2021/11/15, 00:18:41.773, 74456506300, vstest.console.dll, TestRunRequest:SendTestRunMessage: Starting.
TpTrace Information: 0 : 17168, 9, 2021/11/15, 00:18:41.773, 74456506993, vstest.console.dll, TestRunRequest:SendTestRunMessage: Completed.
TpTrace Verbose: 0 : 17168, 9, 2021/11/15, 00:18:41.773, 74456507631, vstest.console.dll, TcpClientExtensions.MessageLoopAsync: Polling on remoteEndPoint: 127.0.0.1:51217 localEndPoint: 127.0.0.1:51215
TpTrace Verbose: 0 : 17168, 9, 2021/11/15, 00:18:41.834, 74457116295, vstest.console.dll, TcpClientExtensions.MessageLoopAsync: NotifyDataAvailable remoteEndPoint: 127.0.0.1:51217 localEndPoint: 127.0.0.1:51215
TpTrace Verbose: 0 : 17168, 9, 2021/11/15, 00:18:41.834, 74457117607, vstest.console.dll, TestRequestSender.OnExecutionMessageReceived: Received message: {"Version":5,"MessageType":"TestSession.Message","Payload":{"MessageLevel":0,"Message":"[xUnit.net 00:00:00.60]   Discovered:  Scheduler.Test"}}
TpTrace Verbose: 0 : 17168, 9, 2021/11/15, 00:18:41.834, 74457119085, vstest.console.dll, TestRunRequest:SendTestRunMessage: Starting.
TpTrace Information: 0 : 17168, 9, 2021/11/15, 00:18:41.834, 74457119863, vstest.console.dll, TestRunRequest:SendTestRunMessage: Completed.
TpTrace Verbose: 0 : 17168, 9, 2021/11/15, 00:18:41.834, 74457120505, vstest.console.dll, TcpClientExtensions.MessageLoopAsync: Polling on remoteEndPoint: 127.0.0.1:51217 localEndPoint: 127.0.0.1:51215
TpTrace Verbose: 0 : 17168, 9, 2021/11/15, 00:18:41.838, 74457152954, vstest.console.dll, TcpClientExtensions.MessageLoopAsync: NotifyDataAvailable remoteEndPoint: 127.0.0.1:51217 localEndPoint: 127.0.0.1:51215
TpTrace Verbose: 0 : 17168, 9, 2021/11/15, 00:18:41.838, 74457154094, vstest.console.dll, TestRequestSender.OnExecutionMessageReceived: Received message: {"Version":5,"MessageType":"TestSession.Message","Payload":{"MessageLevel":0,"Message":"[xUnit.net 00:00:00.61]   Starting:    Scheduler.Test"}}
TpTrace Verbose: 0 : 17168, 9, 2021/11/15, 00:18:41.838, 74457156626, vstest.console.dll, TestRunRequest:SendTestRunMessage: Starting.
TpTrace Information: 0 : 17168, 9, 2021/11/15, 00:18:41.838, 74457157560, vstest.console.dll, TestRunRequest:SendTestRunMessage: Completed.
TpTrace Verbose: 0 : 17168, 9, 2021/11/15, 00:18:41.838, 74457158230, vstest.console.dll, TcpClientExtensions.MessageLoopAsync: Polling on remoteEndPoint: 127.0.0.1:51217 localEndPoint: 127.0.0.1:51215
TpTrace Verbose: 0 : 17168, 9, 2021/11/15, 00:18:42.028, 74459054258, vstest.console.dll, TcpClientExtensions.MessageLoopAsync: NotifyDataAvailable remoteEndPoint: 127.0.0.1:51217 localEndPoint: 127.0.0.1:51215
TpTrace Verbose: 0 : 17168, 9, 2021/11/15, 00:18:42.028, 74459057989, vstest.console.dll, TestRequestSender.OnExecutionMessageReceived: Received message: {"Version":5,"MessageType":"TestExecution.StatsChange","Payload":{"NewTestResults":[{"TestCase":{"Id":"07812a0a-05ae-050f-9fc9-406803efbf2e","FullyQualifiedName":"Scheduler.Test.WeekTest.Week_should_return_day_of_day_of_week","DisplayName":"Scheduler.Test.WeekTest.Week_should_return_day_of_day_of_week","ExecutorUri":"executor://xunit/VsTestRunner2/netcoreapp","Source":"D:\\Escritorio\\Scheduler\\Project\\Scheduler\\Scheduler.Test\\bin\\Debug\\net5.0\\fine-code-coverage\\build-output\\Scheduler.Test.dll","CodeFilePath":null,"LineNumber":0,"Properties":[]},"Attachments":[],"Outcome":1,"ErrorMessage":null,"ErrorStackTrace":null,"DisplayName":"Scheduler.Test.WeekTest.Week_should_return_day_of_day_of_week","Messages":[],"ComputerName":"DESKTOP-5CKAA65","Duration":"00:00:00.0119145","StartTime":"2021-11-14T23:18:41.9396021+00:00","EndTime":"2021-11-14T23:18:41.9396397+00:00","Properties":[]},{"TestCase":{"Id":"dd05f31b-455f-f33d-5d2d-e4115aea830c","FullyQualifiedName":"Scheduler.Test.WeekTest.Days_of_week_of_the_day_should_be_correct","DisplayName":"Scheduler.Test.WeekTest.Days_of_week_of_the_day_should_be_correct","ExecutorUri":"executor://xunit/VsTestRunner2/netcoreapp","Source":"D:\\Escritorio\\Scheduler\\Project\\Scheduler\\Scheduler.Test\\bin\\Debug\\net5.0\\fine-code-coverage\\build-output\\Scheduler.Test.dll","CodeFilePath":null,"LineNumber":0,"Properties":[]},"Attachments":[],"Outcome":1,"ErrorMessage":null,"ErrorStackTrace":null,"DisplayName":"Scheduler.Test.WeekTest.Days_of_week_of_the_day_should_be_correct","Messages":[],"ComputerName":"DESKTOP-5CKAA65","Duration":"00:00:00.0005216","StartTime":"2021-11-14T23:18:41.9725442+00:00","EndTime":"2021-11-14T23:18:41.9725465+00:00","Properties":[]},{"TestCase":{"Id":"b77bcd28-7ec2-2399-e960-c4e4404b5ad5","FullyQualifiedName":"Scheduler.Test.ValidatorTest.Not_positive_number_in_positive_number_field_should_throw_exception","DisplayName":"Scheduler.Test.ValidatorTest.Not_positive_number_in_positive_number_field_should_throw_exception(NotIntNumber: -1)","ExecutorUri":"executor://xunit/VsTestRunner2/netcoreapp","Source":"D:\\Escritorio\\Scheduler\\Project\\Scheduler\\Scheduler.Test\\bin\\Debug\\net5.0\\fine-code-coverage\\build-output\\Scheduler.Test.dll","CodeFilePath":null,"LineNumber":0,"Properties":[]},"Attachments":[],"Outcome":1,"ErrorMessage":null,"ErrorStackTrace":null,"DisplayName":"Scheduler.Test.ValidatorTest.Not_positive_number_in_positive_number_field_should_throw_exception(NotIntNumber: -1)","Messages":[],"ComputerName":"DESKTOP-5CKAA65","Duration":"00:00:00.0183486","StartTime":"2021-11-14T23:18:41.9742917+00:00","EndTime":"2021-11-14T23:18:41.9742928+00:00","Properties":[]},{"TestCase":{"Id":"ae5f82d6-26df-46bf-50b4-5ab2875546a9","FullyQualifiedName":"Scheduler.Test.ValidatorTest.Not_positive_number_in_positive_number_field_should_throw_exception","DisplayName":"Scheduler.Test.ValidatorTest.Not_positive_number_in_positive_number_field_should_throw_exception(NotIntNumber: 0)","ExecutorUri":"executor://xunit/VsTestRunner2/netcoreapp","Source":"D:\\Escritorio\\Scheduler\\Project\\Scheduler\\Scheduler.Test\\bin\\Debug\\net5.0\\fine-code-coverage\\build-output\\Scheduler.Test.dll","CodeFilePath":null,"LineNumber":0,"Properties":[]},"Attachments":[],"Outcome":1,"ErrorMessage":null,"ErrorStackTrace":null,"DisplayName":"Scheduler.Test.ValidatorTest.Not_positive_number_in_positive_number_field_should_throw_exception(NotIntNumber: 0)","Messages":[],"ComputerName":"DESKTOP-5CKAA65","Duration":"00:00:00.0007479","StartTime":"2021-11-14T23:18:41.9771736+00:00","EndTime":"2021-11-14T23:18:41.9771753+00:00","Properties":[]},{"TestCase":{"Id":"889e68b0-7b23-0539-3526-214a12beaa4f","FullyQualifiedName":"Scheduler.Test.SchedulerTest.Once_type_schedule_should_throw_exception_if_DateOnce_is_null","DisplayName":"Scheduler.Test.SchedulerTest.Once_type_schedule_should_throw_exception_if_DateOnce_is_null","ExecutorUri":"executor://xunit/VsTestRunner2/netcoreapp","Source":"D:\\Escritorio\\Scheduler\\Project\\Scheduler\\Scheduler.Test\\bin\\Debug\\net5.0\\fine-code-coverage\\build-output\\Scheduler.Test.dll","CodeFilePath":null,"LineNumber":0,"Properties":[]},"Attachments":[],"Outcome":1,"ErrorMessage":null,"ErrorStackTrace":null,"DisplayName":"Scheduler.Test.SchedulerTest.Once_type_schedule_should_throw_exception_if_DateOnce_is_null","Messages":[],"ComputerName":"DESKTOP-5CKAA65","Duration":"00:00:00.0204349","StartTime":"2021-11-14T23:18:41.9799405+00:00","EndTime":"2021-11-14T23:18:41.9799421+00:00","Properties":[]},{"TestCase":{"Id":"d2954523-5155-3ab4-d909-43a91e9bfdf9","FullyQualifiedName":"Scheduler.Test.ValidatorTest.Start_Hour_Bigger_Than_End_Hour_Should_Throw_Exception","DisplayName":"Scheduler.Test.ValidatorTest.Start_Hour_Bigger_Than_End_Hour_Should_Throw_Exception","ExecutorUri":"executor://xunit/VsTestRunner2/netcoreapp","Source":"D:\\Escritorio\\Scheduler\\Project\\Scheduler\\Scheduler.Test\\bin\\Debug\\net5.0\\fine-code-coverage\\build-output\\Scheduler.Test.dll","CodeFilePath":null,"LineNumber":0,"Properties":[]},"Attachments":[],"Outcome":1,"ErrorMessage":null,"ErrorStackTrace":null,"DisplayName":"Scheduler.Test.ValidatorTest.Start_Hour_Bigger_Than_End_Hour_Should_Throw_Exception","Messages":[],"ComputerName":"DESKTOP-5CKAA65","Duration":"00:00:00.0014695","StartTime":"2021-11-14T23:18:41.982512+00:00","EndTime":"2021-11-14T23:18:41.9825136+00:00","Properties":[]},{"TestCase":{"Id":"b633e9bd-16ca-23d4-af50-d5acb806762b","FullyQualifiedName":"Scheduler.Test.ValidatorTest.Start_Date_Bigger_Than_End_Date_Should_Throw_Exception","DisplayName":"Scheduler.Test.ValidatorTest.Start_Date_Bigger_Than_End_Date_Should_Throw_Exception","ExecutorUri":"executor://xunit/VsTestRunner2/netcoreapp","Source":"D:\\Escritorio\\Scheduler\\Project\\Scheduler\\Scheduler.Test\\bin\\Debug\\net5.0\\fine-code-coverage\\build-output\\Scheduler.Test.dll","CodeFilePath":null,"LineNumber":0,"Properties":[]},"Attachments":[],"Outcome":1,"ErrorMessage":null,"ErrorStackTrace":null,"DisplayName":"Scheduler.Test.ValidatorTest.Start_Date_Bigger_Than_End_Date_Should_Throw_Exception","Messages":[],"ComputerName":"DESKTOP-5CKAA65","Duration":"00:00:00.0012338","StartTime":"2021-11-14T23:18:41.9852996+00:00","EndTime":"2021-11-14T23:18:41.9853015+00:00","Properties":[]},{"TestCase":{"Id":"e5a17021-7ba0-e447-39de-babdf3bf3015","FullyQualifiedName":"Scheduler.Test.SchedulerTest.Once_type_schedule_should_return_datetime_config_as_next_date_if_it_is_after_current_day","DisplayName":"Scheduler.Test.SchedulerTest.Once_type_schedule_should_return_datetime_config_as_next_date_if_it_is_after_current_day","ExecutorUri":"executor://xunit/VsTestRunner2/netcoreapp","Source":"D:\\Escritorio\\Scheduler\\Project\\Scheduler\\Scheduler.Test\\bin\\Debug\\net5.0\\fine-code-coverage\\build-output\\Scheduler.Test.dll","CodeFilePath":null,"LineNumber":0,"Properties":[]},"Attachments":[],"Outcome":1,"ErrorMessage":null,"ErrorStackTrace":null,"DisplayName":"Scheduler.Test.SchedulerTest.Once_type_schedule_should_return_datetime_config_as_next_date_if_it_is_after_current_day","Messages":[],"ComputerName":"DESKTOP-5CKAA65","Duration":"00:00:00.0058750","StartTime":"2021-11-14T23:18:41.9867583+00:00","EndTime":"2021-11-14T23:18:41.9867594+00:00","Properties":[]},{"TestCase":{"Id":"235f9dd3-04b7-5aa3-15f1-60081ceeb85b","FullyQualifiedName":"Scheduler.Test.SchedulerTest.Next_date_should_be_on_two_weeks_when_current_day_does_not_match_with_rest_of_days_of_this_week","DisplayName":"Scheduler.Test.SchedulerTest.Next_date_should_be_on_two_weeks_when_current_day_does_not_match_with_rest_of_days_of_this_week","ExecutorUri":"executor://xunit/VsTestRunner2/netcoreapp","Source":"D:\\Escritorio\\Scheduler\\Project\\Scheduler\\Scheduler.Test\\bin\\Debug\\net5.0\\fine-code-coverage\\build-output\\Scheduler.Test.dll","CodeFilePath":null,"LineNumber":0,"Properties":[]},"Attachments":[],"Outcome":1,"ErrorMessage":null,"ErrorStackTrace":null,"DisplayName":"Scheduler.Test.SchedulerTest.Next_date_should_be_on_two_weeks_when_current_day_does_not_match_with_rest_of_days_of_this_week","Messages":[],"ComputerName":"DESKTOP-5CKAA65","Duration":"00:00:00.0091781","StartTime":"2021-11-14T23:18:41.9893721+00:00","EndTime":"2021-11-14T23:18:41.9893737+00:00","Properties":[]}],"TestRunStatistics":{"ExecutedTests":9,"Stats":{"Passed":9}},"ActiveTests":[{"Id":"c3c38468-8a4a-dc41-bb20-d73ebfef616a","FullyQualifiedName":"Scheduler.Test.SchedulerTest.Schedule_dailyFrecuency_everyday_nextDate_should_be_next_day_when_current_hour_bigger_than_HourOnce","DisplayName":"Scheduler.Test.SchedulerTest.Schedule_dailyFrecuency_everyday_nextDate_should_be_next_day_when_current_hour_bigger_than_HourOnce","ExecutorUri":"executor://xunit/VsTestRunner2/netcoreapp","Source":"D:\\Escritorio\\Scheduler\\Project\\Scheduler\\Scheduler.Test\\bin\\Debug\\net5.0\\fine-code-coverage\\build-output\\Scheduler.Test.dll","CodeFilePath":null,"LineNumber":0,"Properties":[]}]}}
TpTrace Verbose: 0 : 17168, 9, 2021/11/15, 00:18:42.064, 74459421499, vstest.console.dll, TestRunRequest:SendTestRunStatsChange: Starting.
TpTrace Verbose: 0 : 17168, 9, 2021/11/15, 00:18:42.065, 74459423485, vstest.console.dll, InProgress is Scheduler.Test.SchedulerTest.Schedule_dailyFrecuency_everyday_nextDate_should_be_next_day_when_current_hour_bigger_than_HourOnce
TpTrace Information: 0 : 17168, 9, 2021/11/15, 00:18:42.065, 74459427775, vstest.console.dll, TestRunRequest:SendTestRunStatsChange: Completed.
TpTrace Verbose: 0 : 17168, 9, 2021/11/15, 00:18:42.065, 74459428664, vstest.console.dll, TcpClientExtensions.MessageLoopAsync: Polling on remoteEndPoint: 127.0.0.1:51217 localEndPoint: 127.0.0.1:51215
TpTrace Verbose: 0 : 17168, 9, 2021/11/15, 00:18:42.065, 74459429417, vstest.console.dll, TcpClientExtensions.MessageLoopAsync: NotifyDataAvailable remoteEndPoint: 127.0.0.1:51217 localEndPoint: 127.0.0.1:51215
TpTrace Verbose: 0 : 17168, 9, 2021/11/15, 00:18:42.066, 74459432888, vstest.console.dll, TestRequestSender.OnExecutionMessageReceived: Received message: {"Version":5,"MessageType":"TestExecution.StatsChange","Payload":{"NewTestResults":[{"TestCase":{"Id":"c3c38468-8a4a-dc41-bb20-d73ebfef616a","FullyQualifiedName":"Scheduler.Test.SchedulerTest.Schedule_dailyFrecuency_everyday_nextDate_should_be_next_day_when_current_hour_bigger_than_HourOnce","DisplayName":"Scheduler.Test.SchedulerTest.Schedule_dailyFrecuency_everyday_nextDate_should_be_next_day_when_current_hour_bigger_than_HourOnce","ExecutorUri":"executor://xunit/VsTestRunner2/netcoreapp","Source":"D:\\Escritorio\\Scheduler\\Project\\Scheduler\\Scheduler.Test\\bin\\Debug\\net5.0\\fine-code-coverage\\build-output\\Scheduler.Test.dll","CodeFilePath":null,"LineNumber":0,"Properties":[]},"Attachments":[],"Outcome":1,"ErrorMessage":null,"ErrorStackTrace":null,"DisplayName":"Scheduler.Test.SchedulerTest.Schedule_dailyFrecuency_everyday_nextDate_should_be_next_day_when_current_hour_bigger_than_HourOnce","Messages":[],"ComputerName":"DESKTOP-5CKAA65","Duration":"00:00:00.0020788","StartTime":"2021-11-14T23:18:42.0298286+00:00","EndTime":"2021-11-14T23:18:42.0298303+00:00","Properties":[]},{"TestCase":{"Id":"72f7eb32-4224-7cf7-b02f-e8db527845e4","FullyQualifiedName":"Scheduler.Test.SchedulerTest.Once_type_schedule_should_return_empty_string_if_next_date_is_after_end_day","DisplayName":"Scheduler.Test.SchedulerTest.Once_type_schedule_should_return_empty_string_if_next_date_is_after_end_day","ExecutorUri":"executor://xunit/VsTestRunner2/netcoreapp","Source":"D:\\Escritorio\\Scheduler\\Project\\Scheduler\\Scheduler.Test\\bin\\Debug\\net5.0\\fine-code-coverage\\build-output\\Scheduler.Test.dll","CodeFilePath":null,"LineNumber":0,"Properties":[]},"Attachments":[],"Outcome":1,"ErrorMessage":null,"ErrorStackTrace":null,"DisplayName":"Scheduler.Test.SchedulerTest.Once_type_schedule_should_return_empty_string_if_next_date_is_after_end_day","Messages":[],"ComputerName":"DESKTOP-5CKAA65","Duration":"00:00:00.0006200","StartTime":"2021-11-14T23:18:42.0334088+00:00","EndTime":"2021-11-14T23:18:42.0334113+00:00","Properties":[]},{"TestCase":{"Id":"5afb4926-825e-49d3-da55-39e2203f1a95","FullyQualifiedName":"Scheduler.Test.SchedulerTest.Schedule_dailyFrecuency_nextDate_should_be_current_date_if_HourOnce_is_after_current_hour","DisplayName":"Scheduler.Test.SchedulerTest.Schedule_dailyFrecuency_nextDate_should_be_current_date_if_HourOnce_is_after_current_hour","ExecutorUri":"executor://xunit/VsTestRunner2/netcoreapp","Source":"D:\\Escritorio\\Scheduler\\Project\\Scheduler\\Scheduler.Test\\bin\\Debug\\net5.0\\fine-code-coverage\\build-output\\Scheduler.Test.dll","CodeFilePath":null,"LineNumber":0,"Properties":[]},"Attachments":[],"Outcome":1,"ErrorMessage":null,"ErrorStackTrace":null,"DisplayName":"Scheduler.Test.SchedulerTest.Schedule_dailyFrecuency_nextDate_should_be_current_date_if_HourOnce_is_after_current_hour","Messages":[],"ComputerName":"DESKTOP-5CKAA65","Duration":"00:00:00.0004405","StartTime":"2021-11-14T23:18:42.0361792+00:00","EndTime":"2021-11-14T23:18:42.0361817+00:00","Properties":[]},{"TestCase":{"Id":"a7ef6ff2-d391-6e45-8fe3-2d3ae7f52038","FullyQualifiedName":"Scheduler.Test.SchedulerTest.Once_type_schedule_should_return_empty_string_if_next_date_is_before_current_day","DisplayName":"Scheduler.Test.SchedulerTest.Once_type_schedule_should_return_empty_string_if_next_date_is_before_current_day","ExecutorUri":"executor://xunit/VsTestRunner2/netcoreapp","Source":"D:\\Escritorio\\Scheduler\\Project\\Scheduler\\Scheduler.Test\\bin\\Debug\\net5.0\\fine-code-coverage\\build-output\\Scheduler.Test.dll","CodeFilePath":null,"LineNumber":0,"Properties":[]},"Attachments":[],"Outcome":1,"ErrorMessage":null,"ErrorStackTrace":null,"DisplayName":"Scheduler.Test.SchedulerTest.Once_type_schedule_should_return_empty_string_if_next_date_is_before_current_day","Messages":[],"ComputerName":"DESKTOP-5CKAA65","Duration":"00:00:00.0004251","StartTime":"2021-11-14T23:18:42.0385988+00:00","EndTime":"2021-11-14T23:18:42.0386008+00:00","Properties":[]},{"TestCase":{"Id":"9f6ec1dd-f640-8828-46fa-fbccf32a9b12","FullyQualifiedName":"Scheduler.Test.SchedulerTest.Once_type_schedule_should_return_datetime_config_as_next_date_if_it_is_after_start_day","DisplayName":"Scheduler.Test.SchedulerTest.Once_type_schedule_should_return_datetime_config_as_next_date_if_it_is_after_start_day","ExecutorUri":"executor://xunit/VsTestRunner2/netcoreapp","Source":"D:\\Escritorio\\Scheduler\\Project\\Scheduler\\Scheduler.Test\\bin\\Debug\\net5.0\\fine-code-coverage\\build-output\\Scheduler.Test.dll","CodeFilePath":null,"LineNumber":0,"Properties":[]},"Attachments":[],"Outcome":1,"ErrorMessage":null,"ErrorStackTrace":null,"DisplayName":"Scheduler.Test.SchedulerTest.Once_type_schedule_should_return_datetime_config_as_next_date_if_it_is_after_start_day","Messages":[],"ComputerName":"DESKTOP-5CKAA65","Duration":"00:00:00.0006243","StartTime":"2021-11-14T23:18:42.041931+00:00","EndTime":"2021-11-14T23:18:42.0419332+00:00","Properties":[]},{"TestCase":{"Id":"9b46481f-0e8d-d730-7af7-9af218d1ce5c","FullyQualifiedName":"Scheduler.Test.SchedulerTest.Once_type_schedule_should_return_datetime_config_as_next_date_if_it_is_after_current_hour","DisplayName":"Scheduler.Test.SchedulerTest.Once_type_schedule_should_return_datetime_config_as_next_date_if_it_is_after_current_hour","ExecutorUri":"executor://xunit/VsTestRunner2/netcoreapp","Source":"D:\\Escritorio\\Scheduler\\Project\\Scheduler\\Scheduler.Test\\bin\\Debug\\net5.0\\fine-code-coverage\\build-output\\Scheduler.Test.dll","CodeFilePath":null,"LineNumber":0,"Properties":[]},"Attachments":[],"Outcome":1,"ErrorMessage":null,"ErrorStackTrace":null,"DisplayName":"Scheduler.Test.SchedulerTest.Once_type_schedule_should_return_datetime_config_as_next_date_if_it_is_after_current_hour","Messages":[],"ComputerName":"DESKTOP-5CKAA65","Duration":"00:00:00.0004370","StartTime":"2021-11-14T23:18:42.04518+00:00","EndTime":"2021-11-14T23:18:42.0451817+00:00","Properties":[]},{"TestCase":{"Id":"6b3a3559-39be-a87e-7733-b220801615c8","FullyQualifiedName":"Scheduler.Test.SchedulerTest.Schedule_recurring_weeklyFrecuency_should_have_minute_interval_determined","DisplayName":"Scheduler.Test.SchedulerTest.Schedule_recurring_weeklyFrecuency_should_have_minute_interval_determined","ExecutorUri":"executor://xunit/VsTestRunner2/netcoreapp","Source":"D:\\Escritorio\\Scheduler\\Project\\Scheduler\\Scheduler.Test\\bin\\Debug\\net5.0\\fine-code-coverage\\build-output\\Scheduler.Test.dll","CodeFilePath":null,"LineNumber":0,"Properties":[]},"Attachments":[],"Outcome":1,"ErrorMessage":null,"ErrorStackTrace":null,"DisplayName":"Scheduler.Test.SchedulerTest.Schedule_recurring_weeklyFrecuency_should_have_minute_interval_determined","Messages":[],"ComputerName":"DESKTOP-5CKAA65","Duration":"00:00:00.0024522","StartTime":"2021-11-14T23:18:42.0492508+00:00","EndTime":"2021-11-14T23:18:42.0492528+00:00","Properties":[]},{"TestCase":{"Id":"70ba252c-1aba-d66e-0d40-0d64b200c48c","FullyQualifiedName":"Scheduler.Test.SchedulerTest.Once_type_schedule_should_throw_exception_if_TypeOfSchedule_is_null","DisplayName":"Scheduler.Test.SchedulerTest.Once_type_schedule_should_throw_exception_if_TypeOfSchedule_is_null","ExecutorUri":"executor://xunit/VsTestRunner2/netcoreapp","Source":"D:\\Escritorio\\Scheduler\\Project\\Scheduler\\Scheduler.Test\\bin\\Debug\\net5.0\\fine-code-coverage\\build-output\\Scheduler.Test.dll","CodeFilePath":null,"LineNumber":0,"Properties":[]},"Attachments":[],"Outcome":1,"ErrorMessage":null,"ErrorStackTrace":null,"DisplayName":"Scheduler.Test.SchedulerTest.Once_type_schedule_should_throw_exception_if_TypeOfSchedule_is_null","Messages":[],"ComputerName":"DESKTOP-5CKAA65","Duration":"00:00:00.0014505","StartTime":"2021-11-14T23:18:42.0518694+00:00","EndTime":"2021-11-14T23:18:42.0518709+00:00","Properties":[]},{"TestCase":{"Id":"268d48e2-f92b-58ef-0f9c-8f7e4758a427","FullyQualifiedName":"Scheduler.Test.SchedulerTest.Next_date_should_be_following_day_when_current_day_does_not_match_with_day_of_week","DisplayName":"Scheduler.Test.SchedulerTest.Next_date_should_be_following_day_when_current_day_does_not_match_with_day_of_week","ExecutorUri":"executor://xunit/VsTestRunner2/netcoreapp","Source":"D:\\Escritorio\\Scheduler\\Project\\Scheduler\\Scheduler.Test\\bin\\Debug\\net5.0\\fine-code-coverage\\build-output\\Scheduler.Test.dll","CodeFilePath":null,"LineNumber":0,"Properties":[]},"Attachments":[],"Outcome":1,"ErrorMessage":null,"ErrorStackTrace":null,"DisplayName":"Scheduler.Test.SchedulerTest.Next_date_should_be_following_day_when_current_day_does_not_match_with_day_of_week","Messages":[],"ComputerName":"DESKTOP-5CKAA65","Duration":"00:00:00.0006362","StartTime":"2021-11-14T23:18:42.0541147+00:00","EndTime":"2021-11-14T23:18:42.0541163+00:00","Properties":[]}],"TestRunStatistics":{"ExecutedTests":18,"Stats":{"Passed":18}},"ActiveTests":[{"Id":"0d9e601e-7574-c291-7df8-2d2986af66ee","FullyQualifiedName":"Scheduler.Test.SchedulerTest.Once_type_schedule_should_return_empty_string_if_next_date_is_before_start_day","DisplayName":"Scheduler.Test.SchedulerTest.Once_type_schedule_should_return_empty_string_if_next_date_is_before_start_day","ExecutorUri":"executor://xunit/VsTestRunner2/netcoreapp","Source":"D:\\Escritorio\\Scheduler\\Project\\Scheduler\\Scheduler.Test\\bin\\Debug\\net5.0\\fine-code-coverage\\build-output\\Scheduler.Test.dll","CodeFilePath":null,"LineNumber":0,"Properties":[]}]}}
TpTrace Verbose: 0 : 17168, 9, 2021/11/15, 00:18:42.069, 74459469839, vstest.console.dll, TestRunRequest:SendTestRunStatsChange: Starting.
TpTrace Verbose: 0 : 17168, 9, 2021/11/15, 00:18:42.069, 74459471037, vstest.console.dll, InProgress is Scheduler.Test.SchedulerTest.Once_type_schedule_should_return_empty_string_if_next_date_is_before_start_day
TpTrace Information: 0 : 17168, 9, 2021/11/15, 00:18:42.070, 74459472263, vstest.console.dll, TestRunRequest:SendTestRunStatsChange: Completed.
TpTrace Verbose: 0 : 17168, 9, 2021/11/15, 00:18:42.070, 74459472912, vstest.console.dll, TcpClientExtensions.MessageLoopAsync: Polling on remoteEndPoint: 127.0.0.1:51217 localEndPoint: 127.0.0.1:51215
TpTrace Verbose: 0 : 17168, 9, 2021/11/15, 00:18:42.113, 74459909811, vstest.console.dll, TcpClientExtensions.MessageLoopAsync: NotifyDataAvailable remoteEndPoint: 127.0.0.1:51217 localEndPoint: 127.0.0.1:51215
TpTrace Verbose: 0 : 17168, 9, 2021/11/15, 00:18:42.113, 74459911396, vstest.console.dll, TestRequestSender.OnExecutionMessageReceived: Received message: {"Version":5,"MessageType":"TestSession.Message","Payload":{"MessageLevel":2,"Message":"[xUnit.net 00:00:00.88]     Scheduler.Test.SchedulerTest.Next_date_should_be_current_day_and_start_hour_when_current_hour_is_before_start_hour [FAIL]"}}
TpTrace Verbose: 0 : 17168, 9, 2021/11/15, 00:18:42.114, 74459913399, vstest.console.dll, TestRunRequest:SendTestRunMessage: Starting.
TpTrace Information: 0 : 17168, 9, 2021/11/15, 00:18:42.114, 74459914408, vstest.console.dll, TestRunRequest:SendTestRunMessage: Completed.
TpTrace Verbose: 0 : 17168, 9, 2021/11/15, 00:18:42.114, 74459915016, vstest.console.dll, TcpClientExtensions.MessageLoopAsync: Polling on remoteEndPoint: 127.0.0.1:51217 localEndPoint: 127.0.0.1:51215
TpTrace Verbose: 0 : 17168, 9, 2021/11/15, 00:18:42.115, 74459924861, vstest.console.dll, TcpClientExtensions.MessageLoopAsync: NotifyDataAvailable remoteEndPoint: 127.0.0.1:51217 localEndPoint: 127.0.0.1:51215
TpTrace Verbose: 0 : 17168, 9, 2021/11/15, 00:18:42.115, 74459926497, vstest.console.dll, TestRequestSender.OnExecutionMessageReceived: Received message: {"Version":5,"MessageType":"TestSession.Message","Payload":{"MessageLevel":0,"Message":"[xUnit.net 00:00:00.88]       Expected Scheduler.GetNextDateOutput(conf) to be \"Occurs every 2 weeks. Schedule will be used on 04/01/2021 at 07:00:00 starting on 07:00:00 ending on 13:00:00.\", but \"Occurs every 2 weeks. Schedule will be used on 05/01/2021 at 07:00:00 starting on 07:00:00 ending on 13:00:00.\" differs near \"5/0\" (index 48)."}}
TpTrace Verbose: 0 : 17168, 9, 2021/11/15, 00:18:42.115, 74459928743, vstest.console.dll, TestRunRequest:SendTestRunMessage: Starting.
TpTrace Information: 0 : 17168, 9, 2021/11/15, 00:18:42.115, 74459929608, vstest.console.dll, TestRunRequest:SendTestRunMessage: Completed.
TpTrace Verbose: 0 : 17168, 9, 2021/11/15, 00:18:42.115, 74459930220, vstest.console.dll, TcpClientExtensions.MessageLoopAsync: Polling on remoteEndPoint: 127.0.0.1:51217 localEndPoint: 127.0.0.1:51215
TpTrace Verbose: 0 : 17168, 9, 2021/11/15, 00:18:42.116, 74459936048, vstest.console.dll, TcpClientExtensions.MessageLoopAsync: NotifyDataAvailable remoteEndPoint: 127.0.0.1:51217 localEndPoint: 127.0.0.1:51215
TpTrace Verbose: 0 : 17168, 9, 2021/11/15, 00:18:42.116, 74459936984, vstest.console.dll, TestRequestSender.OnExecutionMessageReceived: Received message: {"Version":5,"MessageType":"TestSession.Message","Payload":{"MessageLevel":0,"Message":"[xUnit.net 00:00:00.88]       Stack Trace:"}}
TpTrace Verbose: 0 : 17168, 9, 2021/11/15, 00:18:42.116, 74459938190, vstest.console.dll, TestRunRequest:SendTestRunMessage: Starting.
TpTrace Information: 0 : 17168, 9, 2021/11/15, 00:18:42.116, 74459938924, vstest.console.dll, TestRunRequest:SendTestRunMessage: Completed.
TpTrace Verbose: 0 : 17168, 9, 2021/11/15, 00:18:42.116, 74459939555, vstest.console.dll, TcpClientExtensions.MessageLoopAsync: Polling on remoteEndPoint: 127.0.0.1:51217 localEndPoint: 127.0.0.1:51215
TpTrace Verbose: 0 : 17168, 9, 2021/11/15, 00:18:42.117, 74459942396, vstest.console.dll, TcpClientExtensions.MessageLoopAsync: NotifyDataAvailable remoteEndPoint: 127.0.0.1:51217 localEndPoint: 127.0.0.1:51215
TpTrace Verbose: 0 : 17168, 9, 2021/11/15, 00:18:42.117, 74459943209, vstest.console.dll, TestRequestSender.OnExecutionMessageReceived: Received message: {"Version":5,"MessageType":"TestSession.Message","Payload":{"MessageLevel":0,"Message":"[xUnit.net 00:00:00.89]            at FluentAssertions.Execution.XUnit2TestFramework.Throw(String message)"}}
TpTrace Verbose: 0 : 17168, 9, 2021/11/15, 00:18:42.117, 74459944381, vstest.console.dll, TestRunRequest:SendTestRunMessage: Starting.
TpTrace Information: 0 : 17168, 9, 2021/11/15, 00:18:42.117, 74459945141, vstest.console.dll, TestRunRequest:SendTestRunMessage: Completed.
TpTrace Verbose: 0 : 17168, 9, 2021/11/15, 00:18:42.117, 74459945718, vstest.console.dll, TcpClientExtensions.MessageLoopAsync: Polling on remoteEndPoint: 127.0.0.1:51217 localEndPoint: 127.0.0.1:51215
TpTrace Verbose: 0 : 17168, 9, 2021/11/15, 00:18:42.117, 74459946166, vstest.console.dll, TcpClientExtensions.MessageLoopAsync: NotifyDataAvailable remoteEndPoint: 127.0.0.1:51217 localEndPoint: 127.0.0.1:51215
TpTrace Verbose: 0 : 17168, 9, 2021/11/15, 00:18:42.117, 74459946841, vstest.console.dll, TestRequestSender.OnExecutionMessageReceived: Received message: {"Version":5,"MessageType":"TestSession.Message","Payload":{"MessageLevel":0,"Message":"[xUnit.net 00:00:00.89]            at FluentAssertions.Execution.TestFrameworkProvider.Throw(String message)"}}
TpTrace Verbose: 0 : 17168, 9, 2021/11/15, 00:18:42.117, 74459947802, vstest.console.dll, TestRunRequest:SendTestRunMessage: Starting.
TpTrace Information: 0 : 17168, 9, 2021/11/15, 00:18:42.117, 74459948471, vstest.console.dll, TestRunRequest:SendTestRunMessage: Completed.
TpTrace Verbose: 0 : 17168, 9, 2021/11/15, 00:18:42.117, 74459949086, vstest.console.dll, TcpClientExtensions.MessageLoopAsync: Polling on remoteEndPoint: 127.0.0.1:51217 localEndPoint: 127.0.0.1:51215
TpTrace Verbose: 0 : 17168, 9, 2021/11/15, 00:18:42.117, 74459949542, vstest.console.dll, TcpClientExtensions.MessageLoopAsync: NotifyDataAvailable remoteEndPoint: 127.0.0.1:51217 localEndPoint: 127.0.0.1:51215
TpTrace Verbose: 0 : 17168, 9, 2021/11/15, 00:18:42.117, 74459950082, vstest.console.dll, TestRequestSender.OnExecutionMessageReceived: Received message: {"Version":5,"MessageType":"TestSession.Message","Payload":{"MessageLevel":0,"Message":"[xUnit.net 00:00:00.89]            at FluentAssertions.Execution.DefaultAssertionStrategy.HandleFailure(String message)"}}
TpTrace Verbose: 0 : 17168, 9, 2021/11/15, 00:18:42.117, 74459951109, vstest.console.dll, TestRunRequest:SendTestRunMessage: Starting.
TpTrace Information: 0 : 17168, 9, 2021/11/15, 00:18:42.117, 74459951693, vstest.console.dll, TestRunRequest:SendTestRunMessage: Completed.
TpTrace Verbose: 0 : 17168, 9, 2021/11/15, 00:18:42.118, 74459952296, vstest.console.dll, TcpClientExtensions.MessageLoopAsync: Polling on remoteEndPoint: 127.0.0.1:51217 localEndPoint: 127.0.0.1:51215
TpTrace Verbose: 0 : 17168, 9, 2021/11/15, 00:18:42.118, 74459952958, vstest.console.dll, TcpClientExtensions.MessageLoopAsync: NotifyDataAvailable remoteEndPoint: 127.0.0.1:51217 localEndPoint: 127.0.0.1:51215
TpTrace Verbose: 0 : 17168, 9, 2021/11/15, 00:18:42.118, 74459953627, vstest.console.dll, TestRequestSender.OnExecutionMessageReceived: Received message: {"Version":5,"MessageType":"TestSession.Message","Payload":{"MessageLevel":0,"Message":"[xUnit.net 00:00:00.89]            at FluentAssertions.Execution.AssertionScope.FailWith(Func`1 failReasonFunc)"}}
TpTrace Verbose: 0 : 17168, 9, 2021/11/15, 00:18:42.118, 74459954808, vstest.console.dll, TestRunRequest:SendTestRunMessage: Starting.
TpTrace Information: 0 : 17168, 9, 2021/11/15, 00:18:42.118, 74459955477, vstest.console.dll, TestRunRequest:SendTestRunMessage: Completed.
TpTrace Verbose: 0 : 17168, 9, 2021/11/15, 00:18:42.118, 74459956220, vstest.console.dll, TcpClientExtensions.MessageLoopAsync: Polling on remoteEndPoint: 127.0.0.1:51217 localEndPoint: 127.0.0.1:51215
TpTrace Verbose: 0 : 17168, 9, 2021/11/15, 00:18:42.118, 74459956711, vstest.console.dll, TcpClientExtensions.MessageLoopAsync: NotifyDataAvailable remoteEndPoint: 127.0.0.1:51217 localEndPoint: 127.0.0.1:51215
TpTrace Verbose: 0 : 17168, 9, 2021/11/15, 00:18:42.118, 74459957294, vstest.console.dll, TestRequestSender.OnExecutionMessageReceived: Received message: {"Version":5,"MessageType":"TestSession.Message","Payload":{"MessageLevel":0,"Message":"[xUnit.net 00:00:00.89]            at FluentAssertions.Execution.AssertionScope.FailWith(Func`1 failReasonFunc)"}}
TpTrace Verbose: 0 : 17168, 9, 2021/11/15, 00:18:42.118, 74459958354, vstest.console.dll, TestRunRequest:SendTestRunMessage: Starting.
TpTrace Information: 0 : 17168, 9, 2021/11/15, 00:18:42.118, 74459958926, vstest.console.dll, TestRunRequest:SendTestRunMessage: Completed.
TpTrace Verbose: 0 : 17168, 9, 2021/11/15, 00:18:42.118, 74459959507, vstest.console.dll, TcpClientExtensions.MessageLoopAsync: Polling on remoteEndPoint: 127.0.0.1:51217 localEndPoint: 127.0.0.1:51215
TpTrace Verbose: 0 : 17168, 9, 2021/11/15, 00:18:42.118, 74459959931, vstest.console.dll, TcpClientExtensions.MessageLoopAsync: NotifyDataAvailable remoteEndPoint: 127.0.0.1:51217 localEndPoint: 127.0.0.1:51215
TpTrace Verbose: 0 : 17168, 9, 2021/11/15, 00:18:42.118, 74459960537, vstest.console.dll, TestRequestSender.OnExecutionMessageReceived: Received message: {"Version":5,"MessageType":"TestSession.Message","Payload":{"MessageLevel":0,"Message":"[xUnit.net 00:00:00.89]            at FluentAssertions.Execution.AssertionScope.FailWith(String message, Object[] args)"}}
TpTrace Verbose: 0 : 17168, 9, 2021/11/15, 00:18:42.118, 74459961457, vstest.console.dll, TestRunRequest:SendTestRunMessage: Starting.
TpTrace Information: 0 : 17168, 9, 2021/11/15, 00:18:42.119, 74459962507, vstest.console.dll, TestRunRequest:SendTestRunMessage: Completed.
TpTrace Verbose: 0 : 17168, 9, 2021/11/15, 00:18:42.119, 74459963108, vstest.console.dll, TcpClientExtensions.MessageLoopAsync: Polling on remoteEndPoint: 127.0.0.1:51217 localEndPoint: 127.0.0.1:51215
TpTrace Verbose: 0 : 17168, 9, 2021/11/15, 00:18:42.119, 74459963552, vstest.console.dll, TcpClientExtensions.MessageLoopAsync: NotifyDataAvailable remoteEndPoint: 127.0.0.1:51217 localEndPoint: 127.0.0.1:51215
TpTrace Verbose: 0 : 17168, 9, 2021/11/15, 00:18:42.119, 74459964090, vstest.console.dll, TestRequestSender.OnExecutionMessageReceived: Received message: {"Version":5,"MessageType":"TestSession.Message","Payload":{"MessageLevel":0,"Message":"[xUnit.net 00:00:00.89]            at FluentAssertions.Primitives.StringEqualityValidator.ValidateAgainstMismatch()"}}
TpTrace Verbose: 0 : 17168, 9, 2021/11/15, 00:18:42.119, 74459965161, vstest.console.dll, TestRunRequest:SendTestRunMessage: Starting.
TpTrace Information: 0 : 17168, 9, 2021/11/15, 00:18:42.119, 74459965704, vstest.console.dll, TestRunRequest:SendTestRunMessage: Completed.
TpTrace Verbose: 0 : 17168, 9, 2021/11/15, 00:18:42.119, 74459966284, vstest.console.dll, TcpClientExtensions.MessageLoopAsync: Polling on remoteEndPoint: 127.0.0.1:51217 localEndPoint: 127.0.0.1:51215
TpTrace Verbose: 0 : 17168, 9, 2021/11/15, 00:18:42.119, 74459966708, vstest.console.dll, TcpClientExtensions.MessageLoopAsync: NotifyDataAvailable remoteEndPoint: 127.0.0.1:51217 localEndPoint: 127.0.0.1:51215
TpTrace Verbose: 0 : 17168, 9, 2021/11/15, 00:18:42.119, 74459967318, vstest.console.dll, TestRequestSender.OnExecutionMessageReceived: Received message: {"Version":5,"MessageType":"TestSession.Message","Payload":{"MessageLevel":0,"Message":"[xUnit.net 00:00:00.89]            at FluentAssertions.Primitives.StringValidator.Validate()"}}
TpTrace Verbose: 0 : 17168, 9, 2021/11/15, 00:18:42.119, 74459968224, vstest.console.dll, TestRunRequest:SendTestRunMessage: Starting.
TpTrace Information: 0 : 17168, 9, 2021/11/15, 00:18:42.119, 74459968815, vstest.console.dll, TestRunRequest:SendTestRunMessage: Completed.
TpTrace Verbose: 0 : 17168, 9, 2021/11/15, 00:18:42.119, 74459969394, vstest.console.dll, TcpClientExtensions.MessageLoopAsync: Polling on remoteEndPoint: 127.0.0.1:51217 localEndPoint: 127.0.0.1:51215
TpTrace Verbose: 0 : 17168, 9, 2021/11/15, 00:18:42.119, 74459969812, vstest.console.dll, TcpClientExtensions.MessageLoopAsync: NotifyDataAvailable remoteEndPoint: 127.0.0.1:51217 localEndPoint: 127.0.0.1:51215
TpTrace Verbose: 0 : 17168, 9, 2021/11/15, 00:18:42.119, 74459970342, vstest.console.dll, TestRequestSender.OnExecutionMessageReceived: Received message: {"Version":5,"MessageType":"TestSession.Message","Payload":{"MessageLevel":0,"Message":"[xUnit.net 00:00:00.89]            at FluentAssertions.Primitives.StringAssertions`1.Be(String expected, String because, Object[] becauseArgs)"}}
TpTrace Verbose: 0 : 17168, 9, 2021/11/15, 00:18:42.120, 74459972191, vstest.console.dll, TestRunRequest:SendTestRunMessage: Starting.
TpTrace Information: 0 : 17168, 9, 2021/11/15, 00:18:42.120, 74459973026, vstest.console.dll, TestRunRequest:SendTestRunMessage: Completed.
TpTrace Verbose: 0 : 17168, 9, 2021/11/15, 00:18:42.120, 74459973635, vstest.console.dll, TcpClientExtensions.MessageLoopAsync: Polling on remoteEndPoint: 127.0.0.1:51217 localEndPoint: 127.0.0.1:51215
TpTrace Verbose: 0 : 17168, 9, 2021/11/15, 00:18:42.120, 74459974278, vstest.console.dll, TcpClientExtensions.MessageLoopAsync: NotifyDataAvailable remoteEndPoint: 127.0.0.1:51217 localEndPoint: 127.0.0.1:51215
TpTrace Verbose: 0 : 17168, 9, 2021/11/15, 00:18:42.120, 74459975369, vstest.console.dll, TestRequestSender.OnExecutionMessageReceived: Received message: {"Version":5,"MessageType":"TestSession.Message","Payload":{"MessageLevel":0,"Message":"[xUnit.net 00:00:00.89]         D:\\Escritorio\\Scheduler\\Project\\Scheduler\\Scheduler.Test\\SchedulerTest.cs(340,0): at Scheduler.Test.SchedulerTest.Next_date_should_be_current_day_and_start_hour_when_current_hour_is_before_start_hour()"}}
TpTrace Verbose: 0 : 17168, 9, 2021/11/15, 00:18:42.120, 74459976643, vstest.console.dll, TestRunRequest:SendTestRunMessage: Starting.
TpTrace Information: 0 : 17168, 9, 2021/11/15, 00:18:42.120, 74459977193, vstest.console.dll, TestRunRequest:SendTestRunMessage: Completed.
TpTrace Verbose: 0 : 17168, 9, 2021/11/15, 00:18:42.120, 74459977597, vstest.console.dll, TcpClientExtensions.MessageLoopAsync: Polling on remoteEndPoint: 127.0.0.1:51217 localEndPoint: 127.0.0.1:51215
TpTrace Verbose: 0 : 17168, 9, 2021/11/15, 00:18:42.132, 74460100619, vstest.console.dll, TcpClientExtensions.MessageLoopAsync: NotifyDataAvailable remoteEndPoint: 127.0.0.1:51217 localEndPoint: 127.0.0.1:51215
TpTrace Verbose: 0 : 17168, 9, 2021/11/15, 00:18:42.133, 74460105016, vstest.console.dll, TestRequestSender.OnExecutionMessageReceived: Received message: {"Version":5,"MessageType":"TestExecution.StatsChange","Payload":{"NewTestResults":[{"TestCase":{"Id":"0d9e601e-7574-c291-7df8-2d2986af66ee","FullyQualifiedName":"Scheduler.Test.SchedulerTest.Once_type_schedule_should_return_empty_string_if_next_date_is_before_start_day","DisplayName":"Scheduler.Test.SchedulerTest.Once_type_schedule_should_return_empty_string_if_next_date_is_before_start_day","ExecutorUri":"executor://xunit/VsTestRunner2/netcoreapp","Source":"D:\\Escritorio\\Scheduler\\Project\\Scheduler\\Scheduler.Test\\bin\\Debug\\net5.0\\fine-code-coverage\\build-output\\Scheduler.Test.dll","CodeFilePath":null,"LineNumber":0,"Properties":[]},"Attachments":[],"Outcome":1,"ErrorMessage":null,"ErrorStackTrace":null,"DisplayName":"Scheduler.Test.SchedulerTest.Once_type_schedule_should_return_empty_string_if_next_date_is_before_start_day","Messages":[],"ComputerName":"DESKTOP-5CKAA65","Duration":"00:00:00.0005199","StartTime":"2021-11-14T23:18:42.0581305+00:00","EndTime":"2021-11-14T23:18:42.0581332+00:00","Properties":[]},{"TestCase":{"Id":"f853640e-7d30-3ae2-f061-a0024970bc26","FullyQualifiedName":"Scheduler.Test.SchedulerTest.Schedule_recurring_dailyFrecuency_hour_should_have_hour_interval_determined","DisplayName":"Scheduler.Test.SchedulerTest.Schedule_recurring_dailyFrecuency_hour_should_have_hour_interval_determined","ExecutorUri":"executor://xunit/VsTestRunner2/netcoreapp","Source":"D:\\Escritorio\\Scheduler\\Project\\Scheduler\\Scheduler.Test\\bin\\Debug\\net5.0\\fine-code-coverage\\build-output\\Scheduler.Test.dll","CodeFilePath":null,"LineNumber":0,"Properties":[]},"Attachments":[],"Outcome":1,"ErrorMessage":null,"ErrorStackTrace":null,"DisplayName":"Scheduler.Test.SchedulerTest.Schedule_recurring_dailyFrecuency_hour_should_have_hour_interval_determined","Messages":[],"ComputerName":"DESKTOP-5CKAA65","Duration":"00:00:00.0021398","StartTime":"2021-11-14T23:18:42.0617034+00:00","EndTime":"2021-11-14T23:18:42.0617053+00:00","Properties":[]},{"TestCase":{"Id":"e80b79d3-4006-9983-8cbd-83f55b644dc7","FullyQualifiedName":"Scheduler.Test.SchedulerTest.Schedule_dailyFrecuency_nextDate_should_be_startDay_when_startDay_is_after_currentDate","DisplayName":"Scheduler.Test.SchedulerTest.Schedule_dailyFrecuency_nextDate_should_be_startDay_when_startDay_is_after_currentDate","ExecutorUri":"executor://xunit/VsTestRunner2/netcoreapp","Source":"D:\\Escritorio\\Scheduler\\Project\\Scheduler\\Scheduler.Test\\bin\\Debug\\net5.0\\fine-code-coverage\\build-output\\Scheduler.Test.dll","CodeFilePath":null,"LineNumber":0,"Properties":[]},"Attachments":[],"Outcome":1,"ErrorMessage":null,"ErrorStackTrace":null,"DisplayName":"Scheduler.Test.SchedulerTest.Schedule_dailyFrecuency_nextDate_should_be_startDay_when_startDay_is_after_currentDate","Messages":[],"ComputerName":"DESKTOP-5CKAA65","Duration":"00:00:00.0004912","StartTime":"2021-11-14T23:18:42.0655668+00:00","EndTime":"2021-11-14T23:18:42.0655699+00:00","Properties":[]},{"TestCase":{"Id":"6b8ae835-fe0c-b496-cec2-a4863585b535","FullyQualifiedName":"Scheduler.Test.SchedulerTest.Schedule_recurring_dailyFrecuency_second_should_have_second_interval_determined","DisplayName":"Scheduler.Test.SchedulerTest.Schedule_recurring_dailyFrecuency_second_should_have_second_interval_determined","ExecutorUri":"executor://xunit/VsTestRunner2/netcoreapp","Source":"D:\\Escritorio\\Scheduler\\Project\\Scheduler\\Scheduler.Test\\bin\\Debug\\net5.0\\fine-code-coverage\\build-output\\Scheduler.Test.dll","CodeFilePath":null,"LineNumber":0,"Properties":[]},"Attachments":[],"Outcome":1,"ErrorMessage":null,"ErrorStackTrace":null,"DisplayName":"Scheduler.Test.SchedulerTest.Schedule_recurring_dailyFrecuency_second_should_have_second_interval_determined","Messages":[],"ComputerName":"DESKTOP-5CKAA65","Duration":"00:00:00.0013948","StartTime":"2021-11-14T23:18:42.0690227+00:00","EndTime":"2021-11-14T23:18:42.0690243+00:00","Properties":[]},{"TestCase":{"Id":"b8461db5-90a9-123d-b59c-8aea890dc7ad","FullyQualifiedName":"Scheduler.Test.SchedulerTest.Next_date_should_be_current_day_and_start_hour_when_current_hour_is_before_start_hour","DisplayName":"Scheduler.Test.SchedulerTest.Next_date_should_be_current_day_and_start_hour_when_current_hour_is_before_start_hour","ExecutorUri":"executor://xunit/VsTestRunner2/netcoreapp","Source":"D:\\Escritorio\\Scheduler\\Project\\Scheduler\\Scheduler.Test\\bin\\Debug\\net5.0\\fine-code-coverage\\build-output\\Scheduler.Test.dll","CodeFilePath":null,"LineNumber":0,"Properties":[]},"Attachments":[],"Outcome":2,"ErrorMessage":"Expected Scheduler.GetNextDateOutput(conf) to be \"Occurs every 2 weeks. Schedule will be used on 04/01/2021 at 07:00:00 starting on 07:00:00 ending on 13:00:00.\", but \"Occurs every 2 weeks. Schedule will be used on 05/01/2021 at 07:00:00 starting on 07:00:00 ending on 13:00:00.\" differs near \"5/0\" (index 48).","ErrorStackTrace":"   at FluentAssertions.Execution.XUnit2TestFramework.Throw(String message)\r\n   at FluentAssertions.Execution.TestFrameworkProvider.Throw(String message)\r\n   at FluentAssertions.Execution.DefaultAssertionStrategy.HandleFailure(String message)\r\n   at FluentAssertions.Execution.AssertionScope.FailWith(Func`1 failReasonFunc)\r\n   at FluentAssertions.Execution.AssertionScope.FailWith(Func`1 failReasonFunc)\r\n   at FluentAssertions.Execution.AssertionScope.FailWith(String message, Object[] args)\r\n   at FluentAssertions.Primitives.StringEqualityValidator.ValidateAgainstMismatch()\r\n   at FluentAssertions.Primitives.StringValidator.Validate()\r\n   at FluentAssertions.Primitives.StringAssertions`1.Be(String expected, String because, Object[] becauseArgs)\r\n   at Scheduler.Test.SchedulerTest.Next_date_should_be_current_day_and_start_hour_when_current_hour_is_before_start_hour() in D:\\Escritorio\\Scheduler\\Project\\Scheduler\\Scheduler.Test\\SchedulerTest.cs:line 340","DisplayName":"Scheduler.Test.SchedulerTest.Next_date_should_be_current_day_and_start_hour_when_current_hour_is_before_start_hour","Messages":[],"ComputerName":"DESKTOP-5CKAA65","Duration":"00:00:00.1430567","StartTime":"2021-11-14T23:18:42.1196341+00:00","EndTime":"2021-11-14T23:18:42.1196353+00:00","Properties":[]},{"TestCase":{"Id":"617000ac-4017-383a-491b-4e1329f12359","FullyQualifiedName":"Scheduler.Test.SchedulerTest.Next_date_should_be_current_when_day_of_week_match_and_end_hour_is_after_current_hour","DisplayName":"Scheduler.Test.SchedulerTest.Next_date_should_be_current_when_day_of_week_match_and_end_hour_is_after_current_hour","ExecutorUri":"executor://xunit/VsTestRunner2/netcoreapp","Source":"D:\\Escritorio\\Scheduler\\Project\\Scheduler\\Scheduler.Test\\bin\\Debug\\net5.0\\fine-code-coverage\\build-output\\Scheduler.Test.dll","CodeFilePath":null,"LineNumber":0,"Properties":[]},"Attachments":[],"Outcome":1,"ErrorMessage":null,"ErrorStackTrace":null,"DisplayName":"Scheduler.Test.SchedulerTest.Next_date_should_be_current_when_day_of_week_match_and_end_hour_is_after_current_hour","Messages":[],"ComputerName":"DESKTOP-5CKAA65","Duration":"00:00:00.0012041","StartTime":"2021-11-14T23:18:42.1220832+00:00","EndTime":"2021-11-14T23:18:42.1220849+00:00","Properties":[]},{"TestCase":{"Id":"a5b1e81a-f62d-c060-cf7f-c90f6ee8c1ce","FullyQualifiedName":"Scheduler.Test.SchedulerTest.Once_type_schedule_should_return_datetime_config_as_next_date_if_it_is_before_end_day","DisplayName":"Scheduler.Test.SchedulerTest.Once_type_schedule_should_return_datetime_config_as_next_date_if_it_is_before_end_day","ExecutorUri":"executor://xunit/VsTestRunner2/netcoreapp","Source":"D:\\Escritorio\\Scheduler\\Project\\Scheduler\\Scheduler.Test\\bin\\Debug\\net5.0\\fine-code-coverage\\build-output\\Scheduler.Test.dll","CodeFilePath":null,"LineNumber":0,"Properties":[]},"Attachments":[],"Outcome":1,"ErrorMessage":null,"ErrorStackTrace":null,"DisplayName":"Scheduler.Test.SchedulerTest.Once_type_schedule_should_return_datetime_config_as_next_date_if_it_is_before_end_day","Messages":[],"ComputerName":"DESKTOP-5CKAA65","Duration":"00:00:00.0003579","StartTime":"2021-11-14T23:18:42.123819+00:00","EndTime":"2021-11-14T23:18:42.1238199+00:00","Properties":[]},{"TestCase":{"Id":"0fcb5f83-6b56-8e20-5e56-33fa1e55cc99","FullyQualifiedName":"Scheduler.Test.SchedulerTest.Once_type_schedule_should_return_datetime_config_as_next_date_if_it_is__exactly_current_date","DisplayName":"Scheduler.Test.SchedulerTest.Once_type_schedule_should_return_datetime_config_as_next_date_if_it_is__exactly_current_date","ExecutorUri":"executor://xunit/VsTestRunner2/netcoreapp","Source":"D:\\Escritorio\\Scheduler\\Project\\Scheduler\\Scheduler.Test\\bin\\Debug\\net5.0\\fine-code-coverage\\build-output\\Scheduler.Test.dll","CodeFilePath":null,"LineNumber":0,"Properties":[]},"Attachments":[],"Outcome":1,"ErrorMessage":null,"ErrorStackTrace":null,"DisplayName":"Scheduler.Test.SchedulerTest.Once_type_schedule_should_return_datetime_config_as_next_date_if_it_is__exactly_current_date","Messages":[],"ComputerName":"DESKTOP-5CKAA65","Duration":"00:00:00.0003027","StartTime":"2021-11-14T23:18:42.1263641+00:00","EndTime":"2021-11-14T23:18:42.126366+00:00","Properties":[]},{"TestCase":{"Id":"b9f86081-4ffe-d454-c7ea-2c4c3a87bea9","FullyQualifiedName":"Scheduler.Test.SchedulerTest.Once_type_schedule_should_return_datetime_config_as_next_date_if_it_is_between_limit_dates","DisplayName":"Scheduler.Test.SchedulerTest.Once_type_schedule_should_return_datetime_config_as_next_date_if_it_is_between_limit_dates","ExecutorUri":"executor://xunit/VsTestRunner2/netcoreapp","Source":"D:\\Escritorio\\Scheduler\\Project\\Scheduler\\Scheduler.Test\\bin\\Debug\\net5.0\\fine-code-coverage\\build-output\\Scheduler.Test.dll","CodeFilePath":null,"LineNumber":0,"Properties":[]},"Attachments":[],"Outcome":1,"ErrorMessage":null,"ErrorStackTrace":null,"DisplayName":"Scheduler.Test.SchedulerTest.Once_type_schedule_should_return_datetime_config_as_next_date_if_it_is_between_limit_dates","Messages":[],"ComputerName":"DESKTOP-5CKAA65","Duration":"00:00:00.0003556","StartTime":"2021-11-14T23:18:42.1282824+00:00","EndTime":"2021-11-14T23:18:42.1282833+00:00","Properties":[]}],"TestRunStatistics":{"ExecutedTests":27,"Stats":{"Passed":26,"Failed":1}},"ActiveTests":[{"Id":"542bc486-2612-2ad4-a2a6-c6f5d4c2b83b","FullyQualifiedName":"Scheduler.Test.SchedulerTest.Scheduler_should_throw_exception_if_start_day_is_after_end_date","DisplayName":"Scheduler.Test.SchedulerTest.Scheduler_should_throw_exception_if_start_day_is_after_end_date","ExecutorUri":"executor://xunit/VsTestRunner2/netcoreapp","Source":"D:\\Escritorio\\Scheduler\\Project\\Scheduler\\Scheduler.Test\\bin\\Debug\\net5.0\\fine-code-coverage\\build-output\\Scheduler.Test.dll","CodeFilePath":null,"LineNumber":0,"Properties":[]}]}}
TpTrace Verbose: 0 : 17168, 9, 2021/11/15, 00:18:42.136, 74460134936, vstest.console.dll, TestRunRequest:SendTestRunStatsChange: Starting.
TpTrace Verbose: 0 : 17168, 9, 2021/11/15, 00:18:42.136, 74460135650, vstest.console.dll, InProgress is Scheduler.Test.SchedulerTest.Scheduler_should_throw_exception_if_start_day_is_after_end_date
TpTrace Information: 0 : 17168, 9, 2021/11/15, 00:18:42.136, 74460136602, vstest.console.dll, TestRunRequest:SendTestRunStatsChange: Completed.
TpTrace Verbose: 0 : 17168, 9, 2021/11/15, 00:18:42.136, 74460137217, vstest.console.dll, TcpClientExtensions.MessageLoopAsync: Polling on remoteEndPoint: 127.0.0.1:51217 localEndPoint: 127.0.0.1:51215
TpTrace Verbose: 0 : 17168, 9, 2021/11/15, 00:18:42.142, 74460200925, vstest.console.dll, TcpClientExtensions.MessageLoopAsync: NotifyDataAvailable remoteEndPoint: 127.0.0.1:51217 localEndPoint: 127.0.0.1:51215
TpTrace Verbose: 0 : 17168, 9, 2021/11/15, 00:18:42.143, 74460202585, vstest.console.dll, TestRequestSender.OnExecutionMessageReceived: Received message: {"Version":5,"MessageType":"TestSession.Message","Payload":{"MessageLevel":0,"Message":"[xUnit.net 00:00:00.91]   Finished:    Scheduler.Test"}}
TpTrace Verbose: 0 : 17168, 9, 2021/11/15, 00:18:42.143, 74460205032, vstest.console.dll, TestRunRequest:SendTestRunMessage: Starting.
TpTrace Information: 0 : 17168, 9, 2021/11/15, 00:18:42.143, 74460206029, vstest.console.dll, TestRunRequest:SendTestRunMessage: Completed.
TpTrace Verbose: 0 : 17168, 9, 2021/11/15, 00:18:42.143, 74460206856, vstest.console.dll, TcpClientExtensions.MessageLoopAsync: Polling on remoteEndPoint: 127.0.0.1:51217 localEndPoint: 127.0.0.1:51215
TpTrace Verbose: 0 : 17168, 9, 2021/11/15, 00:18:42.162, 74460401436, vstest.console.dll, TcpClientExtensions.MessageLoopAsync: NotifyDataAvailable remoteEndPoint: 127.0.0.1:51217 localEndPoint: 127.0.0.1:51215
TpTrace Verbose: 0 : 17168, 9, 2021/11/15, 00:18:42.163, 74460403643, vstest.console.dll, TestRequestSender.OnExecutionMessageReceived: Received message: {"Version":5,"MessageType":"TestExecution.Completed","Payload":{"TestRunCompleteArgs":{"TestRunStatistics":{"ExecutedTests":30,"Stats":{"Passed":29,"Failed":1}},"IsCanceled":false,"IsAborted":false,"Error":null,"AttachmentSets":[],"ElapsedTimeInRunningTests":"00:00:00.9288309","Metrics":{}},"LastRunTests":{"NewTestResults":[{"TestCase":{"Id":"542bc486-2612-2ad4-a2a6-c6f5d4c2b83b","FullyQualifiedName":"Scheduler.Test.SchedulerTest.Scheduler_should_throw_exception_if_start_day_is_after_end_date","DisplayName":"Scheduler.Test.SchedulerTest.Scheduler_should_throw_exception_if_start_day_is_after_end_date","ExecutorUri":"executor://xunit/VsTestRunner2/netcoreapp","Source":"D:\\Escritorio\\Scheduler\\Project\\Scheduler\\Scheduler.Test\\bin\\Debug\\net5.0\\fine-code-coverage\\build-output\\Scheduler.Test.dll","CodeFilePath":null,"LineNumber":0,"Properties":[]},"Attachments":[],"Outcome":1,"ErrorMessage":null,"ErrorStackTrace":null,"DisplayName":"Scheduler.Test.SchedulerTest.Scheduler_should_throw_exception_if_start_day_is_after_end_date","Messages":[],"ComputerName":"DESKTOP-5CKAA65","Duration":"00:00:00.0017479","StartTime":"2021-11-14T23:18:42.1345799+00:00","EndTime":"2021-11-14T23:18:42.1345815+00:00","Properties":[]},{"TestCase":{"Id":"822fbadc-b352-5fa5-7007-aeed22685d08","FullyQualifiedName":"Scheduler.Test.SchedulerTest.Schedule_recurring_dailyFrecuency_minute_should_have_minute_interval_determined","DisplayName":"Scheduler.Test.SchedulerTest.Schedule_recurring_dailyFrecuency_minute_should_have_minute_interval_determined","ExecutorUri":"executor://xunit/VsTestRunner2/netcoreapp","Source":"D:\\Escritorio\\Scheduler\\Project\\Scheduler\\Scheduler.Test\\bin\\Debug\\net5.0\\fine-code-coverage\\build-output\\Scheduler.Test.dll","CodeFilePath":null,"LineNumber":0,"Properties":[]},"Attachments":[],"Outcome":1,"ErrorMessage":null,"ErrorStackTrace":null,"DisplayName":"Scheduler.Test.SchedulerTest.Schedule_recurring_dailyFrecuency_minute_should_have_minute_interval_determined","Messages":[],"ComputerName":"DESKTOP-5CKAA65","Duration":"00:00:00.0013659","StartTime":"2021-11-14T23:18:42.1375124+00:00","EndTime":"2021-11-14T23:18:42.1375146+00:00","Properties":[]},{"TestCase":{"Id":"d5875b5a-47d5-3465-f3bc-fdda64870b85","FullyQualifiedName":"Scheduler.Test.SchedulerTest.Schedule_dailyFrecuency_nextDate_should_be_current_plus_days_of_interval_when_current_hour_bigger_than_HourOnce","DisplayName":"Scheduler.Test.SchedulerTest.Schedule_dailyFrecuency_nextDate_should_be_current_plus_days_of_interval_when_current_hour_bigger_than_HourOnce","ExecutorUri":"executor://xunit/VsTestRunner2/netcoreapp","Source":"D:\\Escritorio\\Scheduler\\Project\\Scheduler\\Scheduler.Test\\bin\\Debug\\net5.0\\fine-code-coverage\\build-output\\Scheduler.Test.dll","CodeFilePath":null,"LineNumber":0,"Properties":[]},"Attachments":[],"Outcome":1,"ErrorMessage":null,"ErrorStackTrace":null,"DisplayName":"Scheduler.Test.SchedulerTest.Schedule_dailyFrecuency_nextDate_should_be_current_plus_days_of_interval_when_current_hour_bigger_than_HourOnce","Messages":[],"ComputerName":"DESKTOP-5CKAA65","Duration":"00:00:00.0004263","StartTime":"2021-11-14T23:18:42.1397232+00:00","EndTime":"2021-11-14T23:18:42.1397244+00:00","Properties":[]}],"TestRunStatistics":{"ExecutedTests":30,"Stats":{"Passed":29,"Failed":1}},"ActiveTests":[]},"RunAttachments":[],"ExecutorUris":["executor://xunit/VsTestRunner2/netcoreapp"]}}
TpTrace Verbose: 0 : 17168, 9, 2021/11/15, 00:18:42.163, 74460406353, vstest.console.dll, TestRequestSender.EndSession: Sending end session.
TpTrace Verbose: 0 : 17168, 9, 2021/11/15, 00:18:42.163, 74460407686, vstest.console.dll, ProxyOperationManager.Close: waiting for test host to exit for 100 ms
TpTrace Warning: 0 : 17168, 10, 2021/11/15, 00:18:42.179, 74460565784, vstest.console.dll, TestHostManagerCallbacks.ErrorReceivedCallback Test host standard error line: 
TpTrace Verbose: 0 : 17168, 7, 2021/11/15, 00:18:42.191, 74460689786, vstest.console.dll, TestHostProvider.ExitCallBack: Host exited starting callback.
TpTrace Information: 0 : 17168, 7, 2021/11/15, 00:18:42.192, 74460696833, vstest.console.dll, TestHostManagerCallbacks.ExitCallBack: Testhost processId: 16144 exited with exitcode: 0 error: ''
TpTrace Verbose: 0 : 17168, 7, 2021/11/15, 00:18:42.192, 74460697576, vstest.console.dll, DotnetTestHostManager.OnHostExited: invoking OnHostExited callback
TpTrace Verbose: 0 : 17168, 7, 2021/11/15, 00:18:42.192, 74460698196, vstest.console.dll, CrossPlatEngine.TestHostManagerHostExited: calling on client process exit callback.
TpTrace Information: 0 : 17168, 7, 2021/11/15, 00:18:42.192, 74460698818, vstest.console.dll, TestRequestSender.OnClientProcessExit: Test host process exited. Standard error: 
TpTrace Warning: 0 : 17168, 9, 2021/11/15, 00:18:42.192, 74460698874, vstest.console.dll, ProxyOperationManager: Timed out waiting for test host to exit. Will terminate process.
TpTrace Information: 0 : 17168, 7, 2021/11/15, 00:18:42.192, 74460699419, vstest.console.dll, SocketServer.Stop: Stop server endPoint: 127.0.0.1:51215
TpTrace Information: 0 : 17168, 7, 2021/11/15, 00:18:42.192, 74460700458, vstest.console.dll, SocketServer.Stop: Cancellation requested. Stopping message loop.
TpTrace Verbose: 0 : 17168, 9, 2021/11/15, 00:18:42.193, 74460705868, vstest.console.dll, ProxyDataCollectionManager.InvokeDataCollectionServiceAction: Starting.
TpTrace Information: 0 : 17168, 9, 2021/11/15, 00:18:42.193, 74460706485, vstest.console.dll, ProxyDataCollectionManager.AfterTestRunEnd: Get attachment set for datacollector processId: 9924 port: 51212
TpTrace Verbose: 0 : 17168, 9, 2021/11/15, 00:18:42.193, 74460707040, vstest.console.dll, DataCollectionRequestSender.SendAfterTestRunStartAndGetResult : Send AfterTestRunEnd message with isCancelled: False
TpTrace Verbose: 0 : 17168, 9, 2021/11/15, 00:18:42.197, 74460746162, vstest.console.dll, DataCollectionRequestSender.SendAfterTestRunStartAndGetResult : Received message: (DataCollection.AfterTestRunEndResult) -> {
  "AttachmentSets": [],
  "Metrics": {}
}
TpTrace Information: 0 : 17168, 9, 2021/11/15, 00:18:42.199, 74460770920, vstest.console.dll, ProxyDataCollectionManager.InvokeDataCollectionServiceAction: Completed.
TpTrace Warning: 0 : 17168, 6, 2021/11/15, 00:18:42.204, 74460813812, vstest.console.dll, DataCollectionLauncher.ErrorReceivedCallback datacollector standard error line: 
TpTrace Information: 0 : 17168, 7, 2021/11/15, 00:18:42.209, 74460866303, vstest.console.dll, DataCollectionLauncher.ExitCallBack: Data collector exited with exitcode: 0 error: ''
TpTrace Verbose: 0 : 17168, 9, 2021/11/15, 00:18:42.223, 74461008453, vstest.console.dll, TestRunRequest:SendTestRunStatsChange: Starting.
TpTrace Information: 0 : 17168, 9, 2021/11/15, 00:18:42.223, 74461009671, vstest.console.dll, TestRunRequest:SendTestRunStatsChange: Completed.
TpTrace Verbose: 0 : 17168, 9, 2021/11/15, 00:18:42.223, 74461011908, vstest.console.dll, ParallelProxyExecutionManager: HandlePartialRunComplete: Total completed clients = 1, Run complete = True, Run canceled: False.
TpTrace Verbose: 0 : 17168, 9, 2021/11/15, 00:18:42.247, 74461249140, vstest.console.dll, TestRunRequest:TestRunComplete: Starting. IsAborted:False IsCanceled:False.
TpTrace Verbose: 0 : 17168, 9, 2021/11/15, 00:18:42.247, 74461251481, vstest.console.dll, TestLoggerManager.HandleTestRunComplete: Ignoring as the object is disposed.
TpTrace Information: 0 : 17168, 9, 2021/11/15, 00:18:42.248, 74461254082, vstest.console.dll, TestRunRequest:TestRunComplete: Completed.
TpTrace Verbose: 0 : 17168, 1, 2021/11/15, 00:18:42.248, 74461254392, vstest.console.dll, TestRunRequest.Dispose: Starting.
TpTrace Verbose: 0 : 17168, 9, 2021/11/15, 00:18:42.248, 74461254767, vstest.console.dll, TestRequestSender.SetOperationComplete: Setting operation complete.
TpTrace Information: 0 : 17168, 1, 2021/11/15, 00:18:42.248, 74461255462, vstest.console.dll, TestRunRequest.Dispose: Completed.
TpTrace Information: 0 : 17168, 9, 2021/11/15, 00:18:42.248, 74461255983, vstest.console.dll, SocketServer.Stop: Stop server endPoint: 127.0.0.1:51215
TpTrace Information: 0 : 17168, 1, 2021/11/15, 00:18:42.248, 74461256641, vstest.console.dll, TestRequestManager.RunTests: run tests completed.
TpTrace Information: 0 : 17168, 9, 2021/11/15, 00:18:42.248, 74461257047, vstest.console.dll, SocketServer.Stop: Cancellation requested. Stopping message loop.
TpTrace Information: 0 : 17168, 1, 2021/11/15, 00:18:42.248, 74461258031, vstest.console.dll, RunTestsArgumentProcessor:Execute: Test run is completed.
TpTrace Information: 0 : 17168, 9, 2021/11/15, 00:18:42.248, 74461258270, vstest.console.dll, SocketServer.PrivateStop: Stop server endPoint: 127.0.0.1:51215 error: 
TpTrace Verbose: 0 : 17168, 1, 2021/11/15, 00:18:42.248, 74461260313, vstest.console.dll, Executor.Execute: Exiting with exit code of 1
TpTrace Verbose: 0 : 17168, 9, 2021/11/15, 00:18:42.249, 74461264436, vstest.console.dll, LengthPrefixCommunicationChannel.Dispose: Dispose reader and writer.
TpTrace Information: 0 : 17168, 9, 2021/11/15, 00:18:42.249, 74461265295, vstest.console.dll, SocketServer.Stop: Raise disconnected event endPoint: 127.0.0.1:51215 error: 
TpTrace Verbose: 0 : 17168, 9, 2021/11/15, 00:18:42.249, 74461265984, vstest.console.dll, TestRequestSender: OnTestRunAbort: Operation is already complete. Skip error message.
TpTrace Verbose: 0 : 17168, 9, 2021/11/15, 00:18:42.249, 74461266390, vstest.console.dll, TcpClientExtensions.MessageLoopAsync: exiting MessageLoopAsync remoteEndPoint: 127.0.0.1:51217 localEndPoint: 127.0.0.1:51215
