<?xml version="1.0" encoding="utf-8"?>
<coverage line-rate="0.9892" branch-rate="0.9155" version="1.9" timestamp="1637089458" lines-covered="920" lines-valid="930" branches-covered="141" branches-valid="154">
  <sources>
    <source>D:\Escritorio\Scheduler\Project\Scheduler\</source>
    <source>C:\</source>
  </sources>
  <packages>
    <package name="Scheduler" line-rate="0.9756" branch-rate="0.9144" complexity="206">
      <classes>
        <class name="Scheduler.Configuration" filename="Scheduler\Configuration.cs" line-rate="1" branch-rate="1" complexity="18">
          <methods>
            <method name="get_CurrentDate" signature="()" line-rate="1" branch-rate="1" complexity="1">
              <lines>
                <line number="10" hits="122" branch="False" />
              </lines>
            </method>
            <method name="get_DateOnce" signature="()" line-rate="1" branch-rate="1" complexity="1">
              <lines>
                <line number="11" hits="38" branch="False" />
              </lines>
            </method>
            <method name="get_TypeOfSchedule" signature="()" line-rate="1" branch-rate="1" complexity="1">
              <lines>
                <line number="12" hits="129" branch="False" />
              </lines>
            </method>
            <method name="get_Frecuency" signature="()" line-rate="1" branch-rate="1" complexity="1">
              <lines>
                <line number="13" hits="58" branch="False" />
              </lines>
            </method>
            <method name="get_NumberOfDays" signature="()" line-rate="1" branch-rate="1" complexity="1">
              <lines>
                <line number="14" hits="32" branch="False" />
              </lines>
            </method>
            <method name="get_StartDate" signature="()" line-rate="1" branch-rate="1" complexity="1">
              <lines>
                <line number="15" hits="136" branch="False" />
              </lines>
            </method>
            <method name="get_EndDate" signature="()" line-rate="1" branch-rate="1" complexity="1">
              <lines>
                <line number="16" hits="94" branch="False" />
              </lines>
            </method>
            <method name="get_DailyMode" signature="()" line-rate="1" branch-rate="1" complexity="1">
              <lines>
                <line number="17" hits="64" branch="False" />
              </lines>
            </method>
            <method name="get_DailyFrecuency" signature="()" line-rate="1" branch-rate="1" complexity="1">
              <lines>
                <line number="18" hits="32" branch="False" />
              </lines>
            </method>
            <method name="get_HourOnce" signature="()" line-rate="1" branch-rate="1" complexity="1">
              <lines>
                <line number="19" hits="22" branch="False" />
              </lines>
            </method>
            <method name="get_StartHour" signature="()" line-rate="1" branch-rate="1" complexity="1">
              <lines>
                <line number="20" hits="78" branch="False" />
              </lines>
            </method>
            <method name="get_EndHour" signature="()" line-rate="1" branch-rate="1" complexity="1">
              <lines>
                <line number="21" hits="78" branch="False" />
              </lines>
            </method>
            <method name="get_SecondInterval" signature="()" line-rate="1" branch-rate="1" complexity="1">
              <lines>
                <line number="22" hits="13" branch="False" />
              </lines>
            </method>
            <method name="get_MinuteInterval" signature="()" line-rate="1" branch-rate="1" complexity="1">
              <lines>
                <line number="23" hits="23" branch="False" />
              </lines>
            </method>
            <method name="get_HourInterval" signature="()" line-rate="1" branch-rate="1" complexity="1">
              <lines>
                <line number="24" hits="38" branch="False" />
              </lines>
            </method>
            <method name="get_WeekInterval" signature="()" line-rate="1" branch-rate="1" complexity="1">
              <lines>
                <line number="25" hits="49" branch="False" />
              </lines>
            </method>
            <method name="get_DaysOfWeek" signature="()" line-rate="1" branch-rate="1" complexity="1">
              <lines>
                <line number="26" hits="30" branch="False" />
              </lines>
            </method>
            <method name=".ctor" signature="()" line-rate="1" branch-rate="1" complexity="1">
              <lines>
                <line number="8" hits="41" branch="False" />
                <line number="9" hits="82" branch="False" />
              </lines>
            </method>
          </methods>
          <lines>
            <line number="10" hits="122" branch="False" />
            <line number="11" hits="38" branch="False" />
            <line number="12" hits="129" branch="False" />
            <line number="13" hits="58" branch="False" />
            <line number="14" hits="32" branch="False" />
            <line number="15" hits="136" branch="False" />
            <line number="16" hits="94" branch="False" />
            <line number="17" hits="64" branch="False" />
            <line number="18" hits="32" branch="False" />
            <line number="19" hits="22" branch="False" />
            <line number="20" hits="78" branch="False" />
            <line number="21" hits="78" branch="False" />
            <line number="22" hits="13" branch="False" />
            <line number="23" hits="23" branch="False" />
            <line number="24" hits="38" branch="False" />
            <line number="25" hits="49" branch="False" />
            <line number="26" hits="30" branch="False" />
            <line number="8" hits="41" branch="False" />
            <line number="9" hits="82" branch="False" />
          </lines>
        </class>
        <class name="Scheduler.Date" filename="Scheduler\Date.cs" line-rate="0.7272" branch-rate="0.375" complexity="12">
          <methods>
            <method name="get_Day" signature="()" line-rate="1" branch-rate="1" complexity="1">
              <lines>
                <line number="21" hits="267" branch="False" />
              </lines>
            </method>
            <method name="get_Hour" signature="()" line-rate="1" branch-rate="1" complexity="1">
              <lines>
                <line number="22" hits="140" branch="False" />
              </lines>
            </method>
            <method name="op_GreaterThan" signature="(Scheduler.Date,Scheduler.Date)" line-rate="0" branch-rate="0" complexity="4">
              <lines>
                <line number="25" hits="0" branch="False" />
                <line number="26" hits="0" branch="True" condition-coverage="0% (0/2)">
                  <conditions>
                    <condition number="20" type="jump" coverage="0%" />
                  </conditions>
                </line>
                <line number="27" hits="0" branch="False" />
                <line number="28" hits="0" branch="True" condition-coverage="0% (0/2)">
                  <conditions>
                    <condition number="52" type="jump" coverage="0%" />
                  </conditions>
                </line>
                <line number="30" hits="0" branch="False" />
                <line number="32" hits="0" branch="False" />
              </lines>
            </method>
            <method name="op_LessThan" signature="(Scheduler.Date,Scheduler.Date)" line-rate="1" branch-rate="0.75" complexity="4">
              <lines>
                <line number="35" hits="23" branch="False" />
                <line number="36" hits="23" branch="True" condition-coverage="100% (2/2)">
                  <conditions>
                    <condition number="20" type="jump" coverage="100%" />
                  </conditions>
                </line>
                <line number="37" hits="7" branch="False" />
                <line number="38" hits="7" branch="True" condition-coverage="50% (1/2)">
                  <conditions>
                    <condition number="52" type="jump" coverage="50%" />
                  </conditions>
                </line>
                <line number="40" hits="16" branch="False" />
                <line number="41" hits="23" branch="False" />
              </lines>
            </method>
            <method name=".ctor" signature="(System.DateTime)" line-rate="1" branch-rate="1" complexity="1">
              <lines>
                <line number="11" hits="69" branch="False" />
                <line number="12" hits="69" branch="False" />
                <line number="13" hits="69" branch="False" />
                <line number="14" hits="69" branch="False" />
              </lines>
            </method>
            <method name=".ctor" signature="(System.DateTime,System.Nullable`1&lt;System.TimeSpan&gt;)" line-rate="1" branch-rate="1" complexity="1">
              <lines>
                <line number="16" hits="69" branch="False" />
                <line number="17" hits="69" branch="False" />
                <line number="18" hits="69" branch="False" />
                <line number="19" hits="69" branch="False" />
              </lines>
            </method>
          </methods>
          <lines>
            <line number="21" hits="267" branch="False" />
            <line number="22" hits="140" branch="False" />
            <line number="25" hits="0" branch="False" />
            <line number="26" hits="0" branch="True" condition-coverage="0% (0/2)">
              <conditions>
                <condition number="20" type="jump" coverage="0%" />
              </conditions>
            </line>
            <line number="27" hits="0" branch="False" />
            <line number="28" hits="0" branch="True" condition-coverage="0% (0/2)">
              <conditions>
                <condition number="52" type="jump" coverage="0%" />
              </conditions>
            </line>
            <line number="30" hits="0" branch="False" />
            <line number="32" hits="0" branch="False" />
            <line number="35" hits="23" branch="False" />
            <line number="36" hits="23" branch="True" condition-coverage="100% (2/2)">
              <conditions>
                <condition number="20" type="jump" coverage="100%" />
              </conditions>
            </line>
            <line number="37" hits="7" branch="False" />
            <line number="38" hits="7" branch="True" condition-coverage="50% (1/2)">
              <conditions>
                <condition number="52" type="jump" coverage="50%" />
              </conditions>
            </line>
            <line number="40" hits="16" branch="False" />
            <line number="41" hits="23" branch="False" />
            <line number="11" hits="69" branch="False" />
            <line number="12" hits="69" branch="False" />
            <line number="13" hits="69" branch="False" />
            <line number="14" hits="69" branch="False" />
            <line number="16" hits="69" branch="False" />
            <line number="17" hits="69" branch="False" />
            <line number="18" hits="69" branch="False" />
            <line number="19" hits="69" branch="False" />
          </lines>
        </class>
        <class name="Scheduler.DateTimeExtension" filename="Scheduler\DateTimeExtension.cs" line-rate="1" branch-rate="1" complexity="1">
          <methods>
            <method name="GetWeek" signature="(System.DateTime)" line-rate="1" branch-rate="1" complexity="1">
              <lines>
                <line number="12" hits="6" branch="False" />
                <line number="13" hits="6" branch="False" />
                <line number="14" hits="6" branch="False" />
              </lines>
            </method>
          </methods>
          <lines>
            <line number="12" hits="6" branch="False" />
            <line number="13" hits="6" branch="False" />
            <line number="14" hits="6" branch="False" />
          </lines>
        </class>
        <class name="Scheduler.Scheduler" filename="Scheduler\Scheduler.cs" line-rate="1" branch-rate="0.9561" complexity="116">
          <methods>
            <method name="GetNextDateOutput" signature="(Scheduler.Configuration)" line-rate="1" branch-rate="1" complexity="2">
              <lines>
                <line number="12" hits="41" branch="False" />
                <line number="13" hits="41" branch="False" />
                <line number="15" hits="39" branch="True" condition-coverage="100% (2/2)">
                  <conditions>
                    <condition number="37" type="jump" coverage="100%" />
                  </conditions>
                </line>
                <line number="16" hits="10" branch="False" />
                <line number="17" hits="10" branch="False" />
                <line number="19" hits="29" branch="False" />
                <line number="20" hits="27" branch="False" />
              </lines>
            </method>
            <method name="GetNextDateRecurring" signature="(Scheduler.Configuration)" line-rate="1" branch-rate="1" complexity="6">
              <lines>
                <line number="23" hits="29" branch="False" />
                <line number="24" hits="29" branch="True" condition-coverage="100% (4/4)">
                  <conditions>
                    <condition number="15" type="jump" coverage="100%" />
                    <condition number="47" type="jump" coverage="100%" />
                  </conditions>
                </line>
                <line number="25" hits="29" branch="False" />
                <line number="26" hits="29" branch="False" />
                <line number="28" hits="29" branch="True" condition-coverage="100% (2/2)">
                  <conditions>
                    <condition number="108" type="jump" coverage="100%" />
                  </conditions>
                </line>
                <line number="29" hits="11" branch="False" />
                <line number="30" hits="11" branch="False" />
                <line number="32" hits="18" branch="False" />
                <line number="33" hits="18" branch="False" />
              </lines>
            </method>
            <method name="GetNextDateDaily" signature="(Scheduler.Configuration,System.DateTime)" line-rate="1" branch-rate="1" complexity="4">
              <lines>
                <line number="36" hits="11" branch="False" />
                <line number="37" hits="11" branch="True" condition-coverage="100% (2/2)">
                  <conditions>
                    <condition number="20" type="jump" coverage="100%" />
                  </conditions>
                </line>
                <line number="38" hits="1" branch="False" />
                <line number="39" hits="1" branch="False" />
                <line number="41" hits="10" branch="True" condition-coverage="100% (2/2)">
                  <conditions>
                    <condition number="50" type="jump" coverage="100%" />
                  </conditions>
                </line>
                <line number="42" hits="4" branch="False" />
                <line number="43" hits="4" branch="False" />
                <line number="45" hits="6" branch="False" />
                <line number="46" hits="7" branch="False" />
              </lines>
            </method>
            <method name="GetNextDateDailyOnceMessage" signature="(Scheduler.Configuration,System.DateTime)" line-rate="1" branch-rate="0.8" complexity="10">
              <lines>
                <line number="49" hits="4" branch="False" />
                <line number="52" hits="4" branch="True" condition-coverage="80% (8/10)">
                  <conditions>
                    <condition number="20" type="jump" coverage="50%" />
                    <condition number="47" type="jump" coverage="100%" />
                    <condition number="64" type="jump" coverage="100%" />
                    <condition number="84" type="jump" coverage="50%" />
                    <condition number="111" type="jump" coverage="100%" />
                  </conditions>
                </line>
                <line number="53" hits="4" branch="False" />
                <line number="54" hits="2" branch="False" />
                <line number="55" hits="2" branch="False" />
                <line number="56" hits="2" branch="False" />
                <line number="58" hits="2" branch="False" />
                <line number="59" hits="2" branch="False" />
                <line number="60" hits="2" branch="False" />
                <line number="61" hits="4" branch="False" />
                <line number="62" hits="4" branch="False" />
                <line number="63" hits="4" branch="False" />
              </lines>
            </method>
            <method name="GetNextDateDailyWithDailyFrecuencyMessage" signature="(Scheduler.Configuration,System.DateTime)" line-rate="1" branch-rate="1" complexity="8">
              <lines>
                <line number="66" hits="6" branch="False" />
                <line number="67" hits="6" branch="True" condition-coverage="100% (2/2)">
                  <conditions>
                    <condition number="16" type="jump" coverage="100%" />
                  </conditions>
                </line>
                <line number="68" hits="6" branch="True" condition-coverage="100% (2/2)">
                  <conditions>
                    <condition number="48" type="jump" coverage="100%" />
                  </conditions>
                </line>
                <line number="70" hits="6" branch="False" />
                <line number="72" hits="3" branch="False" />
                <line number="74" hits="3" branch="True" condition-coverage="100% (2/2)">
                  <conditions>
                    <condition number="95" type="jump" coverage="100%" />
                  </conditions>
                </line>
                <line number="75" hits="3" branch="False" />
                <line number="76" hits="3" branch="False" />
                <line number="77" hits="3" branch="False" />
                <line number="78" hits="3" branch="True" condition-coverage="100% (2/2)">
                  <conditions>
                    <condition number="122" type="jump" coverage="100%" />
                  </conditions>
                </line>
                <line number="79" hits="2" branch="False" />
                <line number="80" hits="2" branch="False" />
                <line number="81" hits="2" branch="False" />
                <line number="82" hits="2" branch="False" />
                <line number="84" hits="3" branch="False" />
                <line number="85" hits="3" branch="False" />
                <line number="86" hits="3" branch="False" />
                <line number="87" hits="3" branch="False" />
              </lines>
            </method>
            <method name="GetNextDateCurrentDay" signature="(System.TimeSpan,System.TimeSpan,Scheduler.Date,System.TimeSpan)" line-rate="1" branch-rate="0.8332999999999999" complexity="6">
              <lines>
                <line number="90" hits="7" branch="False" />
                <line number="91" hits="7" branch="True" condition-coverage="75% (3/4)">
                  <conditions>
                    <condition number="17" type="jump" coverage="50%" />
                    <condition number="37" type="jump" coverage="100%" />
                  </conditions>
                </line>
                <line number="92" hits="6" branch="False" />
                <line number="93" hits="6" branch="False" />
                <line number="94" hits="6" branch="True" condition-coverage="100% (2/2)">
                  <conditions>
                    <condition number="61" type="jump" coverage="100%" />
                  </conditions>
                </line>
                <line number="95" hits="4" branch="False" />
                <line number="96" hits="4" branch="False" />
                <line number="98" hits="2" branch="False" />
                <line number="99" hits="3" branch="False" />
                <line number="100" hits="7" branch="False" />
              </lines>
            </method>
            <method name="GetNextHourInCurrentDay" signature="(System.TimeSpan,System.TimeSpan,Scheduler.Date,System.TimeSpan)" line-rate="1" branch-rate="0.8332999999999999" complexity="6">
              <lines>
                <line number="103" hits="6" branch="False" />
                <line number="104" hits="6" branch="False" />
                <line number="105" hits="6" branch="False" />
                <line number="106" hits="20" branch="True" condition-coverage="100% (2/2)">
                  <conditions>
                    <condition number="89" type="jump" coverage="100%" />
                  </conditions>
                </line>
                <line number="107" hits="18" branch="False" />
                <line number="108" hits="18" branch="True" condition-coverage="75% (3/4)">
                  <conditions>
                    <condition number="31" type="jump" coverage="50%" />
                    <condition number="51" type="jump" coverage="100%" />
                  </conditions>
                </line>
                <line number="109" hits="14" branch="False" />
                <line number="110" hits="14" branch="False" />
                <line number="111" hits="14" branch="False" />
                <line number="113" hits="4" branch="False" />
                <line number="114" hits="4" branch="False" />
                <line number="115" hits="4" branch="False" />
                <line number="117" hits="14" branch="False" />
                <line number="118" hits="6" branch="False" />
                <line number="119" hits="6" branch="False" />
              </lines>
            </method>
            <method name="ValidateDailyFrecuency" signature="(Scheduler.Configuration)" line-rate="1" branch-rate="1" complexity="22">
              <lines>
                <line number="122" hits="19" branch="False" />
                <line number="123" hits="19" branch="False" />
                <line number="125" hits="19" branch="True" condition-coverage="100% (4/4)">
                  <conditions>
                    <condition number="19" type="switch" coverage="100%" />
                  </conditions>
                </line>
                <line number="128" hits="9" branch="True" condition-coverage="100% (2/2)">
                  <conditions>
                    <condition number="61" type="jump" coverage="100%" />
                  </conditions>
                </line>
                <line number="129" hits="1" branch="False" />
                <line number="130" hits="1" branch="False" />
                <line number="132" hits="8" branch="True" condition-coverage="100% (4/4)">
                  <conditions>
                    <condition number="96" type="jump" coverage="100%" />
                    <condition number="127" type="jump" coverage="100%" />
                  </conditions>
                </line>
                <line number="133" hits="2" branch="False" />
                <line number="134" hits="2" branch="False" />
                <line number="136" hits="6" branch="False" />
                <line number="137" hits="6" branch="False" />
                <line number="139" hits="6" branch="True" condition-coverage="100% (2/2)">
                  <conditions>
                    <condition number="197" type="jump" coverage="100%" />
                  </conditions>
                </line>
                <line number="140" hits="1" branch="False" />
                <line number="141" hits="1" branch="False" />
                <line number="143" hits="5" branch="True" condition-coverage="100% (4/4)">
                  <conditions>
                    <condition number="232" type="jump" coverage="100%" />
                    <condition number="266" type="jump" coverage="100%" />
                  </conditions>
                </line>
                <line number="144" hits="2" branch="False" />
                <line number="145" hits="2" branch="False" />
                <line number="147" hits="3" branch="False" />
                <line number="148" hits="3" branch="False" />
                <line number="150" hits="4" branch="True" condition-coverage="100% (2/2)">
                  <conditions>
                    <condition number="336" type="jump" coverage="100%" />
                  </conditions>
                </line>
                <line number="151" hits="1" branch="False" />
                <line number="152" hits="1" branch="False" />
                <line number="154" hits="3" branch="True" condition-coverage="100% (4/4)">
                  <conditions>
                    <condition number="371" type="jump" coverage="100%" />
                    <condition number="405" type="jump" coverage="100%" />
                  </conditions>
                </line>
                <line number="155" hits="2" branch="False" />
                <line number="156" hits="2" branch="False" />
                <line number="158" hits="1" branch="False" />
                <line number="159" hits="1" branch="False" />
                <line number="161" hits="10" branch="False" />
                <line number="162" hits="10" branch="False" />
              </lines>
            </method>
            <method name="GetNextDateOnceMessage" signature="(Scheduler.Configuration)" line-rate="1" branch-rate="1" complexity="2">
              <lines>
                <line number="165" hits="10" branch="False" />
                <line number="166" hits="10" branch="True" condition-coverage="100% (2/2)">
                  <conditions>
                    <condition number="12" type="jump" coverage="100%" />
                  </conditions>
                </line>
                <line number="167" hits="1" branch="False" />
                <line number="168" hits="1" branch="False" />
                <line number="171" hits="9" branch="False" />
                <line number="172" hits="9" branch="False" />
                <line number="173" hits="9" branch="False" />
              </lines>
            </method>
            <method name="ValidateDateLimits" signature="(Scheduler.Date,Scheduler.Date,System.Nullable`1&lt;System.DateTime&gt;,System.Nullable`1&lt;System.DateTime&gt;,System.String)" line-rate="1" branch-rate="1" complexity="10">
              <lines>
                <line number="176" hits="23" branch="False" />
                <line number="177" hits="23" branch="True" condition-coverage="100% (2/2)">
                  <conditions>
                    <condition number="10" type="jump" coverage="100%" />
                  </conditions>
                </line>
                <line number="178" hits="23" branch="True" condition-coverage="100% (2/2)">
                  <conditions>
                    <condition number="36" type="jump" coverage="100%" />
                  </conditions>
                </line>
                <line number="180" hits="23" branch="True" condition-coverage="100% (6/6)">
                  <conditions>
                    <condition number="60" type="jump" coverage="100%" />
                    <condition number="74" type="jump" coverage="100%" />
                    <condition number="96" type="jump" coverage="100%" />
                  </conditions>
                </line>
                <line number="181" hits="23" branch="False" />
                <line number="182" hits="3" branch="False" />
                <line number="183" hits="3" branch="False" />
                <line number="185" hits="20" branch="False" />
                <line number="186" hits="23" branch="False" />
              </lines>
            </method>
            <method name="ValidateGeneralData" signature="(Scheduler.Configuration)" line-rate="1" branch-rate="1" complexity="1">
              <lines>
                <line number="189" hits="41" branch="False" />
                <line number="190" hits="41" branch="False" />
                <line number="191" hits="40" branch="False" />
                <line number="192" hits="39" branch="False" />
                <line number="193" hits="39" branch="False" />
              </lines>
            </method>
            <method name="ValidateTypeOfSchedule" signature="(System.Nullable`1&lt;Scheduler.Auxiliar.Mode&gt;)" line-rate="1" branch-rate="1" complexity="2">
              <lines>
                <line number="196" hits="41" branch="False" />
                <line number="197" hits="41" branch="True" condition-coverage="100% (2/2)">
                  <conditions>
                    <condition number="13" type="jump" coverage="100%" />
                  </conditions>
                </line>
                <line number="198" hits="1" branch="False" />
                <line number="199" hits="1" branch="False" />
                <line number="201" hits="40" branch="False" />
              </lines>
            </method>
            <method name="GetNextDateWeekly" signature="(Scheduler.Configuration,System.DateTime)" line-rate="1" branch-rate="1" complexity="4">
              <lines>
                <line number="204" hits="18" branch="False" />
                <line number="205" hits="18" branch="True" condition-coverage="100% (2/2)">
                  <conditions>
                    <condition number="20" type="jump" coverage="100%" />
                  </conditions>
                </line>
                <line number="206" hits="1" branch="False" />
                <line number="207" hits="1" branch="False" />
                <line number="210" hits="17" branch="True" condition-coverage="100% (2/2)">
                  <conditions>
                    <condition number="45" type="jump" coverage="100%" />
                  </conditions>
                </line>
                <line number="211" hits="4" branch="False" />
                <line number="212" hits="4" branch="False" />
                <line number="214" hits="13" branch="False" />
                <line number="215" hits="11" branch="False" />
              </lines>
            </method>
            <method name="GetNextDateWeeklyWithDailyFrecuency" signature="(Scheduler.Configuration,System.DateTime)" line-rate="1" branch-rate="1" complexity="12">
              <lines>
                <line number="218" hits="13" branch="False" />
                <line number="219" hits="13" branch="True" condition-coverage="100% (2/2)">
                  <conditions>
                    <condition number="16" type="jump" coverage="100%" />
                  </conditions>
                </line>
                <line number="220" hits="13" branch="True" condition-coverage="100% (2/2)">
                  <conditions>
                    <condition number="48" type="jump" coverage="100%" />
                  </conditions>
                </line>
                <line number="222" hits="13" branch="False" />
                <line number="225" hits="7" branch="True" condition-coverage="100% (4/4)">
                  <conditions>
                    <condition number="89" type="jump" coverage="100%" />
                    <condition number="116" type="jump" coverage="100%" />
                  </conditions>
                </line>
                <line number="226" hits="4" branch="False" />
                <line number="227" hits="4" branch="False" />
                <line number="228" hits="4" branch="True" condition-coverage="100% (2/2)">
                  <conditions>
                    <condition number="142" type="jump" coverage="100%" />
                  </conditions>
                </line>
                <line number="229" hits="3" branch="False" />
                <line number="230" hits="3" branch="False" />
                <line number="232" hits="1" branch="False" />
                <line number="234" hits="4" branch="False" />
                <line number="235" hits="4" branch="False" />
                <line number="236" hits="4" branch="True" condition-coverage="100% (2/2)">
                  <conditions>
                    <condition number="199" type="jump" coverage="100%" />
                  </conditions>
                </line>
                <line number="237" hits="2" branch="False" />
                <line number="238" hits="2" branch="False" />
                <line number="242" hits="2" branch="False" />
                <line number="243" hits="2" branch="False" />
                <line number="244" hits="2" branch="False" />
                <line number="245" hits="7" branch="False" />
              </lines>
            </method>
            <method name="GetNextDateWeeklyWithDailyFrecuencyMessage" signature="(Scheduler.Configuration,System.DateTime)" line-rate="1" branch-rate="1" complexity="1">
              <lines>
                <line number="248" hits="13" branch="False" />
                <line number="249" hits="13" branch="False" />
                <line number="250" hits="7" branch="False" />
                <line number="251" hits="7" branch="False" />
                <line number="252" hits="7" branch="False" />
                <line number="253" hits="7" branch="False" />
              </lines>
            </method>
            <method name="GetNextDayInWeek" signature="(Scheduler.Week,System.DateTime,System.DayOfWeek[])" line-rate="1" branch-rate="1" complexity="6">
              <lines>
                <line number="257" hits="9" branch="False" />
                <line number="258" hits="109" branch="True" condition-coverage="100% (2/2)">
                  <conditions>
                    <condition number="71" type="jump" coverage="100%" />
                  </conditions>
                </line>
                <line number="259" hits="44" branch="False" />
                <line number="260" hits="44" branch="True" condition-coverage="100% (4/4)">
                  <conditions>
                    <condition number="29" type="jump" coverage="100%" />
                    <condition number="49" type="jump" coverage="100%" />
                  </conditions>
                </line>
                <line number="261" hits="6" branch="False" />
                <line number="262" hits="6" branch="False" />
                <line number="264" hits="38" branch="False" />
                <line number="265" hits="3" branch="False" />
                <line number="266" hits="9" branch="False" />
              </lines>
            </method>
            <method name="GetNextDateWeeklyOnceMessage" signature="(Scheduler.Configuration,System.DateTime)" line-rate="1" branch-rate="0.9285" complexity="14">
              <lines>
                <line number="269" hits="4" branch="False" />
                <line number="270" hits="4" branch="False" />
                <line number="271" hits="4" branch="True" condition-coverage="100% (2/2)">
                  <conditions>
                    <condition number="23" type="jump" coverage="100%" />
                  </conditions>
                </line>
                <line number="272" hits="2" branch="False" />
                <line number="273" hits="2" branch="True" condition-coverage="87.5% (7/8)">
                  <conditions>
                    <condition number="43" type="jump" coverage="100%" />
                    <condition number="73" type="jump" coverage="50%" />
                    <condition number="92" type="jump" coverage="100%" />
                    <condition number="116" type="jump" coverage="100%" />
                  </conditions>
                </line>
                <line number="274" hits="2" branch="False" />
                <line number="275" hits="2" branch="False" />
                <line number="276" hits="2" branch="False" />
                <line number="277" hits="2" branch="False" />
                <line number="278" hits="2" branch="False" />
                <line number="279" hits="4" branch="True" condition-coverage="100% (2/2)">
                  <conditions>
                    <condition number="147" type="jump" coverage="100%" />
                  </conditions>
                </line>
                <line number="280" hits="2" branch="False" />
                <line number="281" hits="2" branch="False" />
                <line number="282" hits="2" branch="False" />
                <line number="283" hits="2" branch="True" condition-coverage="100% (2/2)">
                  <conditions>
                    <condition number="188" type="jump" coverage="100%" />
                  </conditions>
                </line>
                <line number="284" hits="1" branch="False" />
                <line number="285" hits="1" branch="False" />
                <line number="286" hits="1" branch="False" />
                <line number="287" hits="1" branch="False" />
                <line number="289" hits="2" branch="False" />
                <line number="290" hits="2" branch="False" />
                <line number="291" hits="4" branch="False" />
                <line number="292" hits="4" branch="False" />
                <line number="293" hits="4" branch="False" />
              </lines>
            </method>
          </methods>
          <lines>
            <line number="12" hits="41" branch="False" />
            <line number="13" hits="41" branch="False" />
            <line number="15" hits="39" branch="True" condition-coverage="100% (2/2)">
              <conditions>
                <condition number="37" type="jump" coverage="100%" />
              </conditions>
            </line>
            <line number="16" hits="10" branch="False" />
            <line number="17" hits="10" branch="False" />
            <line number="19" hits="29" branch="False" />
            <line number="20" hits="27" branch="False" />
            <line number="23" hits="29" branch="False" />
            <line number="24" hits="29" branch="True" condition-coverage="100% (4/4)">
              <conditions>
                <condition number="15" type="jump" coverage="100%" />
                <condition number="47" type="jump" coverage="100%" />
              </conditions>
            </line>
            <line number="25" hits="29" branch="False" />
            <line number="26" hits="29" branch="False" />
            <line number="28" hits="29" branch="True" condition-coverage="100% (2/2)">
              <conditions>
                <condition number="108" type="jump" coverage="100%" />
              </conditions>
            </line>
            <line number="29" hits="11" branch="False" />
            <line number="30" hits="11" branch="False" />
            <line number="32" hits="18" branch="False" />
            <line number="33" hits="18" branch="False" />
            <line number="36" hits="11" branch="False" />
            <line number="37" hits="11" branch="True" condition-coverage="100% (2/2)">
              <conditions>
                <condition number="20" type="jump" coverage="100%" />
              </conditions>
            </line>
            <line number="38" hits="1" branch="False" />
            <line number="39" hits="1" branch="False" />
            <line number="41" hits="10" branch="True" condition-coverage="100% (2/2)">
              <conditions>
                <condition number="50" type="jump" coverage="100%" />
              </conditions>
            </line>
            <line number="42" hits="4" branch="False" />
            <line number="43" hits="4" branch="False" />
            <line number="45" hits="6" branch="False" />
            <line number="46" hits="7" branch="False" />
            <line number="49" hits="4" branch="False" />
            <line number="52" hits="4" branch="True" condition-coverage="80% (8/10)">
              <conditions>
                <condition number="20" type="jump" coverage="50%" />
                <condition number="47" type="jump" coverage="100%" />
                <condition number="64" type="jump" coverage="100%" />
                <condition number="84" type="jump" coverage="50%" />
                <condition number="111" type="jump" coverage="100%" />
              </conditions>
            </line>
            <line number="53" hits="4" branch="False" />
            <line number="54" hits="2" branch="False" />
            <line number="55" hits="2" branch="False" />
            <line number="56" hits="2" branch="False" />
            <line number="58" hits="2" branch="False" />
            <line number="59" hits="2" branch="False" />
            <line number="60" hits="2" branch="False" />
            <line number="61" hits="4" branch="False" />
            <line number="62" hits="4" branch="False" />
            <line number="63" hits="4" branch="False" />
            <line number="66" hits="6" branch="False" />
            <line number="67" hits="6" branch="True" condition-coverage="100% (2/2)">
              <conditions>
                <condition number="16" type="jump" coverage="100%" />
              </conditions>
            </line>
            <line number="68" hits="6" branch="True" condition-coverage="100% (2/2)">
              <conditions>
                <condition number="48" type="jump" coverage="100%" />
              </conditions>
            </line>
            <line number="70" hits="6" branch="False" />
            <line number="72" hits="3" branch="False" />
            <line number="74" hits="3" branch="True" condition-coverage="100% (2/2)">
              <conditions>
                <condition number="95" type="jump" coverage="100%" />
              </conditions>
            </line>
            <line number="75" hits="3" branch="False" />
            <line number="76" hits="3" branch="False" />
            <line number="77" hits="3" branch="False" />
            <line number="78" hits="3" branch="True" condition-coverage="100% (2/2)">
              <conditions>
                <condition number="122" type="jump" coverage="100%" />
              </conditions>
            </line>
            <line number="79" hits="2" branch="False" />
            <line number="80" hits="2" branch="False" />
            <line number="81" hits="2" branch="False" />
            <line number="82" hits="2" branch="False" />
            <line number="84" hits="3" branch="False" />
            <line number="85" hits="3" branch="False" />
            <line number="86" hits="3" branch="False" />
            <line number="87" hits="3" branch="False" />
            <line number="90" hits="7" branch="False" />
            <line number="91" hits="7" branch="True" condition-coverage="75% (3/4)">
              <conditions>
                <condition number="17" type="jump" coverage="50%" />
                <condition number="37" type="jump" coverage="100%" />
              </conditions>
            </line>
            <line number="92" hits="6" branch="False" />
            <line number="93" hits="6" branch="False" />
            <line number="94" hits="6" branch="True" condition-coverage="100% (2/2)">
              <conditions>
                <condition number="61" type="jump" coverage="100%" />
              </conditions>
            </line>
            <line number="95" hits="4" branch="False" />
            <line number="96" hits="4" branch="False" />
            <line number="98" hits="2" branch="False" />
            <line number="99" hits="3" branch="False" />
            <line number="100" hits="7" branch="False" />
            <line number="103" hits="6" branch="False" />
            <line number="104" hits="6" branch="False" />
            <line number="105" hits="6" branch="False" />
            <line number="106" hits="20" branch="True" condition-coverage="100% (2/2)">
              <conditions>
                <condition number="89" type="jump" coverage="100%" />
              </conditions>
            </line>
            <line number="107" hits="18" branch="False" />
            <line number="108" hits="18" branch="True" condition-coverage="75% (3/4)">
              <conditions>
                <condition number="31" type="jump" coverage="50%" />
                <condition number="51" type="jump" coverage="100%" />
              </conditions>
            </line>
            <line number="109" hits="14" branch="False" />
            <line number="110" hits="14" branch="False" />
            <line number="111" hits="14" branch="False" />
            <line number="113" hits="4" branch="False" />
            <line number="114" hits="4" branch="False" />
            <line number="115" hits="4" branch="False" />
            <line number="117" hits="14" branch="False" />
            <line number="118" hits="6" branch="False" />
            <line number="119" hits="6" branch="False" />
            <line number="122" hits="19" branch="False" />
            <line number="123" hits="19" branch="False" />
            <line number="125" hits="19" branch="True" condition-coverage="100% (4/4)">
              <conditions>
                <condition number="19" type="switch" coverage="100%" />
              </conditions>
            </line>
            <line number="128" hits="9" branch="True" condition-coverage="100% (2/2)">
              <conditions>
                <condition number="61" type="jump" coverage="100%" />
              </conditions>
            </line>
            <line number="129" hits="1" branch="False" />
            <line number="130" hits="1" branch="False" />
            <line number="132" hits="8" branch="True" condition-coverage="100% (4/4)">
              <conditions>
                <condition number="96" type="jump" coverage="100%" />
                <condition number="127" type="jump" coverage="100%" />
              </conditions>
            </line>
            <line number="133" hits="2" branch="False" />
            <line number="134" hits="2" branch="False" />
            <line number="136" hits="6" branch="False" />
            <line number="137" hits="6" branch="False" />
            <line number="139" hits="6" branch="True" condition-coverage="100% (2/2)">
              <conditions>
                <condition number="197" type="jump" coverage="100%" />
              </conditions>
            </line>
            <line number="140" hits="1" branch="False" />
            <line number="141" hits="1" branch="False" />
            <line number="143" hits="5" branch="True" condition-coverage="100% (4/4)">
              <conditions>
                <condition number="232" type="jump" coverage="100%" />
                <condition number="266" type="jump" coverage="100%" />
              </conditions>
            </line>
            <line number="144" hits="2" branch="False" />
            <line number="145" hits="2" branch="False" />
            <line number="147" hits="3" branch="False" />
            <line number="148" hits="3" branch="False" />
            <line number="150" hits="4" branch="True" condition-coverage="100% (2/2)">
              <conditions>
                <condition number="336" type="jump" coverage="100%" />
              </conditions>
            </line>
            <line number="151" hits="1" branch="False" />
            <line number="152" hits="1" branch="False" />
            <line number="154" hits="3" branch="True" condition-coverage="100% (4/4)">
              <conditions>
                <condition number="371" type="jump" coverage="100%" />
                <condition number="405" type="jump" coverage="100%" />
              </conditions>
            </line>
            <line number="155" hits="2" branch="False" />
            <line number="156" hits="2" branch="False" />
            <line number="158" hits="1" branch="False" />
            <line number="159" hits="1" branch="False" />
            <line number="161" hits="10" branch="False" />
            <line number="162" hits="10" branch="False" />
            <line number="165" hits="10" branch="False" />
            <line number="166" hits="10" branch="True" condition-coverage="100% (2/2)">
              <conditions>
                <condition number="12" type="jump" coverage="100%" />
              </conditions>
            </line>
            <line number="167" hits="1" branch="False" />
            <line number="168" hits="1" branch="False" />
            <line number="171" hits="9" branch="False" />
            <line number="172" hits="9" branch="False" />
            <line number="173" hits="9" branch="False" />
            <line number="176" hits="23" branch="False" />
            <line number="177" hits="23" branch="True" condition-coverage="100% (2/2)">
              <conditions>
                <condition number="10" type="jump" coverage="100%" />
              </conditions>
            </line>
            <line number="178" hits="23" branch="True" condition-coverage="100% (2/2)">
              <conditions>
                <condition number="36" type="jump" coverage="100%" />
              </conditions>
            </line>
            <line number="180" hits="23" branch="True" condition-coverage="100% (6/6)">
              <conditions>
                <condition number="60" type="jump" coverage="100%" />
                <condition number="74" type="jump" coverage="100%" />
                <condition number="96" type="jump" coverage="100%" />
              </conditions>
            </line>
            <line number="181" hits="23" branch="False" />
            <line number="182" hits="3" branch="False" />
            <line number="183" hits="3" branch="False" />
            <line number="185" hits="20" branch="False" />
            <line number="186" hits="23" branch="False" />
            <line number="189" hits="41" branch="False" />
            <line number="190" hits="41" branch="False" />
            <line number="191" hits="40" branch="False" />
            <line number="192" hits="39" branch="False" />
            <line number="193" hits="39" branch="False" />
            <line number="196" hits="41" branch="False" />
            <line number="197" hits="41" branch="True" condition-coverage="100% (2/2)">
              <conditions>
                <condition number="13" type="jump" coverage="100%" />
              </conditions>
            </line>
            <line number="198" hits="1" branch="False" />
            <line number="199" hits="1" branch="False" />
            <line number="201" hits="40" branch="False" />
            <line number="204" hits="18" branch="False" />
            <line number="205" hits="18" branch="True" condition-coverage="100% (2/2)">
              <conditions>
                <condition number="20" type="jump" coverage="100%" />
              </conditions>
            </line>
            <line number="206" hits="1" branch="False" />
            <line number="207" hits="1" branch="False" />
            <line number="210" hits="17" branch="True" condition-coverage="100% (2/2)">
              <conditions>
                <condition number="45" type="jump" coverage="100%" />
              </conditions>
            </line>
            <line number="211" hits="4" branch="False" />
            <line number="212" hits="4" branch="False" />
            <line number="214" hits="13" branch="False" />
            <line number="215" hits="11" branch="False" />
            <line number="218" hits="13" branch="False" />
            <line number="219" hits="13" branch="True" condition-coverage="100% (2/2)">
              <conditions>
                <condition number="16" type="jump" coverage="100%" />
              </conditions>
            </line>
            <line number="220" hits="13" branch="True" condition-coverage="100% (2/2)">
              <conditions>
                <condition number="48" type="jump" coverage="100%" />
              </conditions>
            </line>
            <line number="222" hits="13" branch="False" />
            <line number="225" hits="7" branch="True" condition-coverage="100% (4/4)">
              <conditions>
                <condition number="89" type="jump" coverage="100%" />
                <condition number="116" type="jump" coverage="100%" />
              </conditions>
            </line>
            <line number="226" hits="4" branch="False" />
            <line number="227" hits="4" branch="False" />
            <line number="228" hits="4" branch="True" condition-coverage="100% (2/2)">
              <conditions>
                <condition number="142" type="jump" coverage="100%" />
              </conditions>
            </line>
            <line number="229" hits="3" branch="False" />
            <line number="230" hits="3" branch="False" />
            <line number="232" hits="1" branch="False" />
            <line number="234" hits="4" branch="False" />
            <line number="235" hits="4" branch="False" />
            <line number="236" hits="4" branch="True" condition-coverage="100% (2/2)">
              <conditions>
                <condition number="199" type="jump" coverage="100%" />
              </conditions>
            </line>
            <line number="237" hits="2" branch="False" />
            <line number="238" hits="2" branch="False" />
            <line number="242" hits="2" branch="False" />
            <line number="243" hits="2" branch="False" />
            <line number="244" hits="2" branch="False" />
            <line number="245" hits="7" branch="False" />
            <line number="248" hits="13" branch="False" />
            <line number="249" hits="13" branch="False" />
            <line number="250" hits="7" branch="False" />
            <line number="251" hits="7" branch="False" />
            <line number="252" hits="7" branch="False" />
            <line number="253" hits="7" branch="False" />
            <line number="257" hits="9" branch="False" />
            <line number="258" hits="109" branch="True" condition-coverage="100% (2/2)">
              <conditions>
                <condition number="71" type="jump" coverage="100%" />
              </conditions>
            </line>
            <line number="259" hits="44" branch="False" />
            <line number="260" hits="44" branch="True" condition-coverage="100% (4/4)">
              <conditions>
                <condition number="29" type="jump" coverage="100%" />
                <condition number="49" type="jump" coverage="100%" />
              </conditions>
            </line>
            <line number="261" hits="6" branch="False" />
            <line number="262" hits="6" branch="False" />
            <line number="264" hits="38" branch="False" />
            <line number="265" hits="3" branch="False" />
            <line number="266" hits="9" branch="False" />
            <line number="269" hits="4" branch="False" />
            <line number="270" hits="4" branch="False" />
            <line number="271" hits="4" branch="True" condition-coverage="100% (2/2)">
              <conditions>
                <condition number="23" type="jump" coverage="100%" />
              </conditions>
            </line>
            <line number="272" hits="2" branch="False" />
            <line number="273" hits="2" branch="True" condition-coverage="87.5% (7/8)">
              <conditions>
                <condition number="43" type="jump" coverage="100%" />
                <condition number="73" type="jump" coverage="50%" />
                <condition number="92" type="jump" coverage="100%" />
                <condition number="116" type="jump" coverage="100%" />
              </conditions>
            </line>
            <line number="274" hits="2" branch="False" />
            <line number="275" hits="2" branch="False" />
            <line number="276" hits="2" branch="False" />
            <line number="277" hits="2" branch="False" />
            <line number="278" hits="2" branch="False" />
            <line number="279" hits="4" branch="True" condition-coverage="100% (2/2)">
              <conditions>
                <condition number="147" type="jump" coverage="100%" />
              </conditions>
            </line>
            <line number="280" hits="2" branch="False" />
            <line number="281" hits="2" branch="False" />
            <line number="282" hits="2" branch="False" />
            <line number="283" hits="2" branch="True" condition-coverage="100% (2/2)">
              <conditions>
                <condition number="188" type="jump" coverage="100%" />
              </conditions>
            </line>
            <line number="284" hits="1" branch="False" />
            <line number="285" hits="1" branch="False" />
            <line number="286" hits="1" branch="False" />
            <line number="287" hits="1" branch="False" />
            <line number="289" hits="2" branch="False" />
            <line number="290" hits="2" branch="False" />
            <line number="291" hits="4" branch="False" />
            <line number="292" hits="4" branch="False" />
            <line number="293" hits="4" branch="False" />
          </lines>
        </class>
        <class name="Scheduler.Validator" filename="Scheduler\Validator.cs" line-rate="0.9333" branch-rate="0.8332999999999999" complexity="18">
          <methods>
            <method name="ValidateLimitDates" signature="(System.Nullable`1&lt;System.DateTime&gt;,System.Nullable`1&lt;System.DateTime&gt;)" line-rate="1" branch-rate="0.875" complexity="8">
              <lines>
                <line number="13" hits="41" branch="False" />
                <line number="14" hits="41" branch="True" condition-coverage="87.5% (7/8)">
                  <conditions>
                    <condition number="8" type="jump" coverage="100%" />
                    <condition number="17" type="jump" coverage="100%" />
                    <condition number="38" type="jump" coverage="50%" />
                    <condition number="67" type="jump" coverage="100%" />
                  </conditions>
                </line>
                <line number="15" hits="2" branch="False" />
                <line number="16" hits="2" branch="False" />
                <line number="18" hits="39" branch="False" />
              </lines>
            </method>
            <method name="ValidateLimitHours" signature="(System.Nullable`1&lt;System.TimeSpan&gt;,System.Nullable`1&lt;System.TimeSpan&gt;)" line-rate="1" branch-rate="0.875" complexity="8">
              <lines>
                <line number="21" hits="40" branch="False" />
                <line number="22" hits="40" branch="True" condition-coverage="87.5% (7/8)">
                  <conditions>
                    <condition number="8" type="jump" coverage="100%" />
                    <condition number="17" type="jump" coverage="100%" />
                    <condition number="38" type="jump" coverage="50%" />
                    <condition number="67" type="jump" coverage="100%" />
                  </conditions>
                </line>
                <line number="23" hits="1" branch="False" />
                <line number="24" hits="1" branch="False" />
                <line number="26" hits="39" branch="False" />
              </lines>
            </method>
            <method name="ValidatePositiveNumber" signature="(System.Int32)" line-rate="0.8" branch-rate="0.5" complexity="2">
              <lines>
                <line number="29" hits="2" branch="False" />
                <line number="30" hits="2" branch="True" condition-coverage="50% (1/2)">
                  <conditions>
                    <condition number="10" type="jump" coverage="50%" />
                  </conditions>
                </line>
                <line number="31" hits="2" branch="False" />
                <line number="32" hits="2" branch="False" />
                <line number="34" hits="0" branch="False" />
              </lines>
            </method>
          </methods>
          <lines>
            <line number="13" hits="41" branch="False" />
            <line number="14" hits="41" branch="True" condition-coverage="87.5% (7/8)">
              <conditions>
                <condition number="8" type="jump" coverage="100%" />
                <condition number="17" type="jump" coverage="100%" />
                <condition number="38" type="jump" coverage="50%" />
                <condition number="67" type="jump" coverage="100%" />
              </conditions>
            </line>
            <line number="15" hits="2" branch="False" />
            <line number="16" hits="2" branch="False" />
            <line number="18" hits="39" branch="False" />
            <line number="21" hits="40" branch="False" />
            <line number="22" hits="40" branch="True" condition-coverage="87.5% (7/8)">
              <conditions>
                <condition number="8" type="jump" coverage="100%" />
                <condition number="17" type="jump" coverage="100%" />
                <condition number="38" type="jump" coverage="50%" />
                <condition number="67" type="jump" coverage="100%" />
              </conditions>
            </line>
            <line number="23" hits="1" branch="False" />
            <line number="24" hits="1" branch="False" />
            <line number="26" hits="39" branch="False" />
            <line number="29" hits="2" branch="False" />
            <line number="30" hits="2" branch="True" condition-coverage="50% (1/2)">
              <conditions>
                <condition number="10" type="jump" coverage="50%" />
              </conditions>
            </line>
            <line number="31" hits="2" branch="False" />
            <line number="32" hits="2" branch="False" />
            <line number="34" hits="0" branch="False" />
          </lines>
        </class>
        <class name="Scheduler.Week" filename="Scheduler\Week.cs" line-rate="1" branch-rate="1" complexity="12">
          <methods>
            <method name="get_Monday" signature="()" line-rate="1" branch-rate="1" complexity="1">
              <lines>
                <line number="16" hits="25" branch="False" />
              </lines>
            </method>
            <method name="get_Tuesday" signature="()" line-rate="1" branch-rate="1" complexity="1">
              <lines>
                <line number="17" hits="22" branch="False" />
              </lines>
            </method>
            <method name="get_Wednesday" signature="()" line-rate="1" branch-rate="1" complexity="1">
              <lines>
                <line number="18" hits="22" branch="False" />
              </lines>
            </method>
            <method name="get_Thursday" signature="()" line-rate="1" branch-rate="1" complexity="1">
              <lines>
                <line number="19" hits="22" branch="False" />
              </lines>
            </method>
            <method name="get_Friday" signature="()" line-rate="1" branch-rate="1" complexity="1">
              <lines>
                <line number="20" hits="22" branch="False" />
              </lines>
            </method>
            <method name="get_Saturday" signature="()" line-rate="1" branch-rate="1" complexity="1">
              <lines>
                <line number="21" hits="22" branch="False" />
              </lines>
            </method>
            <method name="get_Sunday" signature="()" line-rate="1" branch-rate="1" complexity="1">
              <lines>
                <line number="22" hits="25" branch="False" />
              </lines>
            </method>
            <method name="get_Days" signature="()" line-rate="1" branch-rate="1" complexity="1">
              <lines>
                <line number="24" hits="22" branch="False" />
              </lines>
            </method>
            <method name="SetDays" signature="(System.DateTime)" line-rate="1" branch-rate="1" complexity="1">
              <lines>
                <line number="27" hits="11" branch="False" />
                <line number="28" hits="11" branch="False" />
                <line number="29" hits="11" branch="False" />
                <line number="30" hits="11" branch="False" />
                <line number="31" hits="11" branch="False" />
                <line number="32" hits="11" branch="False" />
                <line number="33" hits="11" branch="False" />
                <line number="34" hits="11" branch="False" />
                <line number="36" hits="11" branch="False" />
                <line number="37" hits="11" branch="False" />
              </lines>
            </method>
            <method name="GetDay" signature="(System.DayOfWeek)" line-rate="1" branch-rate="1" complexity="1">
              <lines>
                <line number="40" hits="1" branch="False" />
                <line number="41" hits="3" branch="False" />
                <line number="42" hits="1" branch="False" />
              </lines>
            </method>
            <method name="GetNextWeek" signature="(System.Int32)" line-rate="1" branch-rate="1" complexity="1">
              <lines>
                <line number="45" hits="3" branch="False" />
                <line number="46" hits="3" branch="False" />
                <line number="47" hits="3" branch="False" />
              </lines>
            </method>
            <method name=".ctor" signature="(System.DateTime)" line-rate="1" branch-rate="1" complexity="1">
              <lines>
                <line number="11" hits="11" branch="False" />
                <line number="12" hits="11" branch="False" />
                <line number="13" hits="11" branch="False" />
                <line number="14" hits="11" branch="False" />
              </lines>
            </method>
          </methods>
          <lines>
            <line number="16" hits="25" branch="False" />
            <line number="17" hits="22" branch="False" />
            <line number="18" hits="22" branch="False" />
            <line number="19" hits="22" branch="False" />
            <line number="20" hits="22" branch="False" />
            <line number="21" hits="22" branch="False" />
            <line number="22" hits="25" branch="False" />
            <line number="24" hits="22" branch="False" />
            <line number="27" hits="11" branch="False" />
            <line number="28" hits="11" branch="False" />
            <line number="29" hits="11" branch="False" />
            <line number="30" hits="11" branch="False" />
            <line number="31" hits="11" branch="False" />
            <line number="32" hits="11" branch="False" />
            <line number="33" hits="11" branch="False" />
            <line number="34" hits="11" branch="False" />
            <line number="36" hits="11" branch="False" />
            <line number="37" hits="11" branch="False" />
            <line number="40" hits="1" branch="False" />
            <line number="41" hits="3" branch="False" />
            <line number="42" hits="1" branch="False" />
            <line number="45" hits="3" branch="False" />
            <line number="46" hits="3" branch="False" />
            <line number="47" hits="3" branch="False" />
            <line number="11" hits="11" branch="False" />
            <line number="12" hits="11" branch="False" />
            <line number="13" hits="11" branch="False" />
            <line number="14" hits="11" branch="False" />
          </lines>
        </class>
        <class name="Scheduler.Auxiliar.ExceptionMessages" filename="Scheduler\Auxiliar\ExceptionMessages.cs" line-rate="0.8332999999999999" branch-rate="1" complexity="12">
          <methods>
            <method name="get_InvalidHourInterval" signature="()" line-rate="0" branch-rate="1" complexity="1">
              <lines>
                <line number="12" hits="0" branch="False" />
              </lines>
            </method>
            <method name="get_TypeOfScheduleEmpty" signature="()" line-rate="1" branch-rate="1" complexity="1">
              <lines>
                <line number="15" hits="2" branch="False" />
              </lines>
            </method>
            <method name="get_CurrentDateEmpty" signature="()" line-rate="0" branch-rate="1" complexity="1">
              <lines>
                <line number="18" hits="0" branch="False" />
              </lines>
            </method>
            <method name="get_StartDateBiggerThanEndDate" signature="()" line-rate="1" branch-rate="1" complexity="1">
              <lines>
                <line number="21" hits="4" branch="False" />
              </lines>
            </method>
            <method name="get_StartHourBiggerThanEndHour" signature="()" line-rate="1" branch-rate="1" complexity="1">
              <lines>
                <line number="24" hits="2" branch="False" />
              </lines>
            </method>
            <method name="get_ConfigurationDateTimeNull" signature="()" line-rate="1" branch-rate="1" complexity="1">
              <lines>
                <line number="27" hits="2" branch="False" />
              </lines>
            </method>
            <method name="get_TimeIntervalNull" signature="()" line-rate="1" branch-rate="1" complexity="1">
              <lines>
                <line number="30" hits="6" branch="False" />
              </lines>
            </method>
            <method name="get_HourIntervalOutOfRange" signature="()" line-rate="1" branch-rate="1" complexity="1">
              <lines>
                <line number="33" hits="8" branch="False" />
              </lines>
            </method>
            <method name="get_MinuteIntervalOutOfRange" signature="()" line-rate="1" branch-rate="1" complexity="1">
              <lines>
                <line number="36" hits="2" branch="False" />
              </lines>
            </method>
            <method name="get_SecondIntervalOutOfRange" signature="()" line-rate="1" branch-rate="1" complexity="1">
              <lines>
                <line number="39" hits="2" branch="False" />
              </lines>
            </method>
            <method name="get_DailyIntervalNull" signature="()" line-rate="1" branch-rate="1" complexity="1">
              <lines>
                <line number="42" hits="2" branch="False" />
              </lines>
            </method>
            <method name="get_WeeklyIntervalNull" signature="()" line-rate="1" branch-rate="1" complexity="1">
              <lines>
                <line number="45" hits="2" branch="False" />
              </lines>
            </method>
          </methods>
          <lines>
            <line number="12" hits="0" branch="False" />
            <line number="15" hits="2" branch="False" />
            <line number="18" hits="0" branch="False" />
            <line number="21" hits="4" branch="False" />
            <line number="24" hits="2" branch="False" />
            <line number="27" hits="2" branch="False" />
            <line number="30" hits="6" branch="False" />
            <line number="33" hits="8" branch="False" />
            <line number="36" hits="2" branch="False" />
            <line number="39" hits="2" branch="False" />
            <line number="42" hits="2" branch="False" />
            <line number="45" hits="2" branch="False" />
          </lines>
        </class>
        <class name="Scheduler.Auxiliar.OutputMessages" filename="Scheduler\Auxiliar\OutputMessages.cs" line-rate="1" branch-rate="1" complexity="17">
          <methods>
            <method name="GetOutputMessage" signature="(System.String,Scheduler.Date,System.Nullable`1&lt;System.DateTime&gt;,System.Nullable`1&lt;System.DateTime&gt;)" line-rate="1" branch-rate="1" complexity="1">
              <lines>
                <line number="21" hits="9" branch="False" />
                <line number="22" hits="9" branch="False" />
                <line number="24" hits="9" branch="False" />
                <line number="25" hits="9" branch="False" />
                <line number="26" hits="9" branch="False" />
                <line number="27" hits="9" branch="False" />
              </lines>
            </method>
            <method name="GetOutputMessageEveryXDaysOnceADay" signature="(System.Int32,Scheduler.Date,System.Nullable`1&lt;System.DateTime&gt;,System.Nullable`1&lt;System.DateTime&gt;)" line-rate="1" branch-rate="1" complexity="1">
              <lines>
                <line number="30" hits="4" branch="False" />
                <line number="31" hits="4" branch="False" />
                <line number="32" hits="4" branch="False" />
                <line number="33" hits="4" branch="False" />
                <line number="34" hits="4" branch="False" />
                <line number="35" hits="4" branch="False" />
                <line number="36" hits="4" branch="False" />
              </lines>
            </method>
            <method name="GetOutputMessageEveryXDaysDailyRecurring" signature="(System.Int32,Scheduler.Date,System.Nullable`1&lt;System.DateTime&gt;,System.Nullable`1&lt;System.DateTime&gt;,System.Nullable`1&lt;System.TimeSpan&gt;,System.Nullable`1&lt;System.TimeSpan&gt;)" line-rate="1" branch-rate="1" complexity="1">
              <lines>
                <line number="39" hits="3" branch="False" />
                <line number="40" hits="3" branch="False" />
                <line number="41" hits="3" branch="False" />
                <line number="42" hits="3" branch="False" />
                <line number="43" hits="3" branch="False" />
                <line number="44" hits="3" branch="False" />
                <line number="45" hits="3" branch="False" />
                <line number="46" hits="3" branch="False" />
              </lines>
            </method>
            <method name="GetOutPutMessageWeeklyFrecuencyOnceADay" signature="(System.Int32,Scheduler.Date,System.Nullable`1&lt;System.DateTime&gt;,System.Nullable`1&lt;System.DateTime&gt;)" line-rate="1" branch-rate="1" complexity="1">
              <lines>
                <line number="49" hits="4" branch="False" />
                <line number="50" hits="4" branch="False" />
                <line number="51" hits="4" branch="False" />
                <line number="52" hits="4" branch="False" />
                <line number="53" hits="4" branch="False" />
                <line number="54" hits="4" branch="False" />
                <line number="55" hits="4" branch="False" />
              </lines>
            </method>
            <method name="GetOutPutMessageWeeklyFrecuencyDailyRecurring" signature="(System.Int32,Scheduler.Date,System.Nullable`1&lt;System.DateTime&gt;,System.Nullable`1&lt;System.DateTime&gt;,System.Nullable`1&lt;System.TimeSpan&gt;,System.Nullable`1&lt;System.TimeSpan&gt;)" line-rate="1" branch-rate="1" complexity="1">
              <lines>
                <line number="58" hits="7" branch="False" />
                <line number="59" hits="7" branch="False" />
                <line number="60" hits="7" branch="False" />
                <line number="61" hits="7" branch="False" />
                <line number="62" hits="7" branch="False" />
                <line number="63" hits="7" branch="False" />
                <line number="64" hits="7" branch="False" />
                <line number="65" hits="7" branch="False" />
              </lines>
            </method>
            <method name="AppendLimitDates" signature="(System.Text.StringBuilder,System.Nullable`1&lt;System.DateTime&gt;,System.Nullable`1&lt;System.DateTime&gt;)" line-rate="1" branch-rate="1" complexity="4">
              <lines>
                <line number="68" hits="27" branch="False" />
                <line number="69" hits="27" branch="True" condition-coverage="100% (2/2)">
                  <conditions>
                    <condition number="10" type="jump" coverage="100%" />
                  </conditions>
                </line>
                <line number="70" hits="6" branch="False" />
                <line number="71" hits="6" branch="False" />
                <line number="72" hits="6" branch="False" />
                <line number="73" hits="27" branch="True" condition-coverage="100% (2/2)">
                  <conditions>
                    <condition number="55" type="jump" coverage="100%" />
                  </conditions>
                </line>
                <line number="74" hits="3" branch="False" />
                <line number="75" hits="3" branch="False" />
                <line number="76" hits="3" branch="False" />
                <line number="77" hits="27" branch="False" />
                <line number="78" hits="27" branch="False" />
              </lines>
            </method>
            <method name="AppendLimitHours" signature="(System.Text.StringBuilder,System.Nullable`1&lt;System.TimeSpan&gt;,System.Nullable`1&lt;System.TimeSpan&gt;)" line-rate="1" branch-rate="1" complexity="4">
              <lines>
                <line number="81" hits="10" branch="False" />
                <line number="82" hits="10" branch="True" condition-coverage="100% (2/2)">
                  <conditions>
                    <condition number="10" type="jump" coverage="100%" />
                  </conditions>
                </line>
                <line number="83" hits="10" branch="False" />
                <line number="84" hits="10" branch="False" />
                <line number="85" hits="10" branch="False" />
                <line number="86" hits="10" branch="True" condition-coverage="100% (2/2)">
                  <conditions>
                    <condition number="52" type="jump" coverage="100%" />
                  </conditions>
                </line>
                <line number="87" hits="10" branch="False" />
                <line number="88" hits="10" branch="False" />
                <line number="89" hits="10" branch="False" />
                <line number="90" hits="10" branch="False" />
                <line number="91" hits="10" branch="False" />
              </lines>
            </method>
            <method name="GetExpressionFromEveryXDays" signature="(System.Int32)" line-rate="1" branch-rate="1" complexity="2">
              <lines>
                <line number="94" hits="7" branch="False" />
                <line number="95" hits="7" branch="True" condition-coverage="100% (2/2)">
                  <conditions>
                    <condition number="7" type="jump" coverage="100%" />
                  </conditions>
                </line>
                <line number="98" hits="1" branch="False" />
                <line number="100" hits="6" branch="False" />
                <line number="102" hits="7" branch="False" />
              </lines>
            </method>
            <method name="GetExpressionFromEveryXWeeks" signature="(System.Int32)" line-rate="1" branch-rate="1" complexity="2">
              <lines>
                <line number="105" hits="11" branch="False" />
                <line number="106" hits="11" branch="True" condition-coverage="100% (2/2)">
                  <conditions>
                    <condition number="7" type="jump" coverage="100%" />
                  </conditions>
                </line>
                <line number="109" hits="1" branch="False" />
                <line number="111" hits="10" branch="False" />
                <line number="113" hits="11" branch="False" />
              </lines>
            </method>
          </methods>
          <lines>
            <line number="21" hits="9" branch="False" />
            <line number="22" hits="9" branch="False" />
            <line number="24" hits="9" branch="False" />
            <line number="25" hits="9" branch="False" />
            <line number="26" hits="9" branch="False" />
            <line number="27" hits="9" branch="False" />
            <line number="30" hits="4" branch="False" />
            <line number="31" hits="4" branch="False" />
[...]
            <line number="403" hits="1" branch="False" />
            <line number="404" hits="1" branch="False" />
            <line number="405" hits="1" branch="False" />
            <line number="406" hits="1" branch="False" />
            <line number="407" hits="1" branch="False" />
            <line number="408" hits="1" branch="False" />
            <line number="409" hits="1" branch="False" />
            <line number="410" hits="1" branch="False" />
            <line number="411" hits="1" branch="False" />
            <line number="412" hits="1" branch="False" />
            <line number="413" hits="1" branch="False" />
            <line number="414" hits="1" branch="False" />
            <line number="416" hits="1" branch="False" />
            <line number="417" hits="1" branch="False" />
            <line number="421" hits="1" branch="False" />
            <line number="422" hits="1" branch="False" />
            <line number="423" hits="1" branch="False" />
            <line number="424" hits="1" branch="False" />
            <line number="425" hits="1" branch="False" />
            <line number="426" hits="1" branch="False" />
            <line number="427" hits="1" branch="False" />
            <line number="428" hits="1" branch="False" />
            <line number="429" hits="1" branch="False" />
            <line number="430" hits="1" branch="False" />
            <line number="431" hits="1" branch="False" />
            <line number="433" hits="1" branch="False" />
            <line number="434" hits="1" branch="False" />
            <line number="438" hits="1" branch="False" />
            <line number="439" hits="1" branch="False" />
            <line number="440" hits="1" branch="False" />
            <line number="441" hits="1" branch="False" />
            <line number="442" hits="1" branch="False" />
            <line number="443" hits="1" branch="False" />
            <line number="444" hits="1" branch="False" />
            <line number="445" hits="1" branch="False" />
            <line number="446" hits="1" branch="False" />
            <line number="447" hits="1" branch="False" />
            <line number="448" hits="1" branch="False" />
            <line number="449" hits="1" branch="False" />
            <line number="451" hits="1" branch="False" />
            <line number="452" hits="1" branch="False" />
            <line number="456" hits="1" branch="False" />
            <line number="457" hits="1" branch="False" />
            <line number="458" hits="1" branch="False" />
            <line number="459" hits="1" branch="False" />
            <line number="460" hits="1" branch="False" />
            <line number="461" hits="1" branch="False" />
            <line number="462" hits="1" branch="False" />
            <line number="463" hits="1" branch="False" />
            <line number="464" hits="1" branch="False" />
            <line number="465" hits="1" branch="False" />
            <line number="466" hits="1" branch="False" />
            <line number="468" hits="1" branch="False" />
            <line number="469" hits="1" branch="False" />
            <line number="473" hits="1" branch="False" />
            <line number="474" hits="1" branch="False" />
            <line number="475" hits="1" branch="False" />
            <line number="476" hits="1" branch="False" />
            <line number="477" hits="1" branch="False" />
            <line number="478" hits="1" branch="False" />
            <line number="479" hits="1" branch="False" />
            <line number="480" hits="1" branch="False" />
            <line number="481" hits="1" branch="False" />
            <line number="482" hits="1" branch="False" />
            <line number="483" hits="1" branch="False" />
            <line number="485" hits="1" branch="False" />
            <line number="486" hits="1" branch="False" />
            <line number="490" hits="1" branch="False" />
            <line number="491" hits="1" branch="False" />
            <line number="492" hits="1" branch="False" />
            <line number="493" hits="1" branch="False" />
            <line number="494" hits="1" branch="False" />
            <line number="495" hits="1" branch="False" />
            <line number="496" hits="1" branch="False" />
            <line number="497" hits="1" branch="False" />
            <line number="498" hits="1" branch="False" />
            <line number="499" hits="1" branch="False" />
            <line number="500" hits="1" branch="False" />
            <line number="501" hits="1" branch="False" />
            <line number="502" hits="1" branch="False" />
            <line number="504" hits="1" branch="False" />
            <line number="505" hits="1" branch="False" />
            <line number="509" hits="1" branch="False" />
            <line number="510" hits="1" branch="False" />
            <line number="511" hits="1" branch="False" />
            <line number="512" hits="1" branch="False" />
            <line number="513" hits="1" branch="False" />
            <line number="514" hits="1" branch="False" />
            <line number="515" hits="1" branch="False" />
            <line number="516" hits="1" branch="False" />
            <line number="517" hits="1" branch="False" />
            <line number="518" hits="1" branch="False" />
            <line number="519" hits="1" branch="False" />
            <line number="520" hits="1" branch="False" />
            <line number="521" hits="1" branch="False" />
            <line number="522" hits="1" branch="False" />
            <line number="524" hits="1" branch="False" />
            <line number="525" hits="1" branch="False" />
            <line number="529" hits="1" branch="False" />
            <line number="530" hits="1" branch="False" />
            <line number="531" hits="1" branch="False" />
            <line number="532" hits="1" branch="False" />
            <line number="533" hits="1" branch="False" />
            <line number="534" hits="1" branch="False" />
            <line number="535" hits="1" branch="False" />
            <line number="536" hits="1" branch="False" />
            <line number="537" hits="1" branch="False" />
            <line number="538" hits="1" branch="False" />
            <line number="539" hits="1" branch="False" />
            <line number="540" hits="1" branch="False" />
            <line number="541" hits="1" branch="False" />
            <line number="542" hits="1" branch="False" />
            <line number="544" hits="1" branch="False" />
            <line number="545" hits="1" branch="False" />
            <line number="549" hits="1" branch="False" />
            <line number="550" hits="1" branch="False" />
            <line number="551" hits="1" branch="False" />
            <line number="552" hits="1" branch="False" />
            <line number="553" hits="1" branch="False" />
            <line number="554" hits="1" branch="False" />
            <line number="555" hits="1" branch="False" />
            <line number="556" hits="1" branch="False" />
            <line number="557" hits="1" branch="False" />
            <line number="558" hits="1" branch="False" />
            <line number="559" hits="1" branch="False" />
            <line number="560" hits="1" branch="False" />
            <line number="561" hits="1" branch="False" />
            <line number="563" hits="1" branch="False" />
            <line number="564" hits="1" branch="False" />
            <line number="568" hits="1" branch="False" />
            <line number="569" hits="1" branch="False" />
            <line number="570" hits="1" branch="False" />
            <line number="571" hits="1" branch="False" />
            <line number="572" hits="1" branch="False" />
            <line number="573" hits="1" branch="False" />
            <line number="574" hits="1" branch="False" />
            <line number="575" hits="1" branch="False" />
            <line number="576" hits="1" branch="False" />
            <line number="578" hits="2" branch="False" />
            <line number="579" hits="1" branch="False" />
            <line number="580" hits="1" branch="False" />
            <line number="584" hits="1" branch="False" />
            <line number="585" hits="1" branch="False" />
            <line number="586" hits="1" branch="False" />
            <line number="587" hits="1" branch="False" />
            <line number="588" hits="1" branch="False" />
            <line number="589" hits="1" branch="False" />
            <line number="590" hits="1" branch="False" />
            <line number="591" hits="1" branch="False" />
            <line number="592" hits="1" branch="False" />
            <line number="593" hits="1" branch="False" />
            <line number="594" hits="1" branch="False" />
            <line number="595" hits="1" branch="False" />
            <line number="597" hits="2" branch="False" />
            <line number="598" hits="1" branch="False" />
            <line number="599" hits="1" branch="False" />
            <line number="603" hits="1" branch="False" />
            <line number="604" hits="1" branch="False" />
            <line number="605" hits="1" branch="False" />
            <line number="606" hits="1" branch="False" />
            <line number="607" hits="1" branch="False" />
            <line number="608" hits="1" branch="False" />
            <line number="609" hits="1" branch="False" />
            <line number="610" hits="1" branch="False" />
            <line number="611" hits="1" branch="False" />
            <line number="612" hits="1" branch="False" />
            <line number="613" hits="1" branch="False" />
            <line number="614" hits="1" branch="False" />
            <line number="616" hits="2" branch="False" />
            <line number="617" hits="1" branch="False" />
            <line number="618" hits="1" branch="False" />
            <line number="622" hits="1" branch="False" />
            <line number="623" hits="1" branch="False" />
            <line number="624" hits="1" branch="False" />
            <line number="625" hits="1" branch="False" />
            <line number="626" hits="1" branch="False" />
            <line number="627" hits="1" branch="False" />
            <line number="628" hits="1" branch="False" />
            <line number="629" hits="1" branch="False" />
            <line number="630" hits="1" branch="False" />
            <line number="631" hits="1" branch="False" />
            <line number="632" hits="1" branch="False" />
            <line number="633" hits="1" branch="False" />
            <line number="635" hits="2" branch="False" />
            <line number="636" hits="1" branch="False" />
            <line number="637" hits="1" branch="False" />
            <line number="641" hits="1" branch="False" />
            <line number="642" hits="1" branch="False" />
            <line number="643" hits="1" branch="False" />
            <line number="644" hits="1" branch="False" />
            <line number="645" hits="1" branch="False" />
            <line number="646" hits="1" branch="False" />
            <line number="647" hits="1" branch="False" />
            <line number="648" hits="1" branch="False" />
            <line number="649" hits="1" branch="False" />
            <line number="650" hits="1" branch="False" />
            <line number="651" hits="1" branch="False" />
            <line number="652" hits="1" branch="False" />
            <line number="654" hits="2" branch="False" />
            <line number="655" hits="1" branch="False" />
            <line number="656" hits="1" branch="False" />
            <line number="660" hits="1" branch="False" />
            <line number="661" hits="1" branch="False" />
            <line number="662" hits="1" branch="False" />
            <line number="663" hits="1" branch="False" />
            <line number="664" hits="1" branch="False" />
            <line number="665" hits="1" branch="False" />
            <line number="666" hits="1" branch="False" />
            <line number="667" hits="1" branch="False" />
            <line number="668" hits="1" branch="False" />
            <line number="669" hits="1" branch="False" />
            <line number="670" hits="1" branch="False" />
            <line number="671" hits="1" branch="False" />
            <line number="673" hits="2" branch="False" />
            <line number="674" hits="1" branch="False" />
            <line number="675" hits="1" branch="False" />
            <line number="679" hits="1" branch="False" />
            <line number="680" hits="1" branch="False" />
            <line number="681" hits="1" branch="False" />
            <line number="682" hits="1" branch="False" />
            <line number="683" hits="1" branch="False" />
            <line number="684" hits="1" branch="False" />
            <line number="685" hits="1" branch="False" />
            <line number="686" hits="1" branch="False" />
            <line number="687" hits="1" branch="False" />
            <line number="688" hits="1" branch="False" />
            <line number="689" hits="1" branch="False" />
            <line number="690" hits="1" branch="False" />
            <line number="692" hits="2" branch="False" />
            <line number="693" hits="1" branch="False" />
            <line number="694" hits="1" branch="False" />
          </lines>
        </class>
        <class name="Scheduler.Test.ValidatorTest" filename="Scheduler.Test\ValidatorTest.cs" line-rate="1" branch-rate="1" complexity="3">
          <methods>
            <method name="Start_Date_Bigger_Than_End_Date_Should_Throw_Exception" signature="()" line-rate="1" branch-rate="1" complexity="1">
              <lines>
                <line number="17" hits="1" branch="False" />
                <line number="18" hits="1" branch="False" />
                <line number="19" hits="1" branch="False" />
                <line number="21" hits="2" branch="False" />
                <line number="23" hits="1" branch="False" />
                <line number="24" hits="1" branch="False" />
              </lines>
            </method>
            <method name="Start_Hour_Bigger_Than_End_Hour_Should_Throw_Exception" signature="()" line-rate="1" branch-rate="1" complexity="1">
              <lines>
                <line number="28" hits="1" branch="False" />
                <line number="29" hits="1" branch="False" />
                <line number="30" hits="1" branch="False" />
                <line number="32" hits="2" branch="False" />
                <line number="34" hits="1" branch="False" />
                <line number="35" hits="1" branch="False" />
              </lines>
            </method>
            <method name="Not_positive_number_in_positive_number_field_should_throw_exception" signature="(System.Int32)" line-rate="1" branch-rate="1" complexity="1">
              <lines>
                <line number="41" hits="2" branch="False" />
                <line number="42" hits="4" branch="False" />
                <line number="44" hits="2" branch="False" />
                <line number="45" hits="2" branch="False" />
              </lines>
            </method>
          </methods>
          <lines>
            <line number="17" hits="1" branch="False" />
            <line number="18" hits="1" branch="False" />
            <line number="19" hits="1" branch="False" />
            <line number="21" hits="2" branch="False" />
            <line number="23" hits="1" branch="False" />
            <line number="24" hits="1" branch="False" />
            <line number="28" hits="1" branch="False" />
            <line number="29" hits="1" branch="False" />
            <line number="30" hits="1" branch="False" />
            <line number="32" hits="2" branch="False" />
            <line number="34" hits="1" branch="False" />
            <line number="35" hits="1" branch="False" />
            <line number="41" hits="2" branch="False" />
            <line number="42" hits="4" branch="False" />
            <line number="44" hits="2" branch="False" />
            <line number="45" hits="2" branch="False" />
          </lines>
        </class>
        <class name="Scheduler.Test.WeekTest" filename="Scheduler.Test\WeekTest.cs" line-rate="1" branch-rate="1" complexity="3">
          <methods>
            <method name="Days_of_week_of_the_day_should_be_correct" signature="()" line-rate="1" branch-rate="1" complexity="2">
              <lines>
                <line number="15" hits="1" branch="False" />
                <line number="16" hits="1" branch="False" />
                <line number="17" hits="1" branch="False" />
                <line number="18" hits="1" branch="False" />
                <line number="19" hits="1" branch="False" />
                <line number="20" hits="1" branch="False" />
                <line number="21" hits="1" branch="False" />
                <line number="22" hits="1" branch="False" />
                <line number="23" hits="1" branch="False" />
                <line number="24" hits="1" branch="False" />
                <line number="25" hits="1" branch="False" />
                <line number="26" hits="1" branch="False" />
                <line number="28" hits="1" branch="False" />
                <line number="30" hits="1" branch="False" />
                <line number="32" hits="16" branch="True" condition-coverage="100% (2/2)">
                  <conditions>
                    <condition number="238" type="jump" coverage="100%" />
                  </conditions>
                </line>
                <line number="33" hits="7" branch="False" />
                <line number="34" hits="7" branch="False" />
                <line number="35" hits="7" branch="False" />
                <line number="36" hits="1" branch="False" />
              </lines>
            </method>
            <method name="Week_should_return_day_of_day_of_week" signature="()" line-rate="1" branch-rate="1" complexity="1">
              <lines>
                <line number="40" hits="1" branch="False" />
                <line number="41" hits="1" branch="False" />
                <line number="42" hits="1" branch="False" />
                <line number="43" hits="1" branch="False" />
              </lines>
            </method>
          </methods>
          <lines>
            <line number="15" hits="1" branch="False" />
            <line number="16" hits="1" branch="False" />
            <line number="17" hits="1" branch="False" />
            <line number="18" hits="1" branch="False" />
            <line number="19" hits="1" branch="False" />
            <line number="20" hits="1" branch="False" />
            <line number="21" hits="1" branch="False" />
            <line number="22" hits="1" branch="False" />
            <line number="23" hits="1" branch="False" />
            <line number="24" hits="1" branch="False" />
            <line number="25" hits="1" branch="False" />
            <line number="26" hits="1" branch="False" />
            <line number="28" hits="1" branch="False" />
            <line number="30" hits="1" branch="False" />
            <line number="32" hits="16" branch="True" condition-coverage="100% (2/2)">
              <conditions>
                <condition number="238" type="jump" coverage="100%" />
              </conditions>
            </line>
            <line number="33" hits="7" branch="False" />
            <line number="34" hits="7" branch="False" />
            <line number="35" hits="7" branch="False" />
            <line number="36" hits="1" branch="False" />
            <line number="40" hits="1" branch="False" />
            <line number="41" hits="1" branch="False" />
            <line number="42" hits="1" branch="False" />
            <line number="43" hits="1" branch="False" />
          </lines>
        </class>
      </classes>
    </package>
  </packages>
</coverage>